<?xml version="1.0" encoding="UTF-8"?>
<coverage generated="1711568847408" clover="4.4.1">
   <project name="app" timestamp="1711568847132">
      <metrics coveredelements="380" complexity="213" loc="1924" methods="139" classes="16" statements="529" packages="1" coveredconditionals="33" coveredmethods="89" elements="764" ncloc="1029" files="16" conditionals="96" coveredstatements="258"/>
      <package name="edu.duke.ece651.team2.attendancemanager">
         <metrics coveredelements="380" complexity="213" loc="1924" methods="139" classes="16" statements="529" coveredconditionals="33" coveredmethods="89" elements="764" ncloc="1029" files="16" conditionals="96" coveredstatements="258"/>
         <file path="/Users/louiseli/Desktop/Assignments/ECE/ECE651/project-team-2/app/src/main/java/edu/duke/ece651/team2/attendancemanager/EventManager.java" name="EventManager.java">
            <metrics coveredelements="7" coveredconditionals="0" complexity="3" loc="41" coveredmethods="3" methods="3" elements="7" classes="1" ncloc="16" statements="4" conditionals="0" coveredstatements="4"/>
            <class name="EventManager">
               <metrics coveredelements="7" coveredconditionals="0" complexity="3" coveredmethods="3" methods="3" elements="7" statements="4" conditionals="0" coveredstatements="4"/>
            </class>
            <line complexity="1" visibility="public" signature="subscribe(EventListener) : void" num="20" count="2" type="method"/>
            <line num="21" count="2" type="stmt"/>
            <line complexity="1" visibility="public" signature="unsubscribe(EventListener) : void" num="29" count="1" type="method"/>
            <line num="30" count="1" type="stmt"/>
            <line complexity="1" visibility="public" signature="notifyAttendanceChanged() : void" num="36" count="1" type="method"/>
            <line num="37" count="1" type="stmt"/>
            <line num="38" count="1" type="stmt"/>
         </file>
         <file path="/Users/louiseli/Desktop/Assignments/ECE/ECE651/project-team-2/app/src/main/java/edu/duke/ece651/team2/attendancemanager/EmailAlertsListener.java" name="EmailAlertsListener.java">
            <metrics coveredelements="4" coveredconditionals="0" complexity="2" loc="28" coveredmethods="2" methods="2" elements="4" classes="1" ncloc="11" statements="2" conditionals="0" coveredstatements="2"/>
            <class name="EmailAlertsListener">
               <metrics coveredelements="4" coveredconditionals="0" complexity="2" coveredmethods="2" methods="2" elements="4" statements="2" conditionals="0" coveredstatements="2"/>
            </class>
            <line complexity="1" visibility="public" signature="EmailAlertsListener(String)" num="17" count="2" type="method"/>
            <line num="18" count="2" type="stmt"/>
            <line complexity="1" visibility="public" signature="attendanceChanged() : void" num="24" count="1" type="method"/>
            <line num="26" count="1" type="stmt"/>
         </file>
         <file path="/Users/louiseli/Desktop/Assignments/ECE/ECE651/project-team-2/app/src/main/java/edu/duke/ece651/team2/attendancemanager/App.java" name="App.java">
            <metrics coveredelements="0" coveredconditionals="0" complexity="22" loc="165" coveredmethods="0" methods="9" elements="82" classes="1" ncloc="100" statements="65" conditionals="8" coveredstatements="0"/>
            <class name="App">
               <metrics coveredelements="0" coveredconditionals="0" complexity="22" coveredmethods="0" methods="9" elements="82" statements="65" conditionals="8" coveredstatements="0"/>
            </class>
            <line complexity="1" visibility="public" signature="App(Professor,TextUserController)" num="30" count="0" type="method"/>
            <line num="31" count="0" type="stmt"/>
            <line num="32" count="0" type="stmt"/>
            <line complexity="2" visibility="public" signature="addStudentsToCourse() : void" num="40" count="0" type="method"/>
            <line num="41" count="0" type="stmt"/>
            <line num="42" count="0" type="stmt"/>
            <line falsecount="0" truecount="0" num="42" type="cond"/>
            <line num="43" count="0" type="stmt"/>
            <line num="44" count="0" type="stmt"/>
            <line complexity="1" visibility="public" signature="readStatusForStudents(ArrayList&lt;String&gt;,boolean) : ArrayList&lt;AttendanceStatus&gt;" num="55" count="0" type="method"/>
            <line num="56" count="0" type="stmt"/>
            <line num="57" count="0" type="stmt"/>
            <line num="58" count="0" type="stmt"/>
            <line num="60" count="0" type="stmt"/>
            <line complexity="2" visibility="public" signature="startNewLecture() : void" num="68" count="0" type="method"/>
            <line num="69" count="0" type="stmt"/>
            <line num="70" count="0" type="stmt"/>
            <line falsecount="0" truecount="0" num="70" type="cond"/>
            <line num="71" count="0" type="stmt"/>
            <line num="72" count="0" type="stmt"/>
            <line num="73" count="0" type="stmt"/>
            <line num="74" count="0" type="stmt"/>
            <line num="80" count="0" type="stmt"/>
            <line num="81" count="0" type="stmt"/>
            <line complexity="1" visibility="public" signature="updateStudentsRecords() : void" num="85" count="0" type="method"/>
            <line num="86" count="0" type="stmt"/>
            <line complexity="2" visibility="public" signature="displayStudentsFromCourse() : void" num="93" count="0" type="method"/>
            <line num="94" count="0" type="stmt"/>
            <line num="95" count="0" type="stmt"/>
            <line falsecount="0" truecount="0" num="95" type="cond"/>
            <line num="96" count="0" type="stmt"/>
            <line num="97" count="0" type="stmt"/>
            <line complexity="2" visibility="public" signature="changeStudentDisplayName() : void" num="101" count="0" type="method"/>
            <line num="102" count="0" type="stmt"/>
            <line falsecount="0" truecount="0" num="102" type="cond"/>
            <line num="103" count="0" type="stmt"/>
            <line num="105" count="0" type="stmt"/>
            <line complexity="10" visibility="public" signature="welcome() : void" num="114" count="0" type="method"/>
            <line num="115" count="0" type="stmt"/>
            <line num="116" count="0" type="stmt"/>
            <line num="117" count="0" type="stmt"/>
            <line num="118" count="0" type="stmt"/>
            <line num="119" count="0" type="stmt"/>
            <line num="120" count="0" type="stmt"/>
            <line num="121" count="0" type="stmt"/>
            <line num="122" count="0" type="stmt"/>
            <line num="123" count="0" type="stmt"/>
            <line num="124" count="0" type="stmt"/>
            <line num="125" count="0" type="stmt"/>
            <line num="126" count="0" type="stmt"/>
            <line num="127" count="0" type="stmt"/>
            <line num="128" count="0" type="stmt"/>
            <line num="129" count="0" type="stmt"/>
            <line num="130" count="0" type="stmt"/>
            <line num="131" count="0" type="stmt"/>
            <line num="132" count="0" type="stmt"/>
            <line num="133" count="0" type="stmt"/>
            <line num="134" count="0" type="stmt"/>
            <line num="135" count="0" type="stmt"/>
            <line num="136" count="0" type="stmt"/>
            <line num="137" count="0" type="stmt"/>
            <line num="138" count="0" type="stmt"/>
            <line num="139" count="0" type="stmt"/>
            <line num="140" count="0" type="stmt"/>
            <line num="141" count="0" type="stmt"/>
            <line num="142" count="0" type="stmt"/>
            <line num="143" count="0" type="stmt"/>
            <line num="144" count="0" type="stmt"/>
            <line num="146" count="0" type="stmt"/>
            <line complexity="1" visibility="public" signature="main(String[]) : void" num="154" count="0" type="method"/>
            <line num="155" count="0" type="stmt"/>
            <line num="156" count="0" type="stmt"/>
            <line num="157" count="0" type="stmt"/>
            <line num="158" count="0" type="stmt"/>
            <line num="159" count="0" type="stmt"/>
            <line num="160" count="0" type="stmt"/>
            <line num="161" count="0" type="stmt"/>
            <line num="163" count="0" type="stmt"/>
         </file>
         <file path="/Users/louiseli/Desktop/Assignments/ECE/ECE651/project-team-2/app/src/main/java/edu/duke/ece651/team2/attendancemanager/PersistenceManager.java" name="PersistenceManager.java">
            <metrics coveredelements="27" coveredconditionals="2" complexity="7" loc="109" coveredmethods="2" methods="3" elements="48" classes="1" ncloc="73" statements="43" conditionals="2" coveredstatements="23"/>
            <class name="PersistenceManager">
               <metrics coveredelements="27" coveredconditionals="2" complexity="7" coveredmethods="2" methods="3" elements="48" statements="43" conditionals="2" coveredstatements="23"/>
            </class>
            <line complexity="2" visibility="public" signature="writeRecordsToCSV(String,AttendanceSession) : void" num="30" count="4" type="method"/>
            <line num="31" count="4" type="stmt"/>
            <line num="32" count="4" type="stmt"/>
            <line num="33" count="4" type="stmt"/>
            <line num="34" count="0" type="stmt"/>
            <line num="35" count="0" type="stmt"/>
            <line num="36" count="0" type="stmt"/>
            <line num="37" count="0" type="stmt"/>
            <line num="38" count="0" type="stmt"/>
            <line num="39" count="0" type="stmt"/>
            <line num="41" count="0" type="stmt"/>
            <line num="42" count="0" type="stmt"/>
            <line num="45" count="4" type="stmt"/>
            <line complexity="2" visibility="public" signature="generateWholeReport(String,List&lt;AttendanceRecord&gt;) : void" num="50" count="0" type="method"/>
            <line num="51" count="0" type="stmt"/>
            <line num="52" count="0" type="stmt"/>
            <line num="53" count="0" type="stmt"/>
            <line num="54" count="0" type="stmt"/>
            <line num="55" count="0" type="stmt"/>
            <line num="56" count="0" type="stmt"/>
            <line num="57" count="0" type="stmt"/>
            <line num="58" count="0" type="stmt"/>
            <line num="60" count="0" type="stmt"/>
            <line num="61" count="0" type="stmt"/>
            <line num="64" count="0" type="stmt"/>
            <line complexity="3" visibility="public" signature="writeRecordsToJSON(String,String,String,AttendanceSession) : void" num="77" count="3" type="method"/>
            <line num="78" count="3" type="stmt"/>
            <line num="79" count="3" type="stmt"/>
            <line num="81" count="3" type="stmt"/>
            <line num="82" count="3" type="stmt"/>
            <line num="83" count="3" type="stmt"/>
            <line num="84" count="3" type="stmt"/>
            <line num="85" count="3" type="stmt"/>
            <line num="86" count="3" type="stmt"/>
            <line num="87" count="7" type="stmt"/>
            <line num="88" count="7" type="stmt"/>
            <line num="89" count="7" type="stmt"/>
            <line num="90" count="7" type="stmt"/>
            <line num="91" count="7" type="stmt"/>
            <line falsecount="4" truecount="3" num="91" type="cond"/>
            <line num="92" count="3" type="stmt"/>
            <line num="95" count="4" type="stmt"/>
            <line num="98" count="3" type="stmt"/>
            <line num="99" count="3" type="stmt"/>
            <line num="100" count="3" type="stmt"/>
            <line num="102" count="3" type="stmt"/>
            <line num="105" count="0" type="stmt"/>
         </file>
         <file path="/Users/louiseli/Desktop/Assignments/ECE/ECE651/project-team-2/app/src/main/java/edu/duke/ece651/team2/attendancemanager/Lecture.java" name="Lecture.java">
            <metrics coveredelements="41" coveredconditionals="6" complexity="26" loc="213" coveredmethods="11" methods="18" elements="79" classes="1" ncloc="103" statements="45" conditionals="16" coveredstatements="24"/>
            <class name="Lecture">
               <metrics coveredelements="41" coveredconditionals="6" complexity="26" coveredmethods="11" methods="18" elements="79" statements="45" conditionals="16" coveredstatements="24"/>
            </class>
            <line complexity="1" visibility="public" signature="getAttendanceSession() : AttendanceSession" num="37" count="0" type="method"/>
            <line num="38" count="0" type="stmt"/>
            <line complexity="1" visibility="public" signature="Lecture()" num="50" count="2" type="method"/>
            <line num="51" count="2" type="stmt"/>
            <line num="52" count="2" type="stmt"/>
            <line complexity="1" visibility="public" signature="Lecture(String,String,ArrayList&lt;Student&gt;,Professor)" num="62" count="6" type="method"/>
            <line num="63" count="6" type="stmt"/>
            <line num="64" count="6" type="stmt"/>
            <line num="65" count="6" type="stmt"/>
            <line num="66" count="6" type="stmt"/>
            <line complexity="1" visibility="package" signature="setLectureID(String) : void" num="73" count="1" type="method"/>
            <line num="74" count="1" type="stmt"/>
            <line complexity="1" visibility="package" signature="getLectureID() : String" num="81" count="5" type="method"/>
            <line num="82" count="5" type="stmt"/>
            <line complexity="1" visibility="package" signature="getCourseName() : String" num="89" count="2" type="method"/>
            <line num="90" count="2" type="stmt"/>
            <line complexity="1" visibility="package" signature="setDate(Calendar) : void" num="97" count="1" type="method"/>
            <line num="98" count="1" type="stmt"/>
            <line complexity="1" visibility="package" signature="getDate() : Calendar" num="105" count="1" type="method"/>
            <line num="106" count="1" type="stmt"/>
            <line complexity="1" visibility="package" signature="addStudents(ArrayList&lt;Student&gt;) : void" num="113" count="2" type="method"/>
            <line num="114" count="2" type="stmt"/>
            <line complexity="1" visibility="public" signature="getStudents() : Iterable&lt;Student&gt;" num="121" count="3" type="method"/>
            <line num="122" count="3" type="stmt"/>
            <line complexity="2" visibility="public" signature="recordAttendance(ArrayList&lt;AttendanceStatus&gt;) : void" num="129" count="4" type="method"/>
            <line num="130" count="4" type="stmt"/>
            <line num="131" count="4" type="stmt"/>
            <line num="132" count="4" type="stmt"/>
            <line falsecount="4" truecount="12" num="132" type="cond"/>
            <line num="133" count="12" type="stmt"/>
            <line complexity="1" visibility="public" signature="getLateStudentsID() : ArrayList&lt;String&gt;" num="141" count="0" type="method"/>
            <line num="142" count="0" type="stmt"/>
            <line complexity="1" visibility="public" signature="getLateStudentsName() : ArrayList&lt;String&gt;" num="149" count="0" type="method"/>
            <line num="150" count="0" type="stmt"/>
            <line complexity="3" visibility="public" signature="endLecture(ArrayList&lt;String&gt;,ArrayList&lt;AttendanceStatus&gt;) : void" num="159" count="2" type="method"/>
            <line num="160" count="2" type="stmt"/>
            <line falsecount="2" truecount="4" num="160" type="cond"/>
            <line num="161" count="4" type="stmt"/>
            <line falsecount="2" truecount="2" num="161" type="cond"/>
            <line num="162" count="2" type="stmt"/>
            <line num="165" count="2" type="stmt"/>
            <line num="167" count="2" type="stmt"/>
            <line num="168" count="2" type="stmt"/>
            <line num="169" count="2" type="stmt"/>
            <line complexity="1" visibility="public" signature="endLecture() : void" num="172" count="0" type="method"/>
            <line num="173" count="0" type="stmt"/>
            <line num="174" count="0" type="stmt"/>
            <line complexity="2" visibility="public" signature="currentStudent(String) : boolean" num="178" count="0" type="method"/>
            <line num="179" count="0" type="stmt"/>
            <line num="180" count="0" type="stmt"/>
            <line falsecount="0" truecount="0" num="180" type="cond"/>
            <line num="181" count="0" type="stmt"/>
            <line num="184" count="0" type="stmt"/>
            <line complexity="3" visibility="public" signature="findEmailThroughID(String) : String" num="187" count="0" type="method"/>
            <line num="188" count="0" type="stmt"/>
            <line falsecount="0" truecount="0" num="188" type="cond"/>
            <line num="189" count="0" type="stmt"/>
            <line num="190" count="0" type="stmt"/>
            <line falsecount="0" truecount="0" num="190" type="cond"/>
            <line num="191" count="0" type="stmt"/>
            <line num="195" count="0" type="stmt"/>
            <line complexity="3" visibility="public" signature="updateForOneStudent(String) : boolean" num="198" count="0" type="method"/>
            <line num="199" count="0" type="stmt"/>
            <line falsecount="0" truecount="0" num="199" type="cond"/>
            <line num="200" count="0" type="stmt"/>
            <line num="201" count="0" type="stmt"/>
            <line falsecount="0" truecount="0" num="201" type="cond"/>
            <line num="202" count="0" type="stmt"/>
            <line num="203" count="0" type="stmt"/>
            <line num="205" count="0" type="stmt"/>
            <line num="208" count="0" type="stmt"/>
         </file>
         <file path="/Users/louiseli/Desktop/Assignments/ECE/ECE651/project-team-2/app/src/main/java/edu/duke/ece651/team2/attendancemanager/ProtectedInfo.java" name="ProtectedInfo.java">
            <metrics coveredelements="2" coveredconditionals="0" complexity="4" loc="18" coveredmethods="1" methods="2" elements="8" classes="1" ncloc="14" statements="4" conditionals="2" coveredstatements="1"/>
            <class name="ProtectedInfo">
               <metrics coveredelements="2" coveredconditionals="0" complexity="4" coveredmethods="1" methods="2" elements="8" statements="4" conditionals="2" coveredstatements="1"/>
            </class>
            <line complexity="1" visibility="public" signature="storeProtectedInfo(String,String) : void" num="8" count="1" type="method"/>
            <line num="9" count="1" type="stmt"/>
            <line complexity="3" visibility="public" signature="match(String,String) : boolean" num="12" count="0" type="method"/>
            <line num="13" count="0" type="stmt"/>
            <line falsecount="0" truecount="0" num="13" type="cond"/>
            <line num="14" count="0" type="stmt"/>
            <line num="16" count="0" type="stmt"/>
         </file>
         <file path="/Users/louiseli/Desktop/Assignments/ECE/ECE651/project-team-2/app/src/main/java/edu/duke/ece651/team2/attendancemanager/TextUserView.java" name="TextUserView.java">
            <metrics coveredelements="31" coveredconditionals="6" complexity="14" loc="101" coveredmethods="5" methods="7" elements="42" classes="1" ncloc="58" statements="27" conditionals="8" coveredstatements="20"/>
            <class name="TextUserView">
               <metrics coveredelements="31" coveredconditionals="6" complexity="14" coveredmethods="5" methods="7" elements="42" statements="27" conditionals="8" coveredstatements="20"/>
            </class>
            <line complexity="1" visibility="public" signature="TextUserView(PrintStream)" num="18" count="4" type="method"/>
            <line num="19" count="4" type="stmt"/>
            <line complexity="1" visibility="package" signature="printHeader(String) : void" num="26" count="3" type="method"/>
            <line num="27" count="3" type="stmt"/>
            <line num="28" count="3" type="stmt"/>
            <line num="29" count="3" type="stmt"/>
            <line complexity="2" visibility="package" signature="printStudents(Course) : void" num="36" count="1" type="method"/>
            <line num="37" count="1" type="stmt"/>
            <line num="38" count="1" type="stmt"/>
            <line falsecount="1" truecount="2" num="38" type="cond"/>
            <line num="39" count="2" type="stmt"/>
            <line num="40" count="2" type="stmt"/>
            <line num="41" count="2" type="stmt"/>
            <line num="42" count="2" type="stmt"/>
            <line complexity="2" visibility="package" signature="printLectures(Course) : void" num="50" count="1" type="method"/>
            <line num="51" count="1" type="stmt"/>
            <line num="52" count="1" type="stmt"/>
            <line falsecount="1" truecount="2" num="52" type="cond"/>
            <line num="53" count="2" type="stmt"/>
            <line num="54" count="2" type="stmt"/>
            <line num="55" count="2" type="stmt"/>
            <line num="56" count="2" type="stmt"/>
            <line complexity="2" visibility="package" signature="printCourses(Professor) : void" num="64" count="1" type="method"/>
            <line num="65" count="1" type="stmt"/>
            <line num="66" count="1" type="stmt"/>
            <line falsecount="1" truecount="2" num="66" type="cond"/>
            <line num="67" count="2" type="stmt"/>
            <line num="71" count="2" type="stmt"/>
            <line complexity="1" visibility="package" signature="printStudentStatus(Lecture) : void" num="79" count="0" type="method"/>
            <line num="80" count="0" type="stmt"/>
            <line num="81" count="0" type="stmt"/>
            <line num="82" count="0" type="stmt"/>
            <line num="83" count="0" type="stmt"/>
            <line complexity="5" visibility="package" signature="studentAddCheck(Student) : void" num="91" count="0" type="method"/>
            <line num="92" count="0" type="stmt"/>
            <line falsecount="0" truecount="0" num="92" type="cond"/>
            <line num="94" count="0" type="stmt"/>
            <line num="98" count="0" type="stmt"/>
         </file>
         <file path="/Users/louiseli/Desktop/Assignments/ECE/ECE651/project-team-2/app/src/main/java/edu/duke/ece651/team2/attendancemanager/AttendanceRecord.java" name="AttendanceRecord.java">
            <metrics coveredelements="24" coveredconditionals="0" complexity="10" loc="138" coveredmethods="10" methods="10" elements="24" classes="1" ncloc="44" statements="14" conditionals="0" coveredstatements="14"/>
            <class name="AttendanceRecord">
               <metrics coveredelements="24" coveredconditionals="0" complexity="10" coveredmethods="10" methods="10" elements="24" statements="14" conditionals="0" coveredstatements="14"/>
            </class>
            <line complexity="1" visibility="public" signature="AttendanceRecord(Date,String,String,AttendanceStatus,String)" num="48" count="28" type="method"/>
            <line num="50" count="28" type="stmt"/>
            <line num="51" count="28" type="stmt"/>
            <line num="52" count="28" type="stmt"/>
            <line num="53" count="28" type="stmt"/>
            <line num="54" count="28" type="stmt"/>
            <line complexity="1" visibility="public" signature="getAttendanceDate() : Date" num="62" count="11" type="method"/>
            <line num="63" count="11" type="stmt"/>
            <line complexity="1" visibility="public" signature="setAttendanceDate(Date) : void" num="71" count="1" type="method"/>
            <line num="72" count="1" type="stmt"/>
            <line complexity="1" visibility="public" signature="getStudentID() : String" num="80" count="32" type="method"/>
            <line num="81" count="32" type="stmt"/>
            <line complexity="1" visibility="public" signature="setStudentID(String) : void" num="89" count="1" type="method"/>
            <line num="90" count="1" type="stmt"/>
            <line complexity="1" visibility="public" signature="getStatus() : AttendanceStatus" num="98" count="15" type="method"/>
            <line num="99" count="15" type="stmt"/>
            <line complexity="1" visibility="public" signature="setStatus(AttendanceStatus) : void" num="107" count="5" type="method"/>
            <line num="108" count="5" type="stmt"/>
            <line complexity="1" visibility="public" signature="getLectureID() : String" num="116" count="6" type="method"/>
            <line num="117" count="6" type="stmt"/>
            <line complexity="1" visibility="public" signature="getStudentName() : String" num="125" count="8" type="method"/>
            <line num="126" count="8" type="stmt"/>
            <line complexity="1" visibility="public" signature="setLectureID(String) : void" num="134" count="1" type="method"/>
            <line num="135" count="1" type="stmt"/>
         </file>
         <file path="/Users/louiseli/Desktop/Assignments/ECE/ECE651/project-team-2/app/src/main/java/edu/duke/ece651/team2/attendancemanager/EventListener.java" name="EventListener.java">
            <metrics coveredelements="0" coveredconditionals="0" complexity="0" loc="11" coveredmethods="0" methods="0" elements="0" classes="1" ncloc="4" statements="0" conditionals="0" coveredstatements="0"/>
            <class name="EventListener">
               <metrics coveredelements="0" coveredconditionals="0" complexity="0" coveredmethods="0" methods="0" elements="0" statements="0" conditionals="0" coveredstatements="0"/>
            </class>
         </file>
         <file path="/Users/louiseli/Desktop/Assignments/ECE/ECE651/project-team-2/app/src/main/java/edu/duke/ece651/team2/attendancemanager/Student.java" name="Student.java">
            <metrics coveredelements="26" coveredconditionals="0" complexity="10" loc="103" coveredmethods="10" methods="10" elements="26" classes="1" ncloc="35" statements="16" conditionals="0" coveredstatements="16"/>
            <class name="Student">
               <metrics coveredelements="26" coveredconditionals="0" complexity="10" coveredmethods="10" methods="10" elements="26" statements="16" conditionals="0" coveredstatements="16"/>
            </class>
            <line complexity="1" visibility="public" signature="Student()" num="27" count="1" type="method"/>
            <line num="28" count="1" type="stmt"/>
            <line num="29" count="1" type="stmt"/>
            <line num="30" count="1" type="stmt"/>
            <line num="31" count="1" type="stmt"/>
            <line complexity="1" visibility="public" signature="Student(String,String,String,String)" num="41" count="24" type="method"/>
            <line num="42" count="24" type="stmt"/>
            <line num="43" count="24" type="stmt"/>
            <line num="44" count="24" type="stmt"/>
            <line num="45" count="24" type="stmt"/>
            <line complexity="1" visibility="package" signature="setLegalName(String) : void" num="52" count="1" type="method"/>
            <line num="53" count="1" type="stmt"/>
            <line complexity="1" visibility="package" signature="getLegalName() : String" num="60" count="4" type="method"/>
            <line num="60" count="4" type="stmt"/>
            <line complexity="1" visibility="package" signature="setStudentID(String) : void" num="66" count="1" type="method"/>
            <line num="67" count="1" type="stmt"/>
            <line complexity="1" visibility="package" signature="getStudentID() : String" num="74" count="14" type="method"/>
            <line num="74" count="14" type="stmt"/>
            <line complexity="1" visibility="package" signature="setEmail(String) : void" num="80" count="1" type="method"/>
            <line num="81" count="1" type="stmt"/>
            <line complexity="1" visibility="package" signature="getEmail() : String" num="88" count="2" type="method"/>
            <line num="88" count="2" type="stmt"/>
            <line complexity="1" visibility="package" signature="setDisplayName(String) : void" num="94" count="1" type="method"/>
            <line num="95" count="1" type="stmt"/>
            <line complexity="1" visibility="package" signature="getDisplayName() : String" num="102" count="16" type="method"/>
            <line num="102" count="16" type="stmt"/>
         </file>
         <file path="/Users/louiseli/Desktop/Assignments/ECE/ECE651/project-team-2/app/src/main/java/edu/duke/ece651/team2/attendancemanager/AttendanceSession.java" name="AttendanceSession.java">
            <metrics coveredelements="26" coveredconditionals="4" complexity="13" loc="126" coveredmethods="6" methods="8" elements="42" classes="1" ncloc="57" statements="26" conditionals="8" coveredstatements="16"/>
            <class name="AttendanceSession">
               <metrics coveredelements="26" coveredconditionals="4" complexity="13" coveredmethods="6" methods="8" elements="42" statements="26" conditionals="8" coveredstatements="16"/>
            </class>
            <line complexity="1" visibility="public" signature="AttendanceSession()" num="21" count="12" type="method"/>
            <line num="22" count="12" type="stmt"/>
            <line complexity="1" visibility="public" signature="getRecords() : List&lt;AttendanceRecord&gt;" num="30" count="12" type="method"/>
            <line num="31" count="12" type="stmt"/>
            <line complexity="3" visibility="public" signature="recordAttendance(String,String,AttendanceStatus,String) : boolean" num="45" count="19" type="method"/>
            <line num="47" count="19" type="stmt"/>
            <line num="48" count="13" type="stmt"/>
            <line falsecount="12" truecount="1" num="48" type="cond"/>
            <line num="49" count="1" type="stmt"/>
            <line num="50" count="1" type="stmt"/>
            <line num="55" count="18" type="stmt"/>
            <line num="56" count="18" type="stmt"/>
            <line num="57" count="18" type="stmt"/>
            <line complexity="2" visibility="public" signature="updateAttendanceRecord(String,AttendanceStatus) : boolean" num="69" count="4" type="method"/>
            <line num="70" count="4" type="stmt"/>
            <line num="71" count="5" type="stmt"/>
            <line falsecount="2" truecount="3" num="71" type="cond"/>
            <line num="72" count="3" type="stmt"/>
            <line num="73" count="3" type="stmt"/>
            <line num="76" count="1" type="stmt"/>
            <line complexity="1" visibility="public" signature="removeAttendanceRecord(String) : boolean" num="86" count="2" type="method"/>
            <line num="87" count="2" type="stmt"/>
            <line complexity="2" visibility="public" signature="lateStudentsName() : ArrayList&lt;String&gt;" num="95" count="0" type="method"/>
            <line num="96" count="0" type="stmt"/>
            <line num="97" count="0" type="stmt"/>
            <line num="98" count="0" type="stmt"/>
            <line falsecount="0" truecount="0" num="98" type="cond"/>
            <line num="99" count="0" type="stmt"/>
            <line num="102" count="0" type="stmt"/>
            <line complexity="2" visibility="public" signature="lateStudentsID() : ArrayList&lt;String&gt;" num="109" count="0" type="method"/>
            <line num="110" count="0" type="stmt"/>
            <line num="111" count="0" type="stmt"/>
            <line num="112" count="0" type="stmt"/>
            <line falsecount="0" truecount="0" num="112" type="cond"/>
            <line num="113" count="0" type="stmt"/>
            <line num="116" count="0" type="stmt"/>
            <line complexity="1" visibility="public" signature="endSession() : void" num="123" count="2" type="method"/>
            <line num="124" count="2" type="stmt"/>
         </file>
         <file path="/Users/louiseli/Desktop/Assignments/ECE/ECE651/project-team-2/app/src/main/java/edu/duke/ece651/team2/attendancemanager/University.java" name="University.java">
            <metrics coveredelements="5" coveredconditionals="0" complexity="3" loc="20" coveredmethods="2" methods="3" elements="7" classes="1" ncloc="15" statements="4" conditionals="0" coveredstatements="3"/>
            <class name="University">
               <metrics coveredelements="5" coveredconditionals="0" complexity="3" coveredmethods="2" methods="3" elements="7" statements="4" conditionals="0" coveredstatements="3"/>
            </class>
            <line complexity="1" visibility="public" signature="University(String,boolean)" num="8" count="14" type="method"/>
            <line num="9" count="14" type="stmt"/>
            <line num="10" count="14" type="stmt"/>
            <line complexity="1" visibility="public" signature="getName() : String" num="13" count="2" type="method"/>
            <line num="14" count="2" type="stmt"/>
            <line complexity="1" visibility="public" signature="getSupportChange() : boolean" num="17" count="0" type="method"/>
            <line num="18" count="0" type="stmt"/>
         </file>
         <file path="/Users/louiseli/Desktop/Assignments/ECE/ECE651/project-team-2/app/src/main/java/edu/duke/ece651/team2/attendancemanager/AttendanceStatus.java" name="AttendanceStatus.java">
            <metrics coveredelements="0" coveredconditionals="0" complexity="0" loc="19" coveredmethods="0" methods="0" elements="0" classes="1" ncloc="6" statements="0" conditionals="0" coveredstatements="0"/>
            <class name="AttendanceStatus">
               <metrics coveredelements="0" coveredconditionals="0" complexity="0" coveredmethods="0" methods="0" elements="0" statements="0" conditionals="0" coveredstatements="0"/>
            </class>
         </file>
         <file path="/Users/louiseli/Desktop/Assignments/ECE/ECE651/project-team-2/app/src/main/java/edu/duke/ece651/team2/attendancemanager/TextUserController.java" name="TextUserController.java">
            <metrics coveredelements="116" coveredconditionals="15" complexity="62" loc="452" coveredmethods="14" methods="30" elements="282" classes="1" ncloc="324" statements="206" conditionals="46" coveredstatements="87"/>
            <class name="TextUserController">
               <metrics coveredelements="116" coveredconditionals="15" complexity="62" coveredmethods="14" methods="30" elements="282" statements="206" conditionals="46" coveredstatements="87"/>
            </class>
            <line complexity="1" visibility="public" signature="TextUserController(BufferedReader,PrintStream)" num="31" count="13" type="method"/>
            <line num="32" count="13" type="stmt"/>
            <line num="33" count="13" type="stmt"/>
            <line complexity="1" visibility="public" signature="print(String) : void" num="36" count="0" type="method"/>
            <line num="37" count="0" type="stmt"/>
            <line complexity="1" visibility="protected" signature="printPromptAndRead(String) : String" num="47" count="24" type="method"/>
            <line num="48" count="24" type="stmt"/>
            <line num="49" count="24" type="stmt"/>
            <line complexity="1" visibility="public" signature="printAndGetHiddenPassword(String) : String" num="53" count="1" type="method"/>
            <line num="54" count="1" type="stmt"/>
            <line num="55" count="1" type="stmt"/>
            <line complexity="2" visibility="public" signature="readUniversity() : University" num="58" count="0" type="method"/>
            <line num="59" count="0" type="stmt"/>
            <line num="60" count="0" type="stmt"/>
            <line num="61" count="0" type="stmt"/>
            <line falsecount="0" truecount="0" num="61" type="cond"/>
            <line num="62" count="0" type="stmt"/>
            <line num="64" count="0" type="stmt"/>
            <line complexity="1" visibility="public" signature="register(ProtectedInfo,University) : Professor" num="67" count="1" type="method"/>
            <line num="68" count="1" type="stmt"/>
            <line num="69" count="1" type="stmt"/>
            <line num="70" count="1" type="stmt"/>
            <line num="71" count="1" type="stmt"/>
            <line num="72" count="1" type="stmt"/>
            <line complexity="2" visibility="public" signature="logIn(ProtectedInfo) : void" num="75" count="0" type="method"/>
            <line num="76" count="0" type="stmt"/>
            <line num="77" count="0" type="stmt"/>
            <line num="78" count="0" type="stmt"/>
            <line num="79" count="0" type="stmt"/>
            <line falsecount="0" truecount="0" num="79" type="cond"/>
            <line num="80" count="0" type="stmt"/>
            <line num="82" count="0" type="stmt"/>
            <line num="83" count="0" type="stmt"/>
            <line complexity="1" visibility="public" signature="readNewStudents() : Student" num="92" count="1" type="method"/>
            <line num="94" count="1" type="stmt"/>
            <line num="95" count="1" type="stmt"/>
            <line num="96" count="1" type="stmt"/>
            <line num="97" count="1" type="stmt"/>
            <line num="98" count="1" type="stmt"/>
            <line num="99" count="1" type="stmt"/>
            <line num="100" count="1" type="stmt"/>
            <line num="101" count="1" type="stmt"/>
            <line num="103" count="1" type="stmt"/>
            <line complexity="6" visibility="public" signature="readStudentStatus(String,boolean) : AttendanceStatus" num="114" count="2" type="method"/>
            <line num="115" count="2" type="stmt"/>
            <line num="116" count="2" type="stmt"/>
            <line num="117" count="2" type="stmt"/>
            <line falsecount="1" truecount="1" num="117" type="cond"/>
            <line num="118" count="1" type="stmt"/>
            <line num="120" count="1" type="stmt"/>
            <line num="123" count="2" type="stmt"/>
            <line num="124" count="2" type="stmt"/>
            <line falsecount="1" truecount="1" num="124" type="cond"/>
            <line num="125" count="1" type="stmt"/>
            <line num="126" count="1" type="stmt"/>
            <line falsecount="0" truecount="1" num="126" type="cond"/>
            <line num="127" count="1" type="stmt"/>
            <line num="129" count="0" type="stmt"/>
            <line complexity="1" visibility="public" signature="readNewProfessor(String,University) : Professor" num="139" count="1" type="method"/>
            <line num="140" count="1" type="stmt"/>
            <line num="141" count="1" type="stmt"/>
            <line num="142" count="1" type="stmt"/>
            <line num="143" count="1" type="stmt"/>
            <line num="144" count="1" type="stmt"/>
            <line num="145" count="1" type="stmt"/>
            <line complexity="1" visibility="public" signature="readNewCourse(String,Professor) : Course" num="156" count="1" type="method"/>
            <line num="157" count="1" type="stmt"/>
            <line num="158" count="1" type="stmt"/>
            <line num="159" count="1" type="stmt"/>
            <line num="160" count="1" type="stmt"/>
            <line num="161" count="1" type="stmt"/>
            <line complexity="3" visibility="public" signature="readAction(String) : int" num="170" count="3" type="method"/>
            <line num="171" count="3" type="stmt"/>
            <line num="172" count="3" type="stmt"/>
            <line num="173" count="3" type="stmt"/>
            <line num="174" count="3" type="stmt"/>
            <line num="175" count="3" type="stmt"/>
            <line num="176" count="3" type="stmt"/>
            <line num="177" count="3" type="stmt"/>
            <line num="178" count="3" type="stmt"/>
            <line num="179" count="3" type="stmt"/>
            <line num="180" count="3" type="stmt"/>
            <line num="181" count="3" type="stmt"/>
            <line num="182" count="3" type="stmt"/>
            <line num="183" count="27" type="stmt"/>
            <line num="185" count="3" type="stmt"/>
            <line num="186" count="3" type="stmt"/>
            <line falsecount="1" truecount="2" num="186" type="cond"/>
            <line num="187" count="2" type="stmt"/>
            <line falsecount="0" truecount="2" num="187" type="cond"/>
            <line num="188" count="2" type="stmt"/>
            <line num="189" count="2" type="stmt"/>
            <line num="192" count="1" type="stmt"/>
            <line complexity="2" visibility="public" signature="keepAddingStudents() : ArrayList&lt;Student&gt;" num="200" count="0" type="method"/>
            <line num="201" count="0" type="stmt"/>
            <line num="202" count="0" type="stmt"/>
            <line num="203" count="0" type="stmt"/>
            <line num="204" count="0" type="stmt"/>
            <line falsecount="0" truecount="0" num="204" type="cond"/>
            <line num="205" count="0" type="stmt"/>
            <line num="206" count="0" type="stmt"/>
            <line num="208" count="0" type="stmt"/>
            <line complexity="4" visibility="public" signature="selectCourse(int) : int" num="217" count="0" type="method"/>
            <line num="218" count="0" type="stmt"/>
            <line num="219" count="0" type="stmt"/>
            <line num="220" count="0" type="stmt"/>
            <line num="221" count="0" type="stmt"/>
            <line num="222" count="0" type="stmt"/>
            <line falsecount="0" truecount="0" num="222" type="cond"/>
            <line num="223" count="0" type="stmt"/>
            <line num="225" count="0" type="stmt"/>
            <line num="228" count="0" type="stmt"/>
            <line num="229" count="0" type="stmt"/>
            <line complexity="1" visibility="public" signature="displayAndChooseCourse(Professor) : int" num="239" count="0" type="method"/>
            <line num="240" count="0" type="stmt"/>
            <line num="241" count="0" type="stmt"/>
            <line num="242" count="0" type="stmt"/>
            <line complexity="3" visibility="public" signature="stopTheLecture() : boolean" num="250" count="0" type="method"/>
            <line num="252" count="0" type="stmt"/>
            <line num="253" count="0" type="stmt"/>
            <line num="254" count="0" type="stmt"/>
            <line falsecount="0" truecount="0" num="254" type="cond"/>
            <line num="255" count="0" type="stmt"/>
            <line num="257" count="0" type="stmt"/>
            <line complexity="1" visibility="public" signature="displayStudentsFromCourse(Course) : void" num="265" count="0" type="method"/>
            <line num="266" count="0" type="stmt"/>
            <line num="267" count="0" type="stmt"/>
            <line complexity="2" visibility="public" signature="askHeader() : boolean" num="271" count="3" type="method"/>
            <line num="272" count="3" type="stmt"/>
            <line num="273" count="3" type="stmt"/>
            <line num="274" count="3" type="stmt"/>
            <line falsecount="2" truecount="1" num="274" type="cond"/>
            <line num="275" count="1" type="stmt"/>
            <line num="277" count="2" type="stmt"/>
            <line complexity="1" visibility="public" signature="readLines(String,String) : String[]" num="280" count="1" type="method"/>
            <line num="281" count="1" type="stmt"/>
            <line num="282" count="1" type="stmt"/>
            <line complexity="3" visibility="public" signature="fileColumns(String,String) : int" num="285" count="3" type="method"/>
            <line num="286" count="3" type="stmt"/>
            <line num="287" count="3" type="stmt"/>
            <line falsecount="1" truecount="2" num="287" type="cond"/>
            <line num="288" count="2" type="stmt"/>
            <line num="291" count="1" type="stmt"/>
            <line num="293" count="2" type="stmt"/>
            <line num="294" count="2" type="stmt"/>
            <line falsecount="0" truecount="0" num="294" type="cond"/>
            <line num="295" count="4" type="stmt"/>
            <line num="296" count="4" type="stmt"/>
            <line num="298" count="2" type="stmt"/>
            <line complexity="3" visibility="public" signature="readColumns(int,String) : int" num="301" count="7" type="method"/>
            <line num="302" count="7" type="stmt"/>
            <line num="303" count="7" type="stmt"/>
            <line num="304" count="7" type="stmt"/>
            <line falsecount="4" truecount="3" num="304" type="cond"/>
            <line num="305" count="3" type="stmt"/>
            <line num="307" count="4" type="stmt"/>
            <line complexity="1" visibility="public" signature="readStudents(ArrayList&lt;String&gt;) : ArrayList&lt;Student&gt;" num="310" count="0" type="method"/>
            <line num="311" count="0" type="stmt"/>
            <line num="312" count="0" type="stmt"/>
            <line num="313" count="0" type="stmt"/>
            <line num="314" count="0" type="stmt"/>
            <line num="315" count="0" type="stmt"/>
            <line num="316" count="0" type="stmt"/>
            <line num="317" count="0" type="stmt"/>
            <line num="318" count="0" type="stmt"/>
            <line num="319" count="0" type="stmt"/>
            <line num="320" count="0" type="stmt"/>
            <line num="321" count="0" type="stmt"/>
            <line num="322" count="0" type="stmt"/>
            <line num="323" count="0" type="stmt"/>
            <line num="324" count="0" type="stmt"/>
            <line num="325" count="0" type="stmt"/>
            <line num="326" count="0" type="stmt"/>
            <line num="328" count="0" type="stmt"/>
            <line complexity="7" visibility="public" signature="readCSVFiles() : ArrayList&lt;Student&gt;" num="331" count="0" type="method"/>
            <line num="332" count="0" type="stmt"/>
            <line num="333" count="0" type="stmt"/>
            <line num="334" count="0" type="stmt"/>
            <line num="335" count="0" type="stmt"/>
            <line num="336" count="0" type="stmt"/>
            <line num="337" count="0" type="stmt"/>
            <line num="338" count="0" type="stmt"/>
            <line num="339" count="0" type="stmt"/>
            <line num="340" count="0" type="stmt"/>
            <line num="341" count="0" type="stmt"/>
            <line num="344" count="0" type="stmt"/>
            <line num="345" count="0" type="stmt"/>
            <line num="346" count="0" type="stmt"/>
            <line falsecount="0" truecount="0" num="346" type="cond"/>
            <line num="347" count="0" type="stmt"/>
            <line num="349" count="0" type="stmt"/>
            <line num="351" count="0" type="stmt"/>
            <line num="352" count="0" type="stmt"/>
            <line num="353" count="0" type="stmt"/>
            <line falsecount="0" truecount="0" num="353" type="cond"/>
            <line num="354" count="0" type="stmt"/>
            <line num="356" count="0" type="stmt"/>
            <line falsecount="0" truecount="0" num="356" type="cond"/>
            <line num="357" count="0" type="stmt"/>
            <line num="359" count="0" type="stmt"/>
            <line num="361" count="0" type="stmt"/>
            <line num="362" count="0" type="stmt"/>
            <line num="365" count="0" type="stmt"/>
            <line num="366" count="0" type="stmt"/>
            <line num="367" count="0" type="stmt"/>
            <line falsecount="0" truecount="0" num="367" type="cond"/>
            <line num="368" count="0" type="stmt"/>
            <line num="370" count="0" type="stmt"/>
            <line complexity="3" visibility="public" signature="loadStudents() : ArrayList&lt;Student&gt;" num="374" count="1" type="method"/>
            <line num="375" count="1" type="stmt"/>
            <line num="376" count="1" type="stmt"/>
            <line num="377" count="1" type="stmt"/>
            <line num="378" count="1" type="stmt"/>
            <line num="379" count="1" type="stmt"/>
            <line falsecount="1" truecount="0" num="379" type="cond"/>
            <line num="380" count="0" type="stmt"/>
            <line num="382" count="1" type="stmt"/>
            <line num="385" count="0" type="stmt"/>
            <line complexity="2" visibility="public" signature="updateRecordForStudent(Lecture) : void" num="390" count="0" type="method"/>
            <line num="391" count="0" type="stmt"/>
            <line num="392" count="0" type="stmt"/>
            <line falsecount="0" truecount="0" num="392" type="cond"/>
            <line num="393" count="0" type="stmt"/>
            <line num="396" count="0" type="stmt"/>
            <line complexity="1" visibility="public" signature="updateStudentsRecords(Professor) : void" num="401" count="0" type="method"/>
            <line num="402" count="0" type="stmt"/>
            <line num="403" count="0" type="stmt"/>
            <line num="404" count="0" type="stmt"/>
            <line num="405" count="0" type="stmt"/>
            <line num="406" count="0" type="stmt"/>
            <line num="407" count="0" type="stmt"/>
            <line complexity="2" visibility="public" signature="changeStudentDisplayName(Professor) : void" num="411" count="0" type="method"/>
            <line num="412" count="0" type="stmt"/>
            <line num="413" count="0" type="stmt"/>
            <line num="414" count="0" type="stmt"/>
            <line num="415" count="0" type="stmt"/>
            <line num="416" count="0" type="stmt"/>
            <line falsecount="0" truecount="0" num="416" type="cond"/>
            <line num="417" count="0" type="stmt"/>
            <line num="420" count="0" type="stmt"/>
            <line complexity="1" visibility="public" signature="displayRecords(List&lt;AttendanceRecord&gt;) : void" num="424" count="0" type="method"/>
            <line num="425" count="0" type="stmt"/>
            <line num="426" count="0" type="stmt"/>
            <line complexity="2" visibility="public" signature="displayAttendanceFromCourse(Professor) : void" num="430" count="0" type="method"/>
            <line num="431" count="0" type="stmt"/>
            <line num="432" count="0" type="stmt"/>
            <line num="433" count="0" type="stmt"/>
            <line falsecount="0" truecount="0" num="433" type="cond"/>
            <line num="434" count="0" type="stmt"/>
            <line num="435" count="0" type="stmt"/>
            <line num="436" count="0" type="stmt"/>
            <line complexity="2" visibility="public" signature="removeStudentsFromCourse(Professor) : void" num="440" count="0" type="method"/>
            <line num="441" count="0" type="stmt"/>
            <line num="442" count="0" type="stmt"/>
            <line num="443" count="0" type="stmt"/>
            <line num="444" count="0" type="stmt"/>
            <line falsecount="0" truecount="0" num="444" type="cond"/>
            <line num="445" count="0" type="stmt"/>
            <line num="448" count="0" type="stmt"/>
         </file>
         <file path="/Users/louiseli/Desktop/Assignments/ECE/ECE651/project-team-2/app/src/main/java/edu/duke/ece651/team2/attendancemanager/Course.java" name="Course.java">
            <metrics coveredelements="53" coveredconditionals="0" complexity="27" loc="261" coveredmethods="16" methods="24" elements="89" classes="1" ncloc="126" statements="59" conditionals="6" coveredstatements="37"/>
            <class name="Course">
               <metrics coveredelements="53" coveredconditionals="0" complexity="27" coveredmethods="16" methods="24" elements="89" statements="59" conditionals="6" coveredstatements="37"/>
            </class>
            <line complexity="1" visibility="public" signature="Course(String,String,Professor,ArrayList&lt;Student&gt;)" num="45" count="5" type="method"/>
            <line num="46" count="5" type="stmt"/>
            <line num="47" count="5" type="stmt"/>
            <line num="48" count="5" type="stmt"/>
            <line num="49" count="5" type="stmt"/>
            <line num="50" count="5" type="stmt"/>
            <line num="51" count="5" type="stmt"/>
            <line complexity="1" visibility="public" signature="Course(String,String,Professor,ArrayList&lt;Student&gt;,ArrayList&lt;Lecture&gt;)" num="63" count="9" type="method"/>
            <line num="64" count="9" type="stmt"/>
            <line num="65" count="9" type="stmt"/>
            <line num="66" count="9" type="stmt"/>
            <line num="67" count="9" type="stmt"/>
            <line num="68" count="9" type="stmt"/>
            <line num="69" count="9" type="stmt"/>
            <line complexity="1" visibility="public" signature="Course(String,String,Professor,int,ArrayList&lt;Student&gt;,ArrayList&lt;Lecture&gt;)" num="82" count="6" type="method"/>
            <line num="83" count="6" type="stmt"/>
            <line num="84" count="6" type="stmt"/>
            <line num="85" count="6" type="stmt"/>
            <line num="86" count="6" type="stmt"/>
            <line num="87" count="6" type="stmt"/>
            <line num="88" count="6" type="stmt"/>
            <line complexity="1" visibility="public" signature="getName() : String" num="94" count="8" type="method"/>
            <line num="95" count="8" type="stmt"/>
            <line complexity="1" visibility="public" signature="getCourseID() : String" num="101" count="6" type="method"/>
            <line num="102" count="6" type="stmt"/>
            <line complexity="1" visibility="public" signature="getProfessor() : String" num="108" count="4" type="method"/>
            <line num="109" count="4" type="stmt"/>
            <line complexity="1" visibility="public" signature="getLectureTimes() : int" num="115" count="9" type="method"/>
            <line num="116" count="9" type="stmt"/>
            <line complexity="1" visibility="public" signature="getLectureSize() : int" num="122" count="2" type="method"/>
            <line num="123" count="2" type="stmt"/>
            <line complexity="1" visibility="public" signature="numberOfStudents() : int" num="129" count="10" type="method"/>
            <line num="130" count="10" type="stmt"/>
            <line complexity="1" visibility="public" signature="getStudents() : ArrayList&lt;Student&gt;" num="136" count="0" type="method"/>
            <line num="137" count="0" type="stmt"/>
            <line complexity="1" visibility="public" signature="getStudentsDisplayName() : ArrayList&lt;String&gt;" num="143" count="0" type="method"/>
            <line num="144" count="0" type="stmt"/>
            <line num="145" count="0" type="stmt"/>
            <line num="146" count="0" type="stmt"/>
            <line num="148" count="0" type="stmt"/>
            <line complexity="1" visibility="public" signature="getStudentName(int) : String" num="156" count="2" type="method"/>
            <line num="157" count="2" type="stmt"/>
            <line complexity="1" visibility="public" signature="numberOfLectures() : int" num="163" count="3" type="method"/>
            <line num="164" count="3" type="stmt"/>
            <line complexity="1" visibility="public" signature="getLectureName(int) : String" num="171" count="2" type="method"/>
            <line num="172" count="2" type="stmt"/>
            <line complexity="1" visibility="public" signature="getLatestLecture() : Lecture" num="175" count="0" type="method"/>
            <line num="176" count="0" type="stmt"/>
            <line complexity="1" visibility="public" signature="addStudent(Student) : void" num="182" count="5" type="method"/>
            <line num="183" count="5" type="stmt"/>
            <line complexity="1" visibility="public" signature="addStudents(ArrayList&lt;Student&gt;) : void" num="189" count="1" type="method"/>
            <line num="190" count="1" type="stmt"/>
            <line num="191" count="2" type="stmt"/>
            <line complexity="2" visibility="public" signature="dropStudents(String) : boolean" num="195" count="0" type="method"/>
            <line num="196" count="0" type="stmt"/>
            <line num="197" count="0" type="stmt"/>
            <line falsecount="0" truecount="0" num="197" type="cond"/>
            <line num="198" count="0" type="stmt"/>
            <line num="199" count="0" type="stmt"/>
            <line num="202" count="0" type="stmt"/>
            <line complexity="2" visibility="public" signature="changeStudentDisplayName(String,String) : boolean" num="205" count="0" type="method"/>
            <line num="206" count="0" type="stmt"/>
            <line num="207" count="0" type="stmt"/>
            <line falsecount="0" truecount="0" num="207" type="cond"/>
            <line num="208" count="0" type="stmt"/>
            <line num="209" count="0" type="stmt"/>
            <line num="212" count="0" type="stmt"/>
            <line complexity="1" visibility="public" signature="startLecture(ArrayList&lt;AttendanceStatus&gt;) : Lecture" num="222" count="4" type="method"/>
            <line num="223" count="4" type="stmt"/>
            <line num="224" count="4" type="stmt"/>
            <line num="225" count="4" type="stmt"/>
            <line num="226" count="4" type="stmt"/>
            <line num="227" count="4" type="stmt"/>
            <line complexity="1" visibility="public" signature="endLecture(Lecture,ArrayList&lt;String&gt;,ArrayList&lt;AttendanceStatus&gt;) : void" num="240" count="2" type="method"/>
            <line num="241" count="2" type="stmt"/>
            <line num="242" count="2" type="stmt"/>
            <line complexity="1" visibility="public" signature="endLecture(Lecture) : void" num="245" count="0" type="method"/>
            <line num="246" count="0" type="stmt"/>
            <line num="247" count="0" type="stmt"/>
            <line complexity="1" visibility="public" signature="getLectureRecords(int) : List&lt;AttendanceRecord&gt;" num="250" count="0" type="method"/>
            <line num="251" count="0" type="stmt"/>
            <line complexity="2" visibility="public" signature="generateWholeReportTillNow() : void" num="254" count="0" type="method"/>
            <line num="255" count="0" type="stmt"/>
            <line num="256" count="0" type="stmt"/>
            <line falsecount="0" truecount="0" num="256" type="cond"/>
            <line num="257" count="0" type="stmt"/>
         </file>
         <file path="/Users/louiseli/Desktop/Assignments/ECE/ECE651/project-team-2/app/src/main/java/edu/duke/ece651/team2/attendancemanager/Professor.java" name="Professor.java">
            <metrics coveredelements="18" coveredconditionals="0" complexity="10" loc="119" coveredmethods="7" methods="10" elements="24" classes="1" ncloc="43" statements="14" conditionals="0" coveredstatements="11"/>
            <class name="Professor">
               <metrics coveredelements="18" coveredconditionals="0" complexity="10" coveredmethods="7" methods="10" elements="24" statements="14" conditionals="0" coveredstatements="11"/>
            </class>
            <line complexity="1" visibility="public" signature="Professor(String,String,String,University)" num="39" count="22" type="method"/>
            <line num="40" count="22" type="stmt"/>
            <line num="41" count="22" type="stmt"/>
            <line num="42" count="22" type="stmt"/>
            <line num="43" count="22" type="stmt"/>
            <line num="44" count="22" type="stmt"/>
            <line complexity="1" visibility="public" signature="getName() : String" num="52" count="10" type="method"/>
            <line num="53" count="10" type="stmt"/>
            <line complexity="1" visibility="public" signature="getEmail() : String" num="61" count="5" type="method"/>
            <line num="62" count="5" type="stmt"/>
            <line complexity="1" visibility="public" signature="getProfessorID() : String" num="70" count="5" type="method"/>
            <line num="71" count="5" type="stmt"/>
            <line complexity="1" visibility="public" signature="getCourses() : ArrayList&lt;Course&gt;" num="79" count="18" type="method"/>
            <line num="80" count="18" type="stmt"/>
            <line complexity="1" visibility="public" signature="getCourse(int) : Course" num="89" count="0" type="method"/>
            <line num="90" count="0" type="stmt"/>
            <line complexity="1" visibility="public" signature="getUniversityPolicy() : boolean" num="93" count="0" type="method"/>
            <line num="94" count="0" type="stmt"/>
            <line complexity="1" visibility="public" signature="getUniversityName() : String" num="97" count="0" type="method"/>
            <line num="98" count="0" type="stmt"/>
            <line complexity="1" visibility="public" signature="addCourse(Course) : void" num="106" count="6" type="method"/>
            <line num="107" count="6" type="stmt"/>
            <line complexity="1" visibility="public" signature="removeCourse(Course) : boolean" num="116" count="1" type="method"/>
            <line num="117" count="1" type="stmt"/>
         </file>
      </package>
   </project>
   <testproject name="app" timestamp="1711568847132">
      <metrics coveredelements="449" complexity="58" loc="969" methods="53" classes="11" statements="460" packages="1" coveredconditionals="2" coveredmethods="49" elements="523" ncloc="785" files="11" conditionals="10" coveredstatements="398"/>
      <package name="edu.duke.ece651.team2.attendancemanager">
         <metrics coveredelements="449" complexity="58" loc="969" methods="53" classes="11" statements="460" coveredconditionals="2" coveredmethods="49" elements="523" ncloc="785" files="11" conditionals="10" coveredstatements="398"/>
         <file path="/Users/louiseli/Desktop/Assignments/ECE/ECE651/project-team-2/app/src/test/java/edu/duke/ece651/team2/attendancemanager/AttendanceRecordTest.java" name="AttendanceRecordTest.java">
            <metrics coveredelements="52" coveredconditionals="0" complexity="9" loc="102" coveredmethods="9" methods="9" elements="52" classes="1" ncloc="87" statements="43" conditionals="0" coveredstatements="43"/>
            <class name="AttendanceRecordTest">
               <metrics coveredelements="52" complexity="9" methods="9" testruns="8" statements="43" coveredconditionals="0" coveredmethods="9" elements="52" testfailures="0" testduration="0.001" conditionals="0" coveredstatements="43" testpasses="8"/>
            </class>
            <line complexity="1" visibility="package" signature="setUp() : void" num="23" count="8" type="method"/>
            <line num="25" count="8" type="stmt"/>
            <line num="26" count="8" type="stmt"/>
            <line num="27" count="8" type="stmt"/>
            <line num="28" count="8" type="stmt"/>
            <line num="29" count="8" type="stmt"/>
            <line num="30" count="8" type="stmt"/>
            <line complexity="1" visibility="package" signature="testGetAttendanceDate() : void" num="33" testsuccess="true" count="1" testduration="0.0" type="method"/>
            <line num="35" count="1" type="stmt"/>
            <line num="36" count="1" type="stmt"/>
            <line num="37" count="1" type="stmt"/>
            <line num="38" count="1" type="stmt"/>
            <line num="39" count="1" type="stmt"/>
            <line num="40" count="1" type="stmt"/>
            <line num="41" count="1" type="stmt"/>
            <line complexity="1" visibility="package" signature="testSetAttendanceDate() : void" num="44" testsuccess="true" count="1" testduration="0.001" type="method"/>
            <line num="46" count="1" type="stmt"/>
            <line num="47" count="1" type="stmt"/>
            <line num="48" count="1" type="stmt"/>
            <line num="49" count="1" type="stmt"/>
            <line num="50" count="1" type="stmt"/>
            <line num="52" count="1" type="stmt"/>
            <line num="53" count="1" type="stmt"/>
            <line num="54" count="1" type="stmt"/>
            <line complexity="1" visibility="package" signature="testGetStudentID() : void" num="57" testsuccess="true" count="1" testduration="0.0" type="method"/>
            <line num="59" count="1" type="stmt"/>
            <line num="60" count="1" type="stmt"/>
            <line complexity="1" visibility="package" signature="testSetStudentID() : void" num="63" testsuccess="true" count="1" testduration="0.0" type="method"/>
            <line num="65" count="1" type="stmt"/>
            <line num="66" count="1" type="stmt"/>
            <line num="67" count="1" type="stmt"/>
            <line num="68" count="1" type="stmt"/>
            <line complexity="1" visibility="package" signature="testGetStatus() : void" num="71" testsuccess="true" count="1" testduration="0.0" type="method"/>
            <line num="73" count="1" type="stmt"/>
            <line num="74" count="1" type="stmt"/>
            <line complexity="1" visibility="package" signature="testSetStatus() : void" num="77" testsuccess="true" count="1" testduration="0.0" type="method"/>
            <line num="79" count="1" type="stmt"/>
            <line num="80" count="1" type="stmt"/>
            <line num="81" count="1" type="stmt"/>
            <line num="82" count="1" type="stmt"/>
            <line num="83" count="1" type="stmt"/>
            <line num="84" count="1" type="stmt"/>
            <line num="85" count="1" type="stmt"/>
            <line num="86" count="1" type="stmt"/>
            <line complexity="1" visibility="package" signature="testGetLectureID() : void" num="89" testsuccess="true" count="1" testduration="0.0" type="method"/>
            <line num="91" count="1" type="stmt"/>
            <line num="92" count="1" type="stmt"/>
            <line complexity="1" visibility="package" signature="testSetLectureID() : void" num="95" testsuccess="true" count="1" testduration="0.0" type="method"/>
            <line num="97" count="1" type="stmt"/>
            <line num="98" count="1" type="stmt"/>
            <line num="99" count="1" type="stmt"/>
            <line num="100" count="1" type="stmt"/>
         </file>
         <file path="/Users/louiseli/Desktop/Assignments/ECE/ECE651/project-team-2/app/src/test/java/edu/duke/ece651/team2/attendancemanager/AttendanceSessionTest.java" name="AttendanceSessionTest.java">
            <metrics coveredelements="37" coveredconditionals="0" complexity="7" loc="105" coveredmethods="7" methods="7" elements="37" classes="1" ncloc="70" statements="30" conditionals="0" coveredstatements="30"/>
            <class name="AttendanceSessionTest">
               <metrics coveredelements="37" complexity="7" methods="7" testruns="6" statements="30" coveredconditionals="0" coveredmethods="7" elements="37" testfailures="0" testduration="0.0" conditionals="0" coveredstatements="30" testpasses="6"/>
            </class>
            <line complexity="1" visibility="public" signature="setUp() : void" num="21" count="6" type="method"/>
            <line num="26" count="6" type="stmt"/>
            <line complexity="1" visibility="package" signature="testRecordAttendanceNewRecord() : void" num="30" testsuccess="true" count="1" testduration="0.0" type="method"/>
            <line num="32" count="1" type="stmt"/>
            <line num="33" count="1" type="stmt"/>
            <line num="34" count="1" type="stmt"/>
            <line num="35" count="1" type="stmt"/>
            <line num="38" count="1" type="stmt"/>
            <line num="41" count="1" type="stmt"/>
            <line num="42" count="1" type="stmt"/>
            <line num="43" count="1" type="stmt"/>
            <line num="44" count="1" type="stmt"/>
            <line num="45" count="1" type="stmt"/>
            <line num="46" count="1" type="stmt"/>
            <line complexity="1" visibility="package" signature="testRecordAttendanceDuplicateRecord() : void" num="49" testsuccess="true" count="1" testduration="0.0" type="method"/>
            <line num="51" count="1" type="stmt"/>
            <line num="52" count="1" type="stmt"/>
            <line num="53" count="1" type="stmt"/>
            <line num="54" count="1" type="stmt"/>
            <line num="57" count="1" type="stmt"/>
            <line num="60" count="1" type="stmt"/>
            <line num="63" count="1" type="stmt"/>
            <line complexity="1" visibility="package" signature="testUpdateAttendanceRecord() : void" num="66" testsuccess="true" count="1" testduration="0.0" type="method"/>
            <line num="70" count="1" type="stmt"/>
            <line num="71" count="1" type="stmt"/>
            <line num="74" count="1" type="stmt"/>
            <line num="78" count="1" type="stmt"/>
            <line num="79" count="1" type="stmt"/>
            <line complexity="1" visibility="package" signature="testRemoveAttendanceRecord() : void" num="82" testsuccess="true" count="1" testduration="0.0" type="method"/>
            <line num="85" count="1" type="stmt"/>
            <line num="86" count="1" type="stmt"/>
            <line num="89" count="1" type="stmt"/>
            <line num="91" count="1" type="stmt"/>
            <line complexity="1" visibility="package" signature="testUpdateNonexistentAttendanceRecord() : void" num="94" testsuccess="true" count="1" testduration="0.0" type="method"/>
            <line num="97" count="1" type="stmt"/>
            <line complexity="1" visibility="package" signature="testRemoveNonexistentAttendanceRecord() : void" num="100" testsuccess="true" count="1" testduration="0.0" type="method"/>
            <line num="103" count="1" type="stmt"/>
         </file>
         <file path="/Users/louiseli/Desktop/Assignments/ECE/ECE651/project-team-2/app/src/test/java/edu/duke/ece651/team2/attendancemanager/PersistenceManagerTest.java" name="PersistenceManagerTest.java">
            <metrics coveredelements="23" coveredconditionals="0" complexity="2" loc="44" coveredmethods="2" methods="2" elements="23" classes="1" ncloc="38" statements="21" conditionals="0" coveredstatements="21"/>
            <class name="PersistenceManagerTest">
               <metrics coveredelements="23" complexity="2" methods="2" testruns="2" statements="21" coveredconditionals="0" coveredmethods="2" elements="23" testfailures="0" testduration="0.002" conditionals="0" coveredstatements="21" testpasses="2"/>
            </class>
            <line complexity="1" visibility="public" signature="testWriteRecordsToCSV() : void" num="16" testsuccess="true" count="1" testduration="0.001" type="method"/>
            <line num="18" count="1" type="stmt"/>
            <line num="19" count="1" type="stmt"/>
            <line num="20" count="1" type="stmt"/>
            <line num="21" count="1" type="stmt"/>
            <line num="22" count="1" type="stmt"/>
            <line num="23" count="1" type="stmt"/>
            <line num="24" count="1" type="stmt"/>
            <line num="25" count="1" type="stmt"/>
            <line num="26" count="1" type="stmt"/>
            <line num="27" count="1" type="stmt"/>
            <line complexity="1" visibility="public" signature="testWriteRecordsToJSON() : void" num="30" testsuccess="true" count="1" testduration="0.001" type="method"/>
            <line num="32" count="1" type="stmt"/>
            <line num="33" count="1" type="stmt"/>
            <line num="34" count="1" type="stmt"/>
            <line num="35" count="1" type="stmt"/>
            <line num="36" count="1" type="stmt"/>
            <line num="37" count="1" type="stmt"/>
            <line num="38" count="1" type="stmt"/>
            <line num="39" count="1" type="stmt"/>
            <line num="40" count="1" type="stmt"/>
            <line num="41" count="1" type="stmt"/>
            <line num="42" count="1" type="stmt"/>
         </file>
         <file path="/Users/louiseli/Desktop/Assignments/ECE/ECE651/project-team-2/app/src/test/java/edu/duke/ece651/team2/attendancemanager/ProfessorTest.java" name="ProfessorTest.java">
            <metrics coveredelements="31" coveredconditionals="0" complexity="5" loc="66" coveredmethods="5" methods="5" elements="31" classes="1" ncloc="51" statements="26" conditionals="0" coveredstatements="26"/>
            <class name="ProfessorTest">
               <metrics coveredelements="31" complexity="5" methods="5" testruns="4" statements="26" coveredconditionals="0" coveredmethods="5" elements="31" testfailures="0" testduration="0.0" conditionals="0" coveredstatements="26" testpasses="4"/>
            </class>
            <line complexity="1" visibility="package" signature="setUp() : void" num="13" count="4" type="method"/>
            <line num="15" count="4" type="stmt"/>
            <line num="16" count="4" type="stmt"/>
            <line num="17" count="4" type="stmt"/>
            <line num="18" count="4" type="stmt"/>
            <line num="19" count="4" type="stmt"/>
            <line complexity="1" visibility="public" signature="testGetName() : void" num="24" testsuccess="true" count="1" testduration="0.0" type="method"/>
            <line num="26" count="1" type="stmt"/>
            <line num="27" count="1" type="stmt"/>
            <line num="28" count="1" type="stmt"/>
            <line complexity="1" visibility="public" signature="testGetEmail() : void" num="31" testsuccess="true" count="1" testduration="0.0" type="method"/>
            <line num="33" count="1" type="stmt"/>
            <line num="34" count="1" type="stmt"/>
            <line num="35" count="1" type="stmt"/>
            <line complexity="1" visibility="package" signature="testGetProfessorID() : void" num="38" testsuccess="true" count="1" testduration="0.0" type="method"/>
            <line num="40" count="1" type="stmt"/>
            <line num="41" count="1" type="stmt"/>
            <line num="42" count="1" type="stmt"/>
            <line complexity="1" visibility="package" signature="testCourses() : void" num="45" testsuccess="true" count="1" testduration="0.0" type="method"/>
            <line num="48" count="1" type="stmt"/>
            <line num="49" count="1" type="stmt"/>
            <line num="51" count="1" type="stmt"/>
            <line num="52" count="1" type="stmt"/>
            <line num="53" count="1" type="stmt"/>
            <line num="54" count="1" type="stmt"/>
            <line num="57" count="1" type="stmt"/>
            <line num="58" count="1" type="stmt"/>
            <line num="59" count="1" type="stmt"/>
            <line num="62" count="1" type="stmt"/>
            <line num="63" count="1" type="stmt"/>
            <line num="64" count="1" type="stmt"/>
         </file>
         <file path="/Users/louiseli/Desktop/Assignments/ECE/ECE651/project-team-2/app/src/test/java/edu/duke/ece651/team2/attendancemanager/EventManagerTest.java" name="EventManagerTest.java">
            <metrics coveredelements="17" coveredconditionals="0" complexity="1" loc="43" coveredmethods="1" methods="1" elements="17" classes="1" ncloc="33" statements="16" conditionals="0" coveredstatements="16"/>
            <class name="EventManagerTest">
               <metrics coveredelements="17" complexity="1" methods="1" testruns="1" statements="16" coveredconditionals="0" coveredmethods="1" elements="17" testfailures="0" testduration="0.001" conditionals="0" coveredstatements="16" testpasses="1"/>
            </class>
            <line complexity="1" visibility="public" signature="testNotifyAttendanceChanged() : void" num="17" testsuccess="true" count="1" testduration="0.001" type="method"/>
            <line num="20" count="1" type="stmt"/>
            <line num="21" count="1" type="stmt"/>
            <line num="22" count="1" type="stmt"/>
            <line num="24" count="1" type="stmt"/>
            <line num="25" count="1" type="stmt"/>
            <line num="26" count="1" type="stmt"/>
            <line num="28" count="1" type="stmt"/>
            <line num="29" count="1" type="stmt"/>
            <line num="30" count="1" type="stmt"/>
            <line num="32" count="1" type="stmt"/>
            <line num="33" count="1" type="stmt"/>
            <line num="34" count="1" type="stmt"/>
            <line num="36" count="1" type="stmt"/>
            <line num="39" count="1" type="stmt"/>
            <line num="40" count="1" type="stmt"/>
            <line num="41" count="1" type="stmt"/>
         </file>
         <file path="/Users/louiseli/Desktop/Assignments/ECE/ECE651/project-team-2/app/src/test/java/edu/duke/ece651/team2/attendancemanager/CourseTest.java" name="CourseTest.java">
            <metrics coveredelements="83" coveredconditionals="0" complexity="5" loc="131" coveredmethods="4" methods="5" elements="86" classes="1" ncloc="116" statements="81" conditionals="0" coveredstatements="79"/>
            <class name="CourseTest">
               <metrics coveredelements="83" complexity="5" methods="5" testruns="4" statements="81" coveredconditionals="0" coveredmethods="4" elements="86" testfailures="0" testduration="0.008" conditionals="0" coveredstatements="79" testpasses="4"/>
            </class>
            <line complexity="1" visibility="package" signature="provideInput(String) : BufferedReader" num="28" count="0" type="method"/>
            <line num="29" count="0" type="stmt"/>
            <line num="30" count="0" type="stmt"/>
            <line complexity="1" visibility="public" signature="testConstructors() : void" num="33" testsuccess="true" count="1" testduration="0.0" type="method"/>
            <line num="35" count="1" type="stmt"/>
            <line num="36" count="1" type="stmt"/>
            <line num="37" count="1" type="stmt"/>
            <line num="38" count="1" type="stmt"/>
            <line num="39" count="1" type="stmt"/>
            <line num="40" count="1" type="stmt"/>
            <line num="41" count="1" type="stmt"/>
            <line num="42" count="1" type="stmt"/>
            <line num="43" count="1" type="stmt"/>
            <line num="44" count="1" type="stmt"/>
            <line num="45" count="1" type="stmt"/>
            <line num="46" count="1" type="stmt"/>
            <line num="47" count="1" type="stmt"/>
            <line num="48" count="1" type="stmt"/>
            <line num="49" count="1" type="stmt"/>
            <line num="50" count="1" type="stmt"/>
            <line num="51" count="1" type="stmt"/>
            <line num="52" count="1" type="stmt"/>
            <line num="53" count="1" type="stmt"/>
            <line num="54" count="1" type="stmt"/>
            <line complexity="1" visibility="public" signature="testaddStudents() : void" num="57" testsuccess="true" count="1" testduration="0.0" type="method"/>
            <line num="59" count="1" type="stmt"/>
            <line num="60" count="1" type="stmt"/>
            <line num="61" count="1" type="stmt"/>
            <line num="62" count="1" type="stmt"/>
            <line num="63" count="1" type="stmt"/>
            <line num="64" count="1" type="stmt"/>
            <line num="65" count="1" type="stmt"/>
            <line num="66" count="1" type="stmt"/>
            <line num="67" count="1" type="stmt"/>
            <line complexity="1" visibility="public" signature="testStartLecture() : void" num="70" testsuccess="true" count="1" testduration="0.0" type="method"/>
            <line num="72" count="1" type="stmt"/>
            <line num="73" count="1" type="stmt"/>
            <line num="74" count="1" type="stmt"/>
            <line num="77" count="1" type="stmt"/>
            <line num="78" count="1" type="stmt"/>
            <line num="79" count="1" type="stmt"/>
            <line num="80" count="1" type="stmt"/>
            <line num="81" count="1" type="stmt"/>
            <line num="82" count="1" type="stmt"/>
            <line num="83" count="1" type="stmt"/>
            <line num="84" count="1" type="stmt"/>
            <line num="85" count="1" type="stmt"/>
            <line num="86" count="1" type="stmt"/>
[...]
            </class>
            <line complexity="1" visibility="public" signature="test_setter_getter() : void" num="8" testsuccess="true" count="1" testduration="0.0" type="method"/>
            <line num="10" count="1" type="stmt"/>
            <line num="11" count="1" type="stmt"/>
            <line num="12" count="1" type="stmt"/>
            <line num="13" count="1" type="stmt"/>
            <line num="14" count="1" type="stmt"/>
            <line num="15" count="1" type="stmt"/>
            <line num="16" count="1" type="stmt"/>
            <line num="17" count="1" type="stmt"/>
            <line num="18" count="1" type="stmt"/>
            <line num="19" count="1" type="stmt"/>
         </file>
         <file path="/Users/louiseli/Desktop/Assignments/ECE/ECE651/project-team-2/app/src/test/java/edu/duke/ece651/team2/attendancemanager/AppTest.java" name="AppTest.java">
            <metrics coveredelements="1" coveredconditionals="0" complexity="1" loc="15" coveredmethods="1" methods="1" elements="1" classes="1" ncloc="8" statements="0" conditionals="0" coveredstatements="0"/>
            <class name="AppTest">
               <metrics coveredelements="1" complexity="1" methods="1" testruns="1" statements="0" coveredconditionals="0" coveredmethods="1" elements="1" testfailures="0" testduration="0.001" conditionals="0" coveredstatements="0" testpasses="1"/>
            </class>
            <line complexity="1" visibility="package" signature="appHasAGreeting() : void" num="10" testsuccess="true" count="1" testduration="0.001" type="method"/>
         </file>
         <file path="/Users/louiseli/Desktop/Assignments/ECE/ECE651/project-team-2/app/src/test/java/edu/duke/ece651/team2/attendancemanager/LectureTest.java" name="LectureTest.java">
            <metrics coveredelements="21" coveredconditionals="0" complexity="5" loc="57" coveredmethods="4" methods="5" elements="24" classes="1" ncloc="46" statements="19" conditionals="0" coveredstatements="17"/>
            <class name="LectureTest">
               <metrics coveredelements="21" complexity="5" methods="5" testruns="3" statements="19" coveredconditionals="0" coveredmethods="4" elements="24" testfailures="0" testduration="0.0" conditionals="0" coveredstatements="17" testpasses="3"/>
            </class>
            <line complexity="1" visibility="protected" signature="initailSetting() : ArrayList&lt;Student&gt;" num="17" count="2" type="method"/>
            <line num="18" count="2" type="stmt"/>
            <line num="20" count="2" type="stmt"/>
            <line num="22" count="2" type="stmt"/>
            <line num="23" count="2" type="stmt"/>
            <line num="24" count="2" type="stmt"/>
            <line num="25" count="2" type="stmt"/>
            <line complexity="1" visibility="public" signature="test_LectureGetterSetter() : void" num="28" testsuccess="true" count="1" testduration="0.0" type="method"/>
            <line num="30" count="1" type="stmt"/>
            <line num="31" count="1" type="stmt"/>
            <line num="32" count="1" type="stmt"/>
            <line num="33" count="1" type="stmt"/>
            <line num="34" count="1" type="stmt"/>
            <line num="35" count="1" type="stmt"/>
            <line num="36" count="1" type="stmt"/>
            <line num="37" count="1" type="stmt"/>
            <line num="38" count="1" type="stmt"/>
            <line complexity="1" visibility="package" signature="provideInput(String) : BufferedReader" num="41" count="0" type="method"/>
            <line num="42" count="0" type="stmt"/>
            <line num="43" count="0" type="stmt"/>
            <line complexity="1" visibility="public" signature="testAttendanceRecord() : void" num="47" testsuccess="true" count="1" testduration="0.0" type="method"/>
            <line num="49" count="1" type="stmt"/>
            <line num="50" count="1" type="stmt"/>
            <line complexity="1" visibility="public" signature="testEndLecture() : void" num="53" testsuccess="true" count="1" testduration="0.0" type="method"/>
         </file>
         <file path="/Users/louiseli/Desktop/Assignments/ECE/ECE651/project-team-2/app/src/test/java/edu/duke/ece651/team2/attendancemanager/TextUserControllerTest.java" name="TextUserControllerTest.java">
            <metrics coveredelements="114" coveredconditionals="2" complexity="18" loc="273" coveredmethods="11" methods="13" elements="182" classes="1" ncloc="232" statements="159" conditionals="10" coveredstatements="101"/>
            <class name="TextUserControllerTest">
               <metrics coveredelements="114" complexity="18" methods="13" testruns="10" statements="159" coveredconditionals="2" coveredmethods="11" elements="182" testfailures="0" testduration="0.001" conditionals="10" coveredstatements="101" testpasses="10"/>
            </class>
            <line complexity="1" visibility="public" signature="setUp() : void" num="26" count="10" type="method"/>
            <line num="28" count="10" type="stmt"/>
            <line complexity="1" visibility="public" signature="testReadNewStudents() : void" num="31" testsuccess="true" count="1" testduration="0.0" type="method"/>
            <line num="33" count="1" type="stmt"/>
            <line num="34" count="1" type="stmt"/>
            <line num="36" count="1" type="stmt"/>
            <line num="38" count="1" type="stmt"/>
            <line num="39" count="1" type="stmt"/>
            <line num="40" count="1" type="stmt"/>
            <line num="41" count="1" type="stmt"/>
            <line num="42" count="1" type="stmt"/>
            <line num="43" count="1" type="stmt"/>
            <line num="48" count="1" type="stmt"/>
            <line complexity="1" visibility="public" signature="testReadStudentStatus() : void" num="51" testsuccess="true" count="1" testduration="0.0" type="method"/>
            <line num="53" count="1" type="stmt"/>
            <line num="54" count="1" type="stmt"/>
            <line num="55" count="1" type="stmt"/>
            <line num="57" count="1" type="stmt"/>
            <line num="58" count="1" type="stmt"/>
            <line num="60" count="1" type="stmt"/>
            <line num="62" count="1" type="stmt"/>
            <line num="63" count="1" type="stmt"/>
            <line num="64" count="1" type="stmt"/>
            <line num="66" count="1" type="stmt"/>
            <line num="68" count="1" type="stmt"/>
            <line num="69" count="1" type="stmt"/>
            <line num="71" count="1" type="stmt"/>
            <line complexity="1" visibility="public" signature="testReadNewProfessor() : void" num="75" testsuccess="true" count="1" testduration="0.001" type="method"/>
            <line num="77" count="1" type="stmt"/>
            <line num="78" count="1" type="stmt"/>
            <line num="79" count="1" type="stmt"/>
            <line num="80" count="1" type="stmt"/>
            <line num="81" count="1" type="stmt"/>
            <line num="83" count="1" type="stmt"/>
            <line num="84" count="1" type="stmt"/>
            <line num="85" count="1" type="stmt"/>
            <line num="86" count="1" type="stmt"/>
            <line num="88" count="1" type="stmt"/>
            <line num="89" count="1" type="stmt"/>
            <line num="90" count="1" type="stmt"/>
            <line num="91" count="1" type="stmt"/>
            <line num="92" count="1" type="stmt"/>
            <line complexity="1" visibility="public" signature="testReadNewCourse() : void" num="95" testsuccess="true" count="1" testduration="0.0" type="method"/>
            <line num="97" count="1" type="stmt"/>
            <line num="98" count="1" type="stmt"/>
            <line num="99" count="1" type="stmt"/>
            <line num="101" count="1" type="stmt"/>
            <line num="102" count="1" type="stmt"/>
            <line num="104" count="1" type="stmt"/>
            <line num="105" count="1" type="stmt"/>
            <line num="107" count="1" type="stmt"/>
            <line num="108" count="1" type="stmt"/>
            <line num="109" count="1" type="stmt"/>
            <line num="112" count="1" type="stmt"/>
            <line num="113" count="1" type="stmt"/>
            <line num="114" count="1" type="stmt"/>
            <line num="115" count="1" type="stmt"/>
            <line num="116" count="1" type="stmt"/>
            <line num="117" count="1" type="stmt"/>
            <line num="120" count="1" type="stmt"/>
            <line num="121" count="1" type="stmt"/>
            <line complexity="1" visibility="public" signature="testReadActionValidInput() : void" num="124" testsuccess="true" count="1" testduration="0.0" type="method"/>
            <line num="126" count="1" type="stmt"/>
            <line num="127" count="1" type="stmt"/>
            <line num="129" count="1" type="stmt"/>
            <line num="130" count="1" type="stmt"/>
            <line complexity="1" visibility="public" signature="testReadActionInvalidThenValidInput() : void" num="133" testsuccess="true" count="1" testduration="0.0" type="method"/>
            <line num="135" count="1" type="stmt"/>
            <line num="136" count="1" type="stmt"/>
            <line num="138" count="1" type="stmt"/>
            <line num="139" count="1" type="stmt"/>
            <line complexity="1" visibility="public" signature="testAskHeader() : void" num="142" testsuccess="true" count="1" testduration="0.0" type="method"/>
            <line num="144" count="1" type="stmt"/>
            <line num="145" count="1" type="stmt"/>
            <line num="146" count="1" type="stmt"/>
            <line num="147" count="1" type="stmt"/>
            <line num="148" count="1" type="stmt"/>
            <line num="149" count="1" type="stmt"/>
            <line num="150" count="1" type="stmt"/>
            <line num="151" count="1" type="stmt"/>
            <line num="152" count="1" type="stmt"/>
            <line complexity="2" visibility="public" signature="testReadLines() : void" num="155" testsuccess="true" count="1" testduration="0.0" type="method"/>
            <line num="157" count="1" type="stmt"/>
            <line num="158" count="1" type="stmt"/>
            <line num="159" count="1" type="stmt"/>
            <line num="160" count="1" type="stmt"/>
            <line num="161" count="1" type="stmt"/>
            <line num="162" count="1" type="stmt"/>
            <line num="163" count="1" type="stmt"/>
            <line num="164" count="1" type="stmt"/>
            <line num="165" count="1" type="stmt"/>
            <line falsecount="1" truecount="5" num="165" type="cond"/>
            <line num="166" count="5" type="stmt"/>
            <line complexity="1" visibility="public" signature="testFileColumns() : void" num="170" testsuccess="true" count="1" testduration="0.0" type="method"/>
            <line num="172" count="1" type="stmt"/>
            <line num="173" count="1" type="stmt"/>
            <line num="181" count="1" type="stmt"/>
            <line num="182" count="1" type="stmt"/>
            <line num="183" count="1" type="stmt"/>
            <line complexity="1" visibility="public" signature="testReadColumns() : void" num="186" testsuccess="true" count="1" testduration="0.0" type="method"/>
            <line num="188" count="1" type="stmt"/>
            <line num="189" count="1" type="stmt"/>
            <line num="190" count="1" type="stmt"/>
            <line num="191" count="1" type="stmt"/>
            <line num="192" count="1" type="stmt"/>
            <line num="193" count="1" type="stmt"/>
            <line num="194" count="1" type="stmt"/>
            <line num="195" count="1" type="stmt"/>
            <line num="196" count="1" type="stmt"/>
            <line num="197" count="1" type="stmt"/>
            <line num="198" count="1" type="stmt"/>
            <line num="199" count="1" type="stmt"/>
            <line num="200" count="1" type="stmt"/>
            <line complexity="3" visibility="public" signature="testReadStudents() : void" num="202" count="0" type="method"/>
            <line num="205" count="0" type="stmt"/>
            <line num="206" count="0" type="stmt"/>
            <line num="207" count="0" type="stmt"/>
            <line num="208" count="0" type="stmt"/>
            <line num="209" count="0" type="stmt"/>
            <line num="210" count="0" type="stmt"/>
            <line num="211" count="0" type="stmt"/>
            <line num="212" count="0" type="stmt"/>
            <line falsecount="0" truecount="0" num="212" type="cond"/>
            <line num="213" count="0" type="stmt"/>
            <line num="215" count="0" type="stmt"/>
            <line num="216" count="0" type="stmt"/>
            <line num="217" count="0" type="stmt"/>
            <line num="218" count="0" type="stmt"/>
            <line num="219" count="0" type="stmt"/>
            <line num="220" count="0" type="stmt"/>
            <line num="221" count="0" type="stmt"/>
            <line num="222" count="0" type="stmt"/>
            <line num="223" count="0" type="stmt"/>
            <line num="224" count="0" type="stmt"/>
            <line num="225" count="0" type="stmt"/>
            <line num="226" count="0" type="stmt"/>
            <line num="227" count="0" type="stmt"/>
            <line num="228" count="0" type="stmt"/>
            <line num="229" count="0" type="stmt"/>
            <line num="230" count="0" type="stmt"/>
            <line num="231" count="0" type="stmt"/>
            <line falsecount="0" truecount="0" num="231" type="cond"/>
            <line num="232" count="0" type="stmt"/>
            <line num="233" count="0" type="stmt"/>
            <line num="234" count="0" type="stmt"/>
            <line num="235" count="0" type="stmt"/>
            <line complexity="3" visibility="public" signature="testReadCSVFiles() : void" num="238" count="0" type="method"/>
            <line num="241" count="0" type="stmt"/>
            <line num="242" count="0" type="stmt"/>
            <line num="243" count="0" type="stmt"/>
            <line num="244" count="0" type="stmt"/>
            <line num="245" count="0" type="stmt"/>
            <line num="246" count="0" type="stmt"/>
            <line num="247" count="0" type="stmt"/>
            <line num="248" count="0" type="stmt"/>
            <line falsecount="0" truecount="0" num="248" type="cond"/>
            <line num="249" count="0" type="stmt"/>
            <line num="251" count="0" type="stmt"/>
            <line num="252" count="0" type="stmt"/>
            <line num="253" count="0" type="stmt"/>
            <line num="254" count="0" type="stmt"/>
            <line num="255" count="0" type="stmt"/>
            <line num="256" count="0" type="stmt"/>
            <line num="257" count="0" type="stmt"/>
            <line num="258" count="0" type="stmt"/>
            <line num="259" count="0" type="stmt"/>
            <line num="260" count="0" type="stmt"/>
            <line num="261" count="0" type="stmt"/>
            <line num="262" count="0" type="stmt"/>
            <line num="263" count="0" type="stmt"/>
            <line num="264" count="0" type="stmt"/>
            <line num="265" count="0" type="stmt"/>
            <line falsecount="0" truecount="0" num="265" type="cond"/>
            <line num="266" count="0" type="stmt"/>
            <line num="267" count="0" type="stmt"/>
            <line num="268" count="0" type="stmt"/>
            <line num="269" count="0" type="stmt"/>
         </file>
         <file path="/Users/louiseli/Desktop/Assignments/ECE/ECE651/project-team-2/app/src/test/java/edu/duke/ece651/team2/attendancemanager/TextUserViewTest.java" name="TextUserViewTest.java">
            <metrics coveredelements="59" coveredconditionals="0" complexity="4" loc="112" coveredmethods="4" methods="4" elements="59" classes="1" ncloc="86" statements="55" conditionals="0" coveredstatements="55"/>
            <class name="TextUserViewTest">
               <metrics coveredelements="59" complexity="4" methods="4" testruns="4" statements="55" coveredconditionals="0" coveredmethods="4" elements="59" testfailures="0" testduration="0.002" conditionals="0" coveredstatements="55" testpasses="4"/>
            </class>
            <line complexity="1" visibility="package" signature="testPrintCourse() : void" num="11" testsuccess="true" count="1" testduration="0.002" type="method"/>
            <line num="13" count="1" type="stmt"/>
            <line num="14" count="1" type="stmt"/>
            <line num="15" count="1" type="stmt"/>
            <line num="17" count="1" type="stmt"/>
            <line num="19" count="1" type="stmt"/>
            <line num="20" count="1" type="stmt"/>
            <line num="21" count="1" type="stmt"/>
            <line num="22" count="1" type="stmt"/>
            <line num="24" count="1" type="stmt"/>
            <line num="25" count="1" type="stmt"/>
            <line num="27" count="1" type="stmt"/>
            <line num="32" count="1" type="stmt"/>
            <line num="33" count="1" type="stmt"/>
            <line complexity="1" visibility="package" signature="testPrintStudents() : void" num="36" testsuccess="true" count="1" testduration="0.0" type="method"/>
            <line num="38" count="1" type="stmt"/>
            <line num="39" count="1" type="stmt"/>
            <line num="40" count="1" type="stmt"/>
            <line num="42" count="1" type="stmt"/>
            <line num="43" count="1" type="stmt"/>
            <line num="44" count="1" type="stmt"/>
            <line num="45" count="1" type="stmt"/>
            <line num="46" count="1" type="stmt"/>
            <line num="47" count="1" type="stmt"/>
            <line num="49" count="1" type="stmt"/>
            <line num="51" count="1" type="stmt"/>
            <line num="52" count="1" type="stmt"/>
            <line num="54" count="1" type="stmt"/>
            <line num="59" count="1" type="stmt"/>
            <line num="60" count="1" type="stmt"/>
            <line complexity="1" visibility="package" signature="testPrintStudentStatuses() : void" num="63" testsuccess="true" count="1" testduration="0.0" type="method"/>
            <line num="65" count="1" type="stmt"/>
            <line num="66" count="1" type="stmt"/>
            <line num="67" count="1" type="stmt"/>
            <line num="69" count="1" type="stmt"/>
            <line num="71" count="1" type="stmt"/>
            <line num="72" count="1" type="stmt"/>
            <line num="73" count="1" type="stmt"/>
            <line num="74" count="1" type="stmt"/>
            <line num="75" count="1" type="stmt"/>
            <line num="76" count="1" type="stmt"/>
            <line num="77" count="1" type="stmt"/>
            <line complexity="1" visibility="package" signature="testPrintLectures() : void" num="84" testsuccess="true" count="1" testduration="0.0" type="method"/>
            <line num="86" count="1" type="stmt"/>
            <line num="87" count="1" type="stmt"/>
            <line num="88" count="1" type="stmt"/>
            <line num="90" count="1" type="stmt"/>
            <line num="91" count="1" type="stmt"/>
            <line num="92" count="1" type="stmt"/>
            <line num="93" count="1" type="stmt"/>
            <line num="94" count="1" type="stmt"/>
            <line num="95" count="1" type="stmt"/>
            <line num="96" count="1" type="stmt"/>
            <line num="97" count="1" type="stmt"/>
            <line num="99" count="1" type="stmt"/>
            <line num="101" count="1" type="stmt"/>
            <line num="103" count="1" type="stmt"/>
            <line num="108" count="1" type="stmt"/>
            <line num="109" count="1" type="stmt"/>
         </file>
      </package>
   </testproject>
</coverage>