ButtonControllerTest > testOnLogInButtonAlert() STANDARD_ERROR
    Apr 27, 2024 8:52:01 PM com.sun.javafx.application.PlatformImpl startup
    WARNING: Unsupported JavaFX configuration: classes were loaded from 'unnamed module @4b14c583'
    Loading library prism_es2 from resource failed: java.lang.UnsatisfiedLinkError: /home/juser/.openjfx/cache/19.0.2.1+1/amd64/libprism_es2.so: libX11.so.6: cannot open shared object file: No such file or directory
    java.lang.UnsatisfiedLinkError: /home/juser/.openjfx/cache/19.0.2.1+1/amd64/libprism_es2.so: libX11.so.6: cannot open shared object file: No such file or directory
    	at java.base/jdk.internal.loader.NativeLibraries.load(Native Method)
    	at java.base/jdk.internal.loader.NativeLibraries$NativeLibraryImpl.open(NativeLibraries.java:388)
    	at java.base/jdk.internal.loader.NativeLibraries.loadLibrary(NativeLibraries.java:232)
    	at java.base/jdk.internal.loader.NativeLibraries.loadLibrary(NativeLibraries.java:174)
    	at java.base/java.lang.ClassLoader.loadLibrary(ClassLoader.java:2394)
    	at java.base/java.lang.Runtime.load0(Runtime.java:755)
    	at java.base/java.lang.System.load(System.java:1957)
    	at com.sun.glass.utils.NativeLibLoader.installLibraryFromResource(NativeLibLoader.java:217)
    	at com.sun.glass.utils.NativeLibLoader.loadLibraryFromResource(NativeLibLoader.java:197)
    	at com.sun.glass.utils.NativeLibLoader.loadLibraryInternal(NativeLibLoader.java:138)
    	at com.sun.glass.utils.NativeLibLoader.loadLibrary(NativeLibLoader.java:54)
    	at com.sun.prism.es2.ES2Pipeline.lambda$static$0(ES2Pipeline.java:63)
    	at java.base/java.security.AccessController.doPrivileged(AccessController.java:318)
    	at com.sun.prism.es2.ES2Pipeline.<clinit>(ES2Pipeline.java:52)
    	at java.base/java.lang.Class.forName0(Native Method)
    	at java.base/java.lang.Class.forName(Class.java:375)
    	at com.sun.prism.GraphicsPipeline.createPipeline(GraphicsPipeline.java:218)
    	at com.sun.javafx.tk.quantum.QuantumRenderer$PipelineRunnable.init(QuantumRenderer.java:92)
    	at com.sun.javafx.tk.quantum.QuantumRenderer$PipelineRunnable.run(QuantumRenderer.java:125)
    	at java.base/java.lang.Thread.run(Thread.java:840)
    Loading library javafx_font_pango from resource failed: java.lang.UnsatisfiedLinkError: /home/juser/.openjfx/cache/19.0.2.1+1/amd64/libjavafx_font_pango.so: libpangoft2-1.0.so.0: cannot open shared object file: No such file or directory
    java.lang.UnsatisfiedLinkError: /home/juser/.openjfx/cache/19.0.2.1+1/amd64/libjavafx_font_pango.so: libpangoft2-1.0.so.0: cannot open shared object file: No such file or directory
    	at java.base/jdk.internal.loader.NativeLibraries.load(Native Method)
    	at java.base/jdk.internal.loader.NativeLibraries$NativeLibraryImpl.open(NativeLibraries.java:388)
    	at java.base/jdk.internal.loader.NativeLibraries.loadLibrary(NativeLibraries.java:232)
    	at java.base/jdk.internal.loader.NativeLibraries.loadLibrary(NativeLibraries.java:174)
    	at java.base/java.lang.ClassLoader.loadLibrary(ClassLoader.java:2394)
    	at java.base/java.lang.Runtime.load0(Runtime.java:755)
    	at java.base/java.lang.System.load(System.java:1957)
    	at com.sun.glass.utils.NativeLibLoader.installLibraryFromResource(NativeLibLoader.java:217)
    	at com.sun.glass.utils.NativeLibLoader.loadLibraryFromResource(NativeLibLoader.java:197)
    	at com.sun.glass.utils.NativeLibLoader.loadLibraryInternal(NativeLibLoader.java:138)
    	at com.sun.glass.utils.NativeLibLoader.loadLibrary(NativeLibLoader.java:54)
    	at com.sun.javafx.font.freetype.OSPango.lambda$static$0(OSPango.java:37)
    	at java.base/java.security.AccessController.doPrivileged(AccessController.java:318)
    	at com.sun.javafx.font.freetype.OSPango.<clinit>(OSPango.java:36)
    	at com.sun.javafx.font.freetype.PangoGlyphLayout.<clinit>(PangoGlyphLayout.java:45)
    	at com.sun.javafx.font.freetype.FTFactory.createGlyphLayout(FTFactory.java:82)
    	at com.sun.javafx.text.GlyphLayout.newInstance(GlyphLayout.java:377)
    	at com.sun.javafx.text.GlyphLayout.<clinit>(GlyphLayout.java:372)
    	at com.sun.javafx.text.PrismTextLayout.buildRuns(PrismTextLayout.java:784)
    	at com.sun.javafx.text.PrismTextLayout.layout(PrismTextLayout.java:1036)
    	at com.sun.javafx.text.PrismTextLayout.ensureLayout(PrismTextLayout.java:223)
    	at com.sun.javafx.text.PrismTextLayout.getBounds(PrismTextLayout.java:246)
    	at com.sun.javafx.scene.control.skin.Utils.computeTextWidth(Utils.java:129)
    	at javafx.scene.control.skin.LabeledSkinBase.computeMinLabeledPartWidth(LabeledSkinBase.java:795)
    	at javafx.scene.control.skin.LabeledSkinBase.computeMinWidth(LabeledSkinBase.java:306)
    	at javafx.scene.control.Control.computeMinWidth(Control.java:480)
    	at javafx.scene.Parent.minWidth(Parent.java:1048)
    	at javafx.scene.layout.Region.minWidth(Region.java:1553)
    	at javafx.scene.layout.Region.computeChildPrefAreaWidth(Region.java:2012)
    	at javafx.scene.layout.Region.getMaxAreaWidth(Region.java:2281)
    	at javafx.scene.layout.Region.computeMaxPrefAreaWidth(Region.java:2150)
    	at javafx.scene.layout.StackPane.computePrefWidth(StackPane.java:303)
    	at javafx.scene.Parent.prefWidth(Parent.java:1020)
    	at javafx.scene.layout.Region.prefWidth(Region.java:1589)
    	at javafx.scene.Scene.getPreferredWidth(Scene.java:1837)
    	at javafx.scene.Scene.resizeRootToPreferredSize(Scene.java:1813)
    	at javafx.scene.Scene.preferredSize(Scene.java:1785)
    	at javafx.scene.Scene$2.preferredSize(Scene.java:409)
    	at com.sun.javafx.scene.SceneHelper.preferredSize(SceneHelper.java:66)
    	at javafx.stage.Window$12.invalidated(Window.java:1163)
    	at javafx.beans.property.BooleanPropertyBase.markInvalid(BooleanPropertyBase.java:110)
    	at javafx.beans.property.BooleanPropertyBase.set(BooleanPropertyBase.java:145)
    	at javafx.stage.Window.setShowing(Window.java:1239)
    	at javafx.stage.Window.show(Window.java:1254)
    	at javafx.stage.Stage.show(Stage.java:277)
    	at edu.duke.ece651.team2.client.ButtonControllerTest.lambda$__CLR4_4_1sbpy61nt$2(ButtonControllerTest.java:136)
    	at com.sun.javafx.application.PlatformImpl.lambda$runLater$10(PlatformImpl.java:457)
    	at java.base/java.security.AccessController.doPrivileged(AccessController.java:399)
    	at com.sun.javafx.application.PlatformImpl.lambda$runLater$11(PlatformImpl.java:456)
    	at com.sun.glass.ui.monocle.RunnableProcessor.runLoop(RunnableProcessor.java:92)
    	at com.sun.glass.ui.monocle.RunnableProcessor.run(RunnableProcessor.java:51)
    	at java.base/java.lang.Thread.run(Thread.java:840)
    --- Exception in Async Thread ---
    java.lang.UnsatisfiedLinkError: no javafx_font_pango in java.library.path: /usr/java/packages/lib:/usr/lib/x86_64-linux-gnu/jni:/lib/x86_64-linux-gnu:/usr/lib/x86_64-linux-gnu:/usr/lib/jni:/lib:/usr/lib
    	java.base/java.lang.ClassLoader.loadLibrary(ClassLoader.java:2434)
    	java.base/java.lang.Runtime.loadLibrary0(Runtime.java:818)
    	java.base/java.lang.System.loadLibrary(System.java:1993)
    	com.sun.glass.utils.NativeLibLoader.loadLibraryInternal(NativeLibLoader.java:166)
    	com.sun.glass.utils.NativeLibLoader.loadLibrary(NativeLibLoader.java:54)
    	com.sun.javafx.font.freetype.OSPango.lambda$static$0(OSPango.java:37)
    	java.base/java.security.AccessController.doPrivileged(AccessController.java:318)
    	com.sun.javafx.font.freetype.OSPango.<clinit>(OSPango.java:36)
    	com.sun.javafx.font.freetype.PangoGlyphLayout.<clinit>(PangoGlyphLayout.java:45)
    	com.sun.javafx.font.freetype.FTFactory.createGlyphLayout(FTFactory.java:82)
    	com.sun.javafx.text.GlyphLayout.newInstance(GlyphLayout.java:377)
    	com.sun.javafx.text.GlyphLayout.<clinit>(GlyphLayout.java:372)
    	com.sun.javafx.text.PrismTextLayout.buildRuns(PrismTextLayout.java:784)
    	com.sun.javafx.text.PrismTextLayout.layout(PrismTextLayout.java:1036)
    	com.sun.javafx.text.PrismTextLayout.ensureLayout(PrismTextLayout.java:223)
    	com.sun.javafx.text.PrismTextLayout.getBounds(PrismTextLayout.java:246)
    	com.sun.javafx.scene.control.skin.Utils.computeTextWidth(Utils.java:129)
    	javafx.scene.control.skin.LabeledSkinBase.computeMinLabeledPartWidth(LabeledSkinBase.java:795)
    	javafx.scene.control.skin.LabeledSkinBase.computeMinWidth(LabeledSkinBase.java:306)
    	javafx.scene.control.Control.computeMinWidth(Control.java:480)
    	javafx.scene.Parent.minWidth(Parent.java:1048)
    	javafx.scene.layout.Region.minWidth(Region.java:1553)
    	javafx.scene.layout.Region.computeChildPrefAreaWidth(Region.java:2012)
    	javafx.scene.layout.Region.getMaxAreaWidth(Region.java:2281)
    	javafx.scene.layout.Region.computeMaxPrefAreaWidth(Region.java:2150)
    	javafx.scene.layout.StackPane.computePrefWidth(StackPane.java:303)
    	javafx.scene.Parent.prefWidth(Parent.java:1020)
    	javafx.scene.layout.Region.prefWidth(Region.java:1589)
    	javafx.scene.Scene.getPreferredWidth(Scene.java:1837)
    	javafx.scene.Scene.resizeRootToPreferredSize(Scene.java:1813)
    	javafx.scene.Scene.preferredSize(Scene.java:1785)
    	javafx.scene.Scene$2.preferredSize(Scene.java:409)
    	com.sun.javafx.scene.SceneHelper.preferredSize(SceneHelper.java:66)
    	javafx.stage.Window$12.invalidated(Window.java:1163)
    	javafx.beans.property.BooleanPropertyBase.markInvalid(BooleanPropertyBase.java:110)
    	javafx.beans.property.BooleanPropertyBase.set(BooleanPropertyBase.java:145)
    	javafx.stage.Window.setShowing(Window.java:1239)
    	javafx.stage.Window.show(Window.java:1254)
    	javafx.stage.Stage.show(Stage.java:277)
    	edu.duke.ece651.team2.client.ButtonControllerTest.lambda$__CLR4_4_1sbpy61nt$2(ButtonControllerTest.java:136)
    	com.sun.javafx.application.PlatformImpl.lambda$runLater$10(PlatformImpl.java:457)
    	java.base/java.security.AccessController.doPrivileged(AccessController.java:399)
    	com.sun.javafx.application.PlatformImpl.lambda$runLater$11(PlatformImpl.java:456)
    	com.sun.glass.ui.monocle.RunnableProcessor.runLoop(RunnableProcessor.java:92)
    	com.sun.glass.ui.monocle.RunnableProcessor.run(RunnableProcessor.java:51)
    	java.base/java.lang.Thread.run(Thread.java:840)
    --- Exception in Async Thread ---
    java.lang.NoClassDefFoundError: Could not initialize class com.sun.javafx.text.GlyphLayout
    	com.sun.javafx.text.PrismTextLayout.buildRuns(PrismTextLayout.java:784)
    	com.sun.javafx.text.PrismTextLayout.layout(PrismTextLayout.java:1036)
    	com.sun.javafx.text.PrismTextLayout.ensureLayout(PrismTextLayout.java:223)
    	com.sun.javafx.text.PrismTextLayout.getBounds(PrismTextLayout.java:246)
    	com.sun.javafx.scene.control.skin.Utils.computeTextWidth(Utils.java:129)
    	javafx.scene.control.skin.LabeledSkinBase.computeMinLabeledPartWidth(LabeledSkinBase.java:795)
    	javafx.scene.control.skin.LabeledSkinBase.computeMinWidth(LabeledSkinBase.java:306)
    	javafx.scene.control.Control.computeMinWidth(Control.java:480)
    	javafx.scene.Parent.minWidth(Parent.java:1048)
    	javafx.scene.layout.Region.minWidth(Region.java:1553)
    	javafx.scene.layout.Region.boundedNodeSizeWithBias(Region.java:2197)
    	javafx.scene.layout.Region.layoutInArea(Region.java:2612)
    	javafx.scene.layout.Region.layoutInArea(Region.java:2525)
    	javafx.scene.layout.Region.layoutInArea(Region.java:2466)
    	javafx.scene.layout.StackPane.layoutChildren(StackPane.java:344)
    	javafx.scene.Parent.layout(Parent.java:1207)
    	javafx.scene.Scene.doLayoutPass(Scene.java:592)
    	javafx.scene.Scene$ScenePulseListener.pulse(Scene.java:2512)
    	com.sun.javafx.tk.Toolkit.lambda$runPulse$2(Toolkit.java:407)
    	java.base/java.security.AccessController.doPrivileged(AccessController.java:399)
    	com.sun.javafx.tk.Toolkit.runPulse(Toolkit.java:406)
    	com.sun.javafx.tk.Toolkit.firePulse(Toolkit.java:436)
    	com.sun.javafx.tk.quantum.QuantumToolkit.pulse(QuantumToolkit.java:575)
    	com.sun.javafx.tk.quantum.QuantumToolkit.pulse(QuantumToolkit.java:555)
    	com.sun.javafx.tk.quantum.QuantumToolkit.pulseFromQueue(QuantumToolkit.java:548)
    	com.sun.javafx.tk.quantum.QuantumToolkit.lambda$runToolkit$11(QuantumToolkit.java:352)
    	com.sun.glass.ui.monocle.RunnableProcessor.runLoop(RunnableProcessor.java:92)
    	com.sun.glass.ui.monocle.RunnableProcessor.run(RunnableProcessor.java:51)
    	java.base/java.lang.Thread.run(Thread.java:840)
    java.lang.ExceptionInInitializerError: Exception java.lang.UnsatisfiedLinkError: no javafx_font_pango in java.library.path: /usr/java/packages/lib:/usr/lib/x86_64-linux-gnu/jni:/lib/x86_64-linux-gnu:/usr/lib/x86_64-linux-gnu:/usr/lib/jni:/lib:/usr/lib [in thread "JavaFX Application Thread"]
    	java.base/java.lang.ClassLoader.loadLibrary(ClassLoader.java:2434)
    	java.base/java.lang.Runtime.loadLibrary0(Runtime.java:818)
    	java.base/java.lang.System.loadLibrary(System.java:1993)
    	com.sun.glass.utils.NativeLibLoader.loadLibraryInternal(NativeLibLoader.java:166)
    	com.sun.glass.utils.NativeLibLoader.loadLibrary(NativeLibLoader.java:54)
    	com.sun.javafx.font.freetype.OSPango.lambda$static$0(OSPango.java:37)
    	java.base/java.security.AccessController.doPrivileged(AccessController.java:318)
    	com.sun.javafx.font.freetype.OSPango.<clinit>(OSPango.java:36)
    	com.sun.javafx.font.freetype.PangoGlyphLayout.<clinit>(PangoGlyphLayout.java:45)
    	com.sun.javafx.font.freetype.FTFactory.createGlyphLayout(FTFactory.java:82)
    	com.sun.javafx.text.GlyphLayout.newInstance(GlyphLayout.java:377)
    	com.sun.javafx.text.GlyphLayout.<clinit>(GlyphLayout.java:372)
    	com.sun.javafx.text.PrismTextLayout.buildRuns(PrismTextLayout.java:784)
    	com.sun.javafx.text.PrismTextLayout.layout(PrismTextLayout.java:1036)
    	com.sun.javafx.text.PrismTextLayout.ensureLayout(PrismTextLayout.java:223)
    	com.sun.javafx.text.PrismTextLayout.getBounds(PrismTextLayout.java:246)
    	com.sun.javafx.scene.control.skin.Utils.computeTextWidth(Utils.java:129)
    	javafx.scene.control.skin.LabeledSkinBase.computeMinLabeledPartWidth(LabeledSkinBase.java:795)
    	javafx.scene.control.skin.LabeledSkinBase.computeMinWidth(LabeledSkinBase.java:306)
    	javafx.scene.control.Control.computeMinWidth(Control.java:480)
    	javafx.scene.Parent.minWidth(Parent.java:1048)
    	javafx.scene.layout.Region.minWidth(Region.java:1553)
    	javafx.scene.layout.Region.computeChildPrefAreaWidth(Region.java:2012)
    	javafx.scene.layout.Region.getMaxAreaWidth(Region.java:2281)
    	javafx.scene.layout.Region.computeMaxPrefAreaWidth(Region.java:2150)
    	javafx.scene.layout.StackPane.computePrefWidth(StackPane.java:303)
    	javafx.scene.Parent.prefWidth(Parent.java:1020)
    	javafx.scene.layout.Region.prefWidth(Region.java:1589)
    	javafx.scene.Scene.getPreferredWidth(Scene.java:1837)
    	javafx.scene.Scene.resizeRootToPreferredSize(Scene.java:1813)
    	javafx.scene.Scene.preferredSize(Scene.java:1785)
    	javafx.scene.Scene$2.preferredSize(Scene.java:409)
    	com.sun.javafx.scene.SceneHelper.preferredSize(SceneHelper.java:66)
    	javafx.stage.Window$12.invalidated(Window.java:1163)
    	javafx.beans.property.BooleanPropertyBase.markInvalid(BooleanPropertyBase.java:110)
    	javafx.beans.property.BooleanPropertyBase.set(BooleanPropertyBase.java:145)
    	javafx.stage.Window.setShowing(Window.java:1239)
    	javafx.stage.Window.show(Window.java:1254)
    	javafx.stage.Stage.show(Stage.java:277)
    	edu.duke.ece651.team2.client.ButtonControllerTest.lambda$__CLR4_4_1sbpy61nt$2(ButtonControllerTest.java:136)
    	com.sun.javafx.application.PlatformImpl.lambda$runLater$10(PlatformImpl.java:457)
    	java.base/java.security.AccessController.doPrivileged(AccessController.java:399)
    	com.sun.javafx.application.PlatformImpl.lambda$runLater$11(PlatformImpl.java:456)
    	com.sun.glass.ui.monocle.RunnableProcessor.runLoop(RunnableProcessor.java:92)
    	com.sun.glass.ui.monocle.RunnableProcessor.run(RunnableProcessor.java:51)
    	java.base/java.lang.Thread.run(Thread.java:840)
    --- Exception in Async Thread ---
    java.lang.NoClassDefFoundError: Could not initialize class com.sun.javafx.text.GlyphLayout
    	com.sun.javafx.text.PrismTextLayout.buildRuns(PrismTextLayout.java:784)
    	com.sun.javafx.text.PrismTextLayout.layout(PrismTextLayout.java:1036)
    	com.sun.javafx.text.PrismTextLayout.ensureLayout(PrismTextLayout.java:223)
    	com.sun.javafx.text.PrismTextLayout.getBounds(PrismTextLayout.java:246)
    	javafx.scene.text.Text.getLogicalBounds(Text.java:432)
    	javafx.scene.text.Text.doComputeGeomBounds(Text.java:1187)
    	javafx.scene.text.Text$1.doComputeGeomBounds(Text.java:149)
    	com.sun.javafx.scene.shape.TextHelper.computeGeomBoundsImpl(TextHelper.java:90)
    	com.sun.javafx.scene.NodeHelper.computeGeomBounds(NodeHelper.java:117)
    	javafx.scene.Node.updateGeomBounds(Node.java:3825)
    	javafx.scene.Node.getGeomBounds(Node.java:3787)
    	javafx.scene.Node.getLocalBounds(Node.java:3735)
    	javafx.scene.Node.updateTxBounds(Node.java:3889)
    	javafx.scene.Node.getTransformedBounds(Node.java:3681)
    	javafx.scene.Node.updateBounds(Node.java:777)
    	javafx.scene.Parent.updateBounds(Parent.java:1833)
    	javafx.scene.Parent.updateBounds(Parent.java:1833)
    	javafx.scene.Scene$ScenePulseListener.pulse(Scene.java:2527)
    	com.sun.javafx.tk.Toolkit.lambda$runPulse$2(Toolkit.java:407)
    	java.base/java.security.AccessController.doPrivileged(AccessController.java:399)
    	com.sun.javafx.tk.Toolkit.runPulse(Toolkit.java:406)
    	com.sun.javafx.tk.Toolkit.firePulse(Toolkit.java:436)
    	com.sun.javafx.tk.quantum.QuantumToolkit.pulse(QuantumToolkit.java:575)
    	com.sun.javafx.tk.quantum.QuantumToolkit.pulse(QuantumToolkit.java:555)
    	com.sun.javafx.tk.quantum.QuantumToolkit.pulseFromQueue(QuantumToolkit.java:548)
    	com.sun.javafx.tk.quantum.QuantumToolkit.lambda$runToolkit$11(QuantumToolkit.java:352)
    	com.sun.glass.ui.monocle.RunnableProcessor.runLoop(RunnableProcessor.java:92)
    	com.sun.glass.ui.monocle.RunnableProcessor.run(RunnableProcessor.java:51)
    	java.base/java.lang.Thread.run(Thread.java:840)
    java.lang.ExceptionInInitializerError: Exception java.lang.UnsatisfiedLinkError: no javafx_font_pango in java.library.path: /usr/java/packages/lib:/usr/lib/x86_64-linux-gnu/jni:/lib/x86_64-linux-gnu:/usr/lib/x86_64-linux-gnu:/usr/lib/jni:/lib:/usr/lib [in thread "JavaFX Application Thread"]
    	java.base/java.lang.ClassLoader.loadLibrary(ClassLoader.java:2434)
    	java.base/java.lang.Runtime.loadLibrary0(Runtime.java:818)
    	java.base/java.lang.System.loadLibrary(System.java:1993)
    	com.sun.glass.utils.NativeLibLoader.loadLibraryInternal(NativeLibLoader.java:166)
    	com.sun.glass.utils.NativeLibLoader.loadLibrary(NativeLibLoader.java:54)
    	com.sun.javafx.font.freetype.OSPango.lambda$static$0(OSPango.java:37)
    	java.base/java.security.AccessController.doPrivileged(AccessController.java:318)
    	com.sun.javafx.font.freetype.OSPango.<clinit>(OSPango.java:36)
    	com.sun.javafx.font.freetype.PangoGlyphLayout.<clinit>(PangoGlyphLayout.java:45)
    	com.sun.javafx.font.freetype.FTFactory.createGlyphLayout(FTFactory.java:82)
    	com.sun.javafx.text.GlyphLayout.newInstance(GlyphLayout.java:377)
    	com.sun.javafx.text.GlyphLayout.<clinit>(GlyphLayout.java:372)
    	com.sun.javafx.text.PrismTextLayout.buildRuns(PrismTextLayout.java:784)
    	com.sun.javafx.text.PrismTextLayout.layout(PrismTextLayout.java:1036)
    	com.sun.javafx.text.PrismTextLayout.ensureLayout(PrismTextLayout.java:223)
    	com.sun.javafx.text.PrismTextLayout.getBounds(PrismTextLayout.java:246)
    	com.sun.javafx.scene.control.skin.Utils.computeTextWidth(Utils.java:129)
    	javafx.scene.control.skin.LabeledSkinBase.computeMinLabeledPartWidth(LabeledSkinBase.java:795)
    	javafx.scene.control.skin.LabeledSkinBase.computeMinWidth(LabeledSkinBase.java:306)
    	javafx.scene.control.Control.computeMinWidth(Control.java:480)
    	javafx.scene.Parent.minWidth(Parent.java:1048)
    	javafx.scene.layout.Region.minWidth(Region.java:1553)
    	javafx.scene.layout.Region.computeChildPrefAreaWidth(Region.java:2012)
    	javafx.scene.layout.Region.getMaxAreaWidth(Region.java:2281)
    	javafx.scene.layout.Region.computeMaxPrefAreaWidth(Region.java:2150)
    	javafx.scene.layout.StackPane.computePrefWidth(StackPane.java:303)
    	javafx.scene.Parent.prefWidth(Parent.java:1020)
    	javafx.scene.layout.Region.prefWidth(Region.java:1589)
    	javafx.scene.Scene.getPreferredWidth(Scene.java:1837)
    	javafx.scene.Scene.resizeRootToPreferredSize(Scene.java:1813)
    	javafx.scene.Scene.preferredSize(Scene.java:1785)
    	javafx.scene.Scene$2.preferredSize(Scene.java:409)
    	com.sun.javafx.scene.SceneHelper.preferredSize(SceneHelper.java:66)
    	javafx.stage.Window$12.invalidated(Window.java:1163)
    	javafx.beans.property.BooleanPropertyBase.markInvalid(BooleanPropertyBase.java:110)
    	javafx.beans.property.BooleanPropertyBase.set(BooleanPropertyBase.java:145)
    	javafx.stage.Window.setShowing(Window.java:1239)
    	javafx.stage.Window.show(Window.java:1254)
    	javafx.stage.Stage.show(Stage.java:277)
    	edu.duke.ece651.team2.client.ButtonControllerTest.lambda$__CLR4_4_1sbpy61nt$2(ButtonControllerTest.java:136)
    	com.sun.javafx.application.PlatformImpl.lambda$runLater$10(PlatformImpl.java:457)
    	java.base/java.security.AccessController.doPrivileged(AccessController.java:399)
    	com.sun.javafx.application.PlatformImpl.lambda$runLater$11(PlatformImpl.java:456)
    	com.sun.glass.ui.monocle.RunnableProcessor.runLoop(RunnableProcessor.java:92)
    	com.sun.glass.ui.monocle.RunnableProcessor.run(RunnableProcessor.java:51)
    	java.base/java.lang.Thread.run(Thread.java:840)
ButtonControllerTest > testOnLogInButtonAlert() FAILED
    java.lang.RuntimeException: java.lang.UnsatisfiedLinkError: no javafx_font_pango in java.library.path: /usr/java/packages/lib:/usr/lib/x86_64-linux-gnu/jni:/lib/x86_64-linux-gnu:/usr/lib/x86_64-linux-gnu:/usr/lib/jni:/lib:/usr/lib
        at org.testfx.util.WaitForAsyncUtils.---- Delayed Exception: (See Trace Below) ----(WaitForAsyncUtils.java:0)
        Caused by:
        java.lang.UnsatisfiedLinkError: no javafx_font_pango in java.library.path: /usr/java/packages/lib:/usr/lib/x86_64-linux-gnu/jni:/lib/x86_64-linux-gnu:/usr/lib/x86_64-linux-gnu:/usr/lib/jni:/lib:/usr/lib
            at java.base/java.lang.ClassLoader.loadLibrary(ClassLoader.java:2434)
            at java.base/java.lang.Runtime.loadLibrary0(Runtime.java:818)
            at java.base/java.lang.System.loadLibrary(System.java:1993)
            at com.sun.glass.utils.NativeLibLoader.loadLibraryInternal(NativeLibLoader.java:166)
            at com.sun.glass.utils.NativeLibLoader.loadLibrary(NativeLibLoader.java:54)
            at com.sun.javafx.font.freetype.OSPango.lambda$static$0(OSPango.java:37)
            at java.base/java.security.AccessController.doPrivileged(AccessController.java:318)
            at com.sun.javafx.font.freetype.OSPango.<clinit>(OSPango.java:36)
            at com.sun.javafx.font.freetype.PangoGlyphLayout.<clinit>(PangoGlyphLayout.java:45)
            at com.sun.javafx.font.freetype.FTFactory.createGlyphLayout(FTFactory.java:82)
            at com.sun.javafx.text.GlyphLayout.newInstance(GlyphLayout.java:377)
            at com.sun.javafx.text.GlyphLayout.<clinit>(GlyphLayout.java:372)
            at com.sun.javafx.text.PrismTextLayout.buildRuns(PrismTextLayout.java:784)
            at com.sun.javafx.text.PrismTextLayout.layout(PrismTextLayout.java:1036)
            at com.sun.javafx.text.PrismTextLayout.ensureLayout(PrismTextLayout.java:223)
            at com.sun.javafx.text.PrismTextLayout.getBounds(PrismTextLayout.java:246)
            at com.sun.javafx.scene.control.skin.Utils.computeTextWidth(Utils.java:129)
            at javafx.scene.control.skin.LabeledSkinBase.computeMinLabeledPartWidth(LabeledSkinBase.java:795)
            at javafx.scene.control.skin.LabeledSkinBase.computeMinWidth(LabeledSkinBase.java:306)
            at javafx.scene.control.Control.computeMinWidth(Control.java:480)
            at javafx.scene.Parent.minWidth(Parent.java:1048)
            at javafx.scene.layout.Region.minWidth(Region.java:1553)
            at javafx.scene.layout.Region.computeChildPrefAreaWidth(Region.java:2012)
            at javafx.scene.layout.Region.getMaxAreaWidth(Region.java:2281)
            at javafx.scene.layout.Region.computeMaxPrefAreaWidth(Region.java:2150)
            at javafx.scene.layout.StackPane.computePrefWidth(StackPane.java:303)
            at javafx.scene.Parent.prefWidth(Parent.java:1020)
            at javafx.scene.layout.Region.prefWidth(Region.java:1589)
            at javafx.scene.Scene.getPreferredWidth(Scene.java:1837)
            at javafx.scene.Scene.resizeRootToPreferredSize(Scene.java:1813)
            at javafx.scene.Scene.preferredSize(Scene.java:1785)
            at javafx.scene.Scene$2.preferredSize(Scene.java:409)
            at com.sun.javafx.scene.SceneHelper.preferredSize(SceneHelper.java:66)
            at javafx.stage.Window$12.invalidated(Window.java:1163)
            at javafx.beans.property.BooleanPropertyBase.markInvalid(BooleanPropertyBase.java:110)
            at javafx.beans.property.BooleanPropertyBase.set(BooleanPropertyBase.java:145)
            at javafx.stage.Window.setShowing(Window.java:1239)
            at javafx.stage.Window.show(Window.java:1254)
            at javafx.stage.Stage.show(Stage.java:277)
            at edu.duke.ece651.team2.client.ButtonControllerTest.lambda$__CLR4_4_1sbpy61nt$2(ButtonControllerTest.java:136)
ButtonControllerTest > testOnReturnStudent() FAILED
    java.lang.RuntimeException: java.lang.NoClassDefFoundError: Could not initialize class com.sun.javafx.text.GlyphLayout
        at org.testfx.util.WaitForAsyncUtils.---- Delayed Exception: (See Trace Below) ----(WaitForAsyncUtils.java:0)
        Caused by:
        java.lang.NoClassDefFoundError: Could not initialize class com.sun.javafx.text.GlyphLayout
            at com.sun.javafx.text.PrismTextLayout.buildRuns(PrismTextLayout.java:784)
            at com.sun.javafx.text.PrismTextLayout.layout(PrismTextLayout.java:1036)
            at com.sun.javafx.text.PrismTextLayout.ensureLayout(PrismTextLayout.java:223)
            at com.sun.javafx.text.PrismTextLayout.getBounds(PrismTextLayout.java:246)
            at com.sun.javafx.scene.control.skin.Utils.computeTextWidth(Utils.java:129)
            at javafx.scene.control.skin.LabeledSkinBase.computeMinLabeledPartWidth(LabeledSkinBase.java:795)
            at javafx.scene.control.skin.LabeledSkinBase.computeMinWidth(LabeledSkinBase.java:306)
            at javafx.scene.control.Control.computeMinWidth(Control.java:480)
            at javafx.scene.Parent.minWidth(Parent.java:1048)
            at javafx.scene.layout.Region.minWidth(Region.java:1553)
            at javafx.scene.layout.Region.boundedNodeSizeWithBias(Region.java:2197)
            at javafx.scene.layout.Region.layoutInArea(Region.java:2612)
            at javafx.scene.layout.Region.layoutInArea(Region.java:2525)
            at javafx.scene.layout.Region.layoutInArea(Region.java:2466)
            at javafx.scene.layout.StackPane.layoutChildren(StackPane.java:344)
            at javafx.scene.Parent.layout(Parent.java:1207)
            at javafx.scene.Scene.doLayoutPass(Scene.java:592)
            at javafx.scene.Scene$ScenePulseListener.pulse(Scene.java:2512)
            at com.sun.javafx.tk.Toolkit.lambda$runPulse$2(Toolkit.java:407)
            at java.base/java.security.AccessController.doPrivileged(AccessController.java:399)
            at com.sun.javafx.tk.Toolkit.runPulse(Toolkit.java:406)
            at com.sun.javafx.tk.Toolkit.firePulse(Toolkit.java:436)
            at com.sun.javafx.tk.quantum.QuantumToolkit.pulse(QuantumToolkit.java:575)
            at com.sun.javafx.tk.quantum.QuantumToolkit.pulse(QuantumToolkit.java:555)
            at com.sun.javafx.tk.quantum.QuantumToolkit.pulseFromQueue(QuantumToolkit.java:548)
            at com.sun.javafx.tk.quantum.QuantumToolkit.lambda$runToolkit$11(QuantumToolkit.java:352)
            at com.sun.glass.ui.monocle.RunnableProcessor.runLoop(RunnableProcessor.java:92)
            at com.sun.glass.ui.monocle.RunnableProcessor.run(RunnableProcessor.java:51)
            at java.base/java.lang.Thread.run(Thread.java:840)
            Caused by:
            java.lang.ExceptionInInitializerError: Exception java.lang.UnsatisfiedLinkError: no javafx_font_pango in java.library.path: /usr/java/packages/lib:/usr/lib/x86_64-linux-gnu/jni:/lib/x86_64-linux-gnu:/usr/lib/x86_64-linux-gnu:/usr/lib/jni:/lib:/usr/lib [in thread "JavaFX Application Thread"]
                at java.base/java.lang.ClassLoader.loadLibrary(ClassLoader.java:2434)
                at java.base/java.lang.Runtime.loadLibrary0(Runtime.java:818)
                at java.base/java.lang.System.loadLibrary(System.java:1993)
                at com.sun.glass.utils.NativeLibLoader.loadLibraryInternal(NativeLibLoader.java:166)
                at com.sun.glass.utils.NativeLibLoader.loadLibrary(NativeLibLoader.java:54)
                at com.sun.javafx.font.freetype.OSPango.lambda$static$0(OSPango.java:37)
                at java.base/java.security.AccessController.doPrivileged(AccessController.java:318)
                at com.sun.javafx.font.freetype.OSPango.<clinit>(OSPango.java:36)
                at com.sun.javafx.font.freetype.PangoGlyphLayout.<clinit>(PangoGlyphLayout.java:45)
                at com.sun.javafx.font.freetype.FTFactory.createGlyphLayout(FTFactory.java:82)
                at com.sun.javafx.text.GlyphLayout.newInstance(GlyphLayout.java:377)
                at com.sun.javafx.text.GlyphLayout.<clinit>(GlyphLayout.java:372)
                at com.sun.javafx.text.PrismTextLayout.buildRuns(PrismTextLayout.java:784)
                at com.sun.javafx.text.PrismTextLayout.layout(PrismTextLayout.java:1036)
                at com.sun.javafx.text.PrismTextLayout.ensureLayout(PrismTextLayout.java:223)
                at com.sun.javafx.text.PrismTextLayout.getBounds(PrismTextLayout.java:246)
                at com.sun.javafx.scene.control.skin.Utils.computeTextWidth(Utils.java:129)
                at javafx.scene.control.skin.LabeledSkinBase.computeMinLabeledPartWidth(LabeledSkinBase.java:795)
                at javafx.scene.control.skin.LabeledSkinBase.computeMinWidth(LabeledSkinBase.java:306)
                at javafx.scene.control.Control.computeMinWidth(Control.java:480)
                at javafx.scene.Parent.minWidth(Parent.java:1048)
                at javafx.scene.layout.Region.minWidth(Region.java:1553)
                at javafx.scene.layout.Region.computeChildPrefAreaWidth(Region.java:2012)
                at javafx.scene.layout.Region.getMaxAreaWidth(Region.java:2281)
                at javafx.scene.layout.Region.computeMaxPrefAreaWidth(Region.java:2150)
                at javafx.scene.layout.StackPane.computePrefWidth(StackPane.java:303)
                at javafx.scene.Parent.prefWidth(Parent.java:1020)
                at javafx.scene.layout.Region.prefWidth(Region.java:1589)
                at javafx.scene.Scene.getPreferredWidth(Scene.java:1837)
                at javafx.scene.Scene.resizeRootToPreferredSize(Scene.java:1813)
                at javafx.scene.Scene.preferredSize(Scene.java:1785)
                at javafx.scene.Scene$2.preferredSize(Scene.java:409)
                at com.sun.javafx.scene.SceneHelper.preferredSize(SceneHelper.java:66)
                at javafx.stage.Window$12.invalidated(Window.java:1163)
                at javafx.beans.property.BooleanPropertyBase.markInvalid(BooleanPropertyBase.java:110)
                at javafx.beans.property.BooleanPropertyBase.set(BooleanPropertyBase.java:145)
                at javafx.stage.Window.setShowing(Window.java:1239)
                at javafx.stage.Window.show(Window.java:1254)
                at javafx.stage.Stage.show(Stage.java:277)
                at edu.duke.ece651.team2.client.ButtonControllerTest.lambda$__CLR4_4_1sbpy61nt$2(ButtonControllerTest.java:136)
ButtonControllerTest > testOnLogInButtonStudent() STANDARD_ERROR
    --- Exception in Async Thread ---
    java.lang.NoClassDefFoundError: Could not initialize class com.sun.javafx.text.GlyphLayout
    	com.sun.javafx.text.PrismTextLayout.buildRuns(PrismTextLayout.java:784)
    	com.sun.javafx.text.PrismTextLayout.layout(PrismTextLayout.java:1036)
    	com.sun.javafx.text.PrismTextLayout.ensureLayout(PrismTextLayout.java:223)
    	com.sun.javafx.text.PrismTextLayout.getBounds(PrismTextLayout.java:246)
    	com.sun.javafx.scene.control.skin.Utils.computeTextWidth(Utils.java:129)
    	javafx.scene.control.skin.LabeledSkinBase.computeMinLabeledPartWidth(LabeledSkinBase.java:795)
    	javafx.scene.control.skin.LabeledSkinBase.computeMinWidth(LabeledSkinBase.java:306)
    	javafx.scene.control.Control.computeMinWidth(Control.java:480)
    	javafx.scene.Parent.minWidth(Parent.java:1048)
    	javafx.scene.layout.Region.minWidth(Region.java:1553)
    	javafx.scene.layout.Region.computeChildPrefAreaWidth(Region.java:2012)
    	javafx.scene.layout.Region.getMaxAreaWidth(Region.java:2281)
    	javafx.scene.layout.Region.computeMaxPrefAreaWidth(Region.java:2150)
    	javafx.scene.layout.StackPane.computePrefWidth(StackPane.java:303)
    	javafx.scene.Parent.prefWidth(Parent.java:1020)
    	javafx.scene.layout.Region.prefWidth(Region.java:1589)
    	javafx.scene.Scene.getPreferredWidth(Scene.java:1837)
    	javafx.scene.Scene.resizeRootToPreferredSize(Scene.java:1813)
    	javafx.scene.Scene.preferredSize(Scene.java:1785)
    	javafx.scene.Scene$2.preferredSize(Scene.java:409)
    	com.sun.javafx.scene.SceneHelper.preferredSize(SceneHelper.java:66)
    	javafx.stage.Window$12.invalidated(Window.java:1163)
    	javafx.beans.property.BooleanPropertyBase.markInvalid(BooleanPropertyBase.java:110)
    	javafx.beans.property.BooleanPropertyBase.set(BooleanPropertyBase.java:145)
    	javafx.stage.Window.setShowing(Window.java:1239)
    	javafx.stage.Window.show(Window.java:1254)
    	javafx.stage.Stage.show(Stage.java:277)
    	edu.duke.ece651.team2.client.ButtonControllerTest.lambda$__CLR4_4_1ntz9o8mr$0(ButtonControllerTest.java:68)
    	com.sun.javafx.application.PlatformImpl.lambda$runLater$10(PlatformImpl.java:457)
    	java.base/java.security.AccessController.doPrivileged(AccessController.java:399)
    	com.sun.javafx.application.PlatformImpl.lambda$runLater$11(PlatformImpl.java:456)
    	com.sun.glass.ui.monocle.RunnableProcessor.runLoop(RunnableProcessor.java:92)
    	com.sun.glass.ui.monocle.RunnableProcessor.run(RunnableProcessor.java:51)
    	java.base/java.lang.Thread.run(Thread.java:840)
    java.lang.ExceptionInInitializerError: Exception java.lang.UnsatisfiedLinkError: no javafx_font_pango in java.library.path: /usr/java/packages/lib:/usr/lib/x86_64-linux-gnu/jni:/lib/x86_64-linux-gnu:/usr/lib/x86_64-linux-gnu:/usr/lib/jni:/lib:/usr/lib [in thread "JavaFX Application Thread"]
    	java.base/java.lang.ClassLoader.loadLibrary(ClassLoader.java:2434)
    	java.base/java.lang.Runtime.loadLibrary0(Runtime.java:818)
    	java.base/java.lang.System.loadLibrary(System.java:1993)
    	com.sun.glass.utils.NativeLibLoader.loadLibraryInternal(NativeLibLoader.java:166)
    	com.sun.glass.utils.NativeLibLoader.loadLibrary(NativeLibLoader.java:54)
    	com.sun.javafx.font.freetype.OSPango.lambda$static$0(OSPango.java:37)
    	java.base/java.security.AccessController.doPrivileged(AccessController.java:318)
    	com.sun.javafx.font.freetype.OSPango.<clinit>(OSPango.java:36)
    	com.sun.javafx.font.freetype.PangoGlyphLayout.<clinit>(PangoGlyphLayout.java:45)
    	com.sun.javafx.font.freetype.FTFactory.createGlyphLayout(FTFactory.java:82)
    	com.sun.javafx.text.GlyphLayout.newInstance(GlyphLayout.java:377)
    	com.sun.javafx.text.GlyphLayout.<clinit>(GlyphLayout.java:372)
    	com.sun.javafx.text.PrismTextLayout.buildRuns(PrismTextLayout.java:784)
    	com.sun.javafx.text.PrismTextLayout.layout(PrismTextLayout.java:1036)
    	com.sun.javafx.text.PrismTextLayout.ensureLayout(PrismTextLayout.java:223)
    	com.sun.javafx.text.PrismTextLayout.getBounds(PrismTextLayout.java:246)
    	com.sun.javafx.scene.control.skin.Utils.computeTextWidth(Utils.java:129)
    	javafx.scene.control.skin.LabeledSkinBase.computeMinLabeledPartWidth(LabeledSkinBase.java:795)
    	javafx.scene.control.skin.LabeledSkinBase.computeMinWidth(LabeledSkinBase.java:306)
    	javafx.scene.control.Control.computeMinWidth(Control.java:480)
    	javafx.scene.Parent.minWidth(Parent.java:1048)
    	javafx.scene.layout.Region.minWidth(Region.java:1553)
    	javafx.scene.layout.Region.computeChildPrefAreaWidth(Region.java:2012)
    	javafx.scene.layout.Region.getMaxAreaWidth(Region.java:2281)
    	javafx.scene.layout.Region.computeMaxPrefAreaWidth(Region.java:2150)
    	javafx.scene.layout.StackPane.computePrefWidth(StackPane.java:303)
    	javafx.scene.Parent.prefWidth(Parent.java:1020)
    	javafx.scene.layout.Region.prefWidth(Region.java:1589)
    	javafx.scene.Scene.getPreferredWidth(Scene.java:1837)
    	javafx.scene.Scene.resizeRootToPreferredSize(Scene.java:1813)
    	javafx.scene.Scene.preferredSize(Scene.java:1785)
    	javafx.scene.Scene$2.preferredSize(Scene.java:409)
    	com.sun.javafx.scene.SceneHelper.preferredSize(SceneHelper.java:66)
    	javafx.stage.Window$12.invalidated(Window.java:1163)
    	javafx.beans.property.BooleanPropertyBase.markInvalid(BooleanPropertyBase.java:110)
    	javafx.beans.property.BooleanPropertyBase.set(BooleanPropertyBase.java:145)
    	javafx.stage.Window.setShowing(Window.java:1239)
    	javafx.stage.Window.show(Window.java:1254)
    	javafx.stage.Stage.show(Stage.java:277)
    	edu.duke.ece651.team2.client.ButtonControllerTest.lambda$__CLR4_4_1sbpy61nt$2(ButtonControllerTest.java:136)
    	com.sun.javafx.application.PlatformImpl.lambda$runLater$10(PlatformImpl.java:457)
    	java.base/java.security.AccessController.doPrivileged(AccessController.java:399)
    	com.sun.javafx.application.PlatformImpl.lambda$runLater$11(PlatformImpl.java:456)
    	com.sun.glass.ui.monocle.RunnableProcessor.runLoop(RunnableProcessor.java:92)
    	com.sun.glass.ui.monocle.RunnableProcessor.run(RunnableProcessor.java:51)
    	java.base/java.lang.Thread.run(Thread.java:840)
    --- Exception in Async Thread ---
    java.lang.NoClassDefFoundError: Could not initialize class com.sun.javafx.text.GlyphLayout
    	com.sun.javafx.text.PrismTextLayout.buildRuns(PrismTextLayout.java:784)
    	com.sun.javafx.text.PrismTextLayout.layout(PrismTextLayout.java:1036)
    	com.sun.javafx.text.PrismTextLayout.ensureLayout(PrismTextLayout.java:223)
    	com.sun.javafx.text.PrismTextLayout.getBounds(PrismTextLayout.java:246)
    	javafx.scene.text.Text.getLogicalBounds(Text.java:432)
    	javafx.scene.text.Text.doComputeGeomBounds(Text.java:1187)
    	javafx.scene.text.Text$1.doComputeGeomBounds(Text.java:149)
    	com.sun.javafx.scene.shape.TextHelper.computeGeomBoundsImpl(TextHelper.java:90)
    	com.sun.javafx.scene.NodeHelper.computeGeomBounds(NodeHelper.java:117)
    	javafx.scene.Node.updateGeomBounds(Node.java:3825)
    	javafx.scene.Node.getGeomBounds(Node.java:3787)
    	javafx.scene.Node.getLocalBounds(Node.java:3735)
    	javafx.scene.Node.updateTxBounds(Node.java:3889)
    	javafx.scene.Node.getTransformedBounds(Node.java:3681)
    	javafx.scene.Node.updateBounds(Node.java:777)
    	javafx.scene.Parent.updateBounds(Parent.java:1833)
    	javafx.scene.Parent.updateBounds(Parent.java:1833)
    	javafx.scene.Scene$ScenePulseListener.pulse(Scene.java:2527)
    	com.sun.javafx.tk.Toolkit.lambda$runPulse$2(Toolkit.java:407)
    	java.base/java.security.AccessController.doPrivileged(AccessController.java:399)
    	com.sun.javafx.tk.Toolkit.runPulse(Toolkit.java:406)
    	com.sun.javafx.tk.Toolkit.firePulse(Toolkit.java:436)
    	com.sun.javafx.tk.quantum.QuantumToolkit.pulse(QuantumToolkit.java:575)
    	com.sun.javafx.tk.quantum.QuantumToolkit.pulse(QuantumToolkit.java:555)
    	com.sun.javafx.tk.quantum.QuantumToolkit.pulseFromQueue(QuantumToolkit.java:548)
    	com.sun.javafx.tk.quantum.QuantumToolkit.lambda$runToolkit$11(QuantumToolkit.java:352)
    	com.sun.glass.ui.monocle.RunnableProcessor.runLoop(RunnableProcessor.java:92)
    	com.sun.glass.ui.monocle.RunnableProcessor.run(RunnableProcessor.java:51)
    	java.base/java.lang.Thread.run(Thread.java:840)
    java.lang.ExceptionInInitializerError: Exception java.lang.UnsatisfiedLinkError: no javafx_font_pango in java.library.path: /usr/java/packages/lib:/usr/lib/x86_64-linux-gnu/jni:/lib/x86_64-linux-gnu:/usr/lib/x86_64-linux-gnu:/usr/lib/jni:/lib:/usr/lib [in thread "JavaFX Application Thread"]
    	java.base/java.lang.ClassLoader.loadLibrary(ClassLoader.java:2434)
    	java.base/java.lang.Runtime.loadLibrary0(Runtime.java:818)
    	java.base/java.lang.System.loadLibrary(System.java:1993)
    	com.sun.glass.utils.NativeLibLoader.loadLibraryInternal(NativeLibLoader.java:166)
    	com.sun.glass.utils.NativeLibLoader.loadLibrary(NativeLibLoader.java:54)
    	com.sun.javafx.font.freetype.OSPango.lambda$static$0(OSPango.java:37)
    	java.base/java.security.AccessController.doPrivileged(AccessController.java:318)
    	com.sun.javafx.font.freetype.OSPango.<clinit>(OSPango.java:36)
    	com.sun.javafx.font.freetype.PangoGlyphLayout.<clinit>(PangoGlyphLayout.java:45)
    	com.sun.javafx.font.freetype.FTFactory.createGlyphLayout(FTFactory.java:82)
    	com.sun.javafx.text.GlyphLayout.newInstance(GlyphLayout.java:377)
    	com.sun.javafx.text.GlyphLayout.<clinit>(GlyphLayout.java:372)
    	com.sun.javafx.text.PrismTextLayout.buildRuns(PrismTextLayout.java:784)
    	com.sun.javafx.text.PrismTextLayout.layout(PrismTextLayout.java:1036)
    	com.sun.javafx.text.PrismTextLayout.ensureLayout(PrismTextLayout.java:223)
    	com.sun.javafx.text.PrismTextLayout.getBounds(PrismTextLayout.java:246)
    	com.sun.javafx.scene.control.skin.Utils.computeTextWidth(Utils.java:129)
    	javafx.scene.control.skin.LabeledSkinBase.computeMinLabeledPartWidth(LabeledSkinBase.java:795)
    	javafx.scene.control.skin.LabeledSkinBase.computeMinWidth(LabeledSkinBase.java:306)
    	javafx.scene.control.Control.computeMinWidth(Control.java:480)
    	javafx.scene.Parent.minWidth(Parent.java:1048)
    	javafx.scene.layout.Region.minWidth(Region.java:1553)
    	javafx.scene.layout.Region.computeChildPrefAreaWidth(Region.java:2012)
    	javafx.scene.layout.Region.getMaxAreaWidth(Region.java:2281)
    	javafx.scene.layout.Region.computeMaxPrefAreaWidth(Region.java:2150)
    	javafx.scene.layout.StackPane.computePrefWidth(StackPane.java:303)
    	javafx.scene.Parent.prefWidth(Parent.java:1020)
    	javafx.scene.layout.Region.prefWidth(Region.java:1589)
    	javafx.scene.Scene.getPreferredWidth(Scene.java:1837)
    	javafx.scene.Scene.resizeRootToPreferredSize(Scene.java:1813)
    	javafx.scene.Scene.preferredSize(Scene.java:1785)
    	javafx.scene.Scene$2.preferredSize(Scene.java:409)
    	com.sun.javafx.scene.SceneHelper.preferredSize(SceneHelper.java:66)
    	javafx.stage.Window$12.invalidated(Window.java:1163)
    	javafx.beans.property.BooleanPropertyBase.markInvalid(BooleanPropertyBase.java:110)
    	javafx.beans.property.BooleanPropertyBase.set(BooleanPropertyBase.java:145)
    	javafx.stage.Window.setShowing(Window.java:1239)
    	javafx.stage.Window.show(Window.java:1254)
    	javafx.stage.Stage.show(Stage.java:277)
    	edu.duke.ece651.team2.client.ButtonControllerTest.lambda$__CLR4_4_1sbpy61nt$2(ButtonControllerTest.java:136)
    	com.sun.javafx.application.PlatformImpl.lambda$runLater$10(PlatformImpl.java:457)
    	java.base/java.security.AccessController.doPrivileged(AccessController.java:399)
    	com.sun.javafx.application.PlatformImpl.lambda$runLater$11(PlatformImpl.java:456)
    	com.sun.glass.ui.monocle.RunnableProcessor.runLoop(RunnableProcessor.java:92)
    	com.sun.glass.ui.monocle.RunnableProcessor.run(RunnableProcessor.java:51)
    	java.base/java.lang.Thread.run(Thread.java:840)
ButtonControllerTest > testOnLogInButtonStudent() FAILED
    Wanted but not invoked:
    generalController.getConnected();
    -> at edu.duke.ece651.team2.client.ButtonControllerTest.__CLR4_4_1ntz9o8mr(ButtonControllerTest.java:80)
    Actually, there were zero interactions with this mock.
        at app//edu.duke.ece651.team2.client.ButtonControllerTest.__CLR4_4_1ntz9o8mr(ButtonControllerTest.java:80)
        at app//edu.duke.ece651.team2.client.ButtonControllerTest.testOnLogInButtonStudent(ButtonControllerTest.java:51)
ButtonControllerTest > testOnReturnFaculty() FAILED
    java.lang.RuntimeException: java.lang.NoClassDefFoundError: Could not initialize class com.sun.javafx.text.GlyphLayout
        at org.testfx.util.WaitForAsyncUtils.---- Delayed Exception: (See Trace Below) ----(WaitForAsyncUtils.java:0)
        Caused by:
        java.lang.NoClassDefFoundError: Could not initialize class com.sun.javafx.text.GlyphLayout
            at com.sun.javafx.text.PrismTextLayout.buildRuns(PrismTextLayout.java:784)
            at com.sun.javafx.text.PrismTextLayout.layout(PrismTextLayout.java:1036)
            at com.sun.javafx.text.PrismTextLayout.ensureLayout(PrismTextLayout.java:223)
            at com.sun.javafx.text.PrismTextLayout.getBounds(PrismTextLayout.java:246)
            at javafx.scene.text.Text.getLogicalBounds(Text.java:432)
            at javafx.scene.text.Text.doComputeGeomBounds(Text.java:1187)
            at javafx.scene.text.Text$1.doComputeGeomBounds(Text.java:149)
            at com.sun.javafx.scene.shape.TextHelper.computeGeomBoundsImpl(TextHelper.java:90)
            at com.sun.javafx.scene.NodeHelper.computeGeomBounds(NodeHelper.java:117)
            at javafx.scene.Node.updateGeomBounds(Node.java:3825)
            at javafx.scene.Node.getGeomBounds(Node.java:3787)
            at javafx.scene.Node.getLocalBounds(Node.java:3735)
            at javafx.scene.Node.updateTxBounds(Node.java:3889)
            at javafx.scene.Node.getTransformedBounds(Node.java:3681)
            at javafx.scene.Node.updateBounds(Node.java:777)
            at javafx.scene.Parent.updateBounds(Parent.java:1833)
            at javafx.scene.Parent.updateBounds(Parent.java:1833)
            at javafx.scene.Scene$ScenePulseListener.pulse(Scene.java:2527)
            at com.sun.javafx.tk.Toolkit.lambda$runPulse$2(Toolkit.java:407)
            at java.base/java.security.AccessController.doPrivileged(AccessController.java:399)
            at com.sun.javafx.tk.Toolkit.runPulse(Toolkit.java:406)
            at com.sun.javafx.tk.Toolkit.firePulse(Toolkit.java:436)
            at com.sun.javafx.tk.quantum.QuantumToolkit.pulse(QuantumToolkit.java:575)
            at com.sun.javafx.tk.quantum.QuantumToolkit.pulse(QuantumToolkit.java:555)
            at com.sun.javafx.tk.quantum.QuantumToolkit.pulseFromQueue(QuantumToolkit.java:548)
            at com.sun.javafx.tk.quantum.QuantumToolkit.lambda$runToolkit$11(QuantumToolkit.java:352)
            at com.sun.glass.ui.monocle.RunnableProcessor.runLoop(RunnableProcessor.java:92)
            at com.sun.glass.ui.monocle.RunnableProcessor.run(RunnableProcessor.java:51)
            at java.base/java.lang.Thread.run(Thread.java:840)
            Caused by:
            java.lang.ExceptionInInitializerError: Exception java.lang.UnsatisfiedLinkError: no javafx_font_pango in java.library.path: /usr/java/packages/lib:/usr/lib/x86_64-linux-gnu/jni:/lib/x86_64-linux-gnu:/usr/lib/x86_64-linux-gnu:/usr/lib/jni:/lib:/usr/lib [in thread "JavaFX Application Thread"]
                at java.base/java.lang.ClassLoader.loadLibrary(ClassLoader.java:2434)
                at java.base/java.lang.Runtime.loadLibrary0(Runtime.java:818)
                at java.base/java.lang.System.loadLibrary(System.java:1993)
                at com.sun.glass.utils.NativeLibLoader.loadLibraryInternal(NativeLibLoader.java:166)
                at com.sun.glass.utils.NativeLibLoader.loadLibrary(NativeLibLoader.java:54)
                at com.sun.javafx.font.freetype.OSPango.lambda$static$0(OSPango.java:37)
                at java.base/java.security.AccessController.doPrivileged(AccessController.java:318)
                at com.sun.javafx.font.freetype.OSPango.<clinit>(OSPango.java:36)
                at com.sun.javafx.font.freetype.PangoGlyphLayout.<clinit>(PangoGlyphLayout.java:45)
                at com.sun.javafx.font.freetype.FTFactory.createGlyphLayout(FTFactory.java:82)
                at com.sun.javafx.text.GlyphLayout.newInstance(GlyphLayout.java:377)
                at com.sun.javafx.text.GlyphLayout.<clinit>(GlyphLayout.java:372)
                at com.sun.javafx.text.PrismTextLayout.buildRuns(PrismTextLayout.java:784)
                at com.sun.javafx.text.PrismTextLayout.layout(PrismTextLayout.java:1036)
                at com.sun.javafx.text.PrismTextLayout.ensureLayout(PrismTextLayout.java:223)
                at com.sun.javafx.text.PrismTextLayout.getBounds(PrismTextLayout.java:246)
                at com.sun.javafx.scene.control.skin.Utils.computeTextWidth(Utils.java:129)
                at javafx.scene.control.skin.LabeledSkinBase.computeMinLabeledPartWidth(LabeledSkinBase.java:795)
                at javafx.scene.control.skin.LabeledSkinBase.computeMinWidth(LabeledSkinBase.java:306)
                at javafx.scene.control.Control.computeMinWidth(Control.java:480)
                at javafx.scene.Parent.minWidth(Parent.java:1048)
                at javafx.scene.layout.Region.minWidth(Region.java:1553)
                at javafx.scene.layout.Region.computeChildPrefAreaWidth(Region.java:2012)
                at javafx.scene.layout.Region.getMaxAreaWidth(Region.java:2281)
                at javafx.scene.layout.Region.computeMaxPrefAreaWidth(Region.java:2150)
                at javafx.scene.layout.StackPane.computePrefWidth(StackPane.java:303)
                at javafx.scene.Parent.prefWidth(Parent.java:1020)
                at javafx.scene.layout.Region.prefWidth(Region.java:1589)
                at javafx.scene.Scene.getPreferredWidth(Scene.java:1837)
                at javafx.scene.Scene.resizeRootToPreferredSize(Scene.java:1813)
                at javafx.scene.Scene.preferredSize(Scene.java:1785)
                at javafx.scene.Scene$2.preferredSize(Scene.java:409)
                at com.sun.javafx.scene.SceneHelper.preferredSize(SceneHelper.java:66)
                at javafx.stage.Window$12.invalidated(Window.java:1163)
                at javafx.beans.property.BooleanPropertyBase.markInvalid(BooleanPropertyBase.java:110)
                at javafx.beans.property.BooleanPropertyBase.set(BooleanPropertyBase.java:145)
                at javafx.stage.Window.setShowing(Window.java:1239)
                at javafx.stage.Window.show(Window.java:1254)
                at javafx.stage.Stage.show(Stage.java:277)
                at edu.duke.ece651.team2.client.ButtonControllerTest.lambda$__CLR4_4_1sbpy61nt$2(ButtonControllerTest.java:136)
ButtonControllerTest > testOnLogInButtonFaculty() STANDARD_ERROR
    --- Exception in Async Thread ---
    java.lang.NoClassDefFoundError: Could not initialize class com.sun.javafx.text.GlyphLayout
    	com.sun.javafx.text.PrismTextLayout.buildRuns(PrismTextLayout.java:784)
    	com.sun.javafx.text.PrismTextLayout.layout(PrismTextLayout.java:1036)
    	com.sun.javafx.text.PrismTextLayout.ensureLayout(PrismTextLayout.java:223)
    	com.sun.javafx.text.PrismTextLayout.getBounds(PrismTextLayout.java:246)
    	com.sun.javafx.scene.control.skin.Utils.computeTextWidth(Utils.java:129)
    	javafx.scene.control.skin.LabeledSkinBase.computeMinLabeledPartWidth(LabeledSkinBase.java:795)
    	javafx.scene.control.skin.LabeledSkinBase.computeMinWidth(LabeledSkinBase.java:306)
    	javafx.scene.control.Control.computeMinWidth(Control.java:480)
    	javafx.scene.Parent.minWidth(Parent.java:1048)
    	javafx.scene.layout.Region.minWidth(Region.java:1553)
    	javafx.scene.layout.Region.computeChildPrefAreaWidth(Region.java:2012)
    	javafx.scene.layout.Region.getMaxAreaWidth(Region.java:2281)
    	javafx.scene.layout.Region.computeMaxPrefAreaWidth(Region.java:2150)
    	javafx.scene.layout.StackPane.computePrefWidth(StackPane.java:303)
    	javafx.scene.Parent.prefWidth(Parent.java:1020)
    	javafx.scene.layout.Region.prefWidth(Region.java:1589)
    	javafx.scene.Scene.getPreferredWidth(Scene.java:1837)
    	javafx.scene.Scene.resizeRootToPreferredSize(Scene.java:1813)
    	javafx.scene.Scene.preferredSize(Scene.java:1785)
    	javafx.scene.Scene$2.preferredSize(Scene.java:409)
    	com.sun.javafx.scene.SceneHelper.preferredSize(SceneHelper.java:66)
    	javafx.stage.Window$12.invalidated(Window.java:1163)
    	javafx.beans.property.BooleanPropertyBase.markInvalid(BooleanPropertyBase.java:110)
    	javafx.beans.property.BooleanPropertyBase.set(BooleanPropertyBase.java:145)
    	javafx.stage.Window.setShowing(Window.java:1239)
    	javafx.stage.Window.show(Window.java:1254)
    	javafx.stage.Stage.show(Stage.java:277)
    	edu.duke.ece651.team2.client.ButtonControllerTest.lambda$__CLR4_4_12670zlna$1(ButtonControllerTest.java:102)
    	com.sun.javafx.application.PlatformImpl.lambda$runLater$10(PlatformImpl.java:457)
    	java.base/java.security.AccessController.doPrivileged(AccessController.java:399)
    	com.sun.javafx.application.PlatformImpl.lambda$runLater$11(PlatformImpl.java:456)
    	com.sun.glass.ui.monocle.RunnableProcessor.runLoop(RunnableProcessor.java:92)
    	com.sun.glass.ui.monocle.RunnableProcessor.run(RunnableProcessor.java:51)
    	java.base/java.lang.Thread.run(Thread.java:840)
    java.lang.ExceptionInInitializerError: Exception java.lang.UnsatisfiedLinkError: no javafx_font_pango in java.library.path: /usr/java/packages/lib:/usr/lib/x86_64-linux-gnu/jni:/lib/x86_64-linux-gnu:/usr/lib/x86_64-linux-gnu:/usr/lib/jni:/lib:/usr/lib [in thread "JavaFX Application Thread"]
    	java.base/java.lang.ClassLoader.loadLibrary(ClassLoader.java:2434)
    	java.base/java.lang.Runtime.loadLibrary0(Runtime.java:818)
    	java.base/java.lang.System.loadLibrary(System.java:1993)
    	com.sun.glass.utils.NativeLibLoader.loadLibraryInternal(NativeLibLoader.java:166)
    	com.sun.glass.utils.NativeLibLoader.loadLibrary(NativeLibLoader.java:54)
    	com.sun.javafx.font.freetype.OSPango.lambda$static$0(OSPango.java:37)
    	java.base/java.security.AccessController.doPrivileged(AccessController.java:318)
    	com.sun.javafx.font.freetype.OSPango.<clinit>(OSPango.java:36)
    	com.sun.javafx.font.freetype.PangoGlyphLayout.<clinit>(PangoGlyphLayout.java:45)
    	com.sun.javafx.font.freetype.FTFactory.createGlyphLayout(FTFactory.java:82)
    	com.sun.javafx.text.GlyphLayout.newInstance(GlyphLayout.java:377)
    	com.sun.javafx.text.GlyphLayout.<clinit>(GlyphLayout.java:372)
    	com.sun.javafx.text.PrismTextLayout.buildRuns(PrismTextLayout.java:784)
    	com.sun.javafx.text.PrismTextLayout.layout(PrismTextLayout.java:1036)
    	com.sun.javafx.text.PrismTextLayout.ensureLayout(PrismTextLayout.java:223)
    	com.sun.javafx.text.PrismTextLayout.getBounds(PrismTextLayout.java:246)
    	com.sun.javafx.scene.control.skin.Utils.computeTextWidth(Utils.java:129)
    	javafx.scene.control.skin.LabeledSkinBase.computeMinLabeledPartWidth(LabeledSkinBase.java:795)
    	javafx.scene.control.skin.LabeledSkinBase.computeMinWidth(LabeledSkinBase.java:306)
    	javafx.scene.control.Control.computeMinWidth(Control.java:480)
    	javafx.scene.Parent.minWidth(Parent.java:1048)
    	javafx.scene.layout.Region.minWidth(Region.java:1553)
    	javafx.scene.layout.Region.computeChildPrefAreaWidth(Region.java:2012)
    	javafx.scene.layout.Region.getMaxAreaWidth(Region.java:2281)
    	javafx.scene.layout.Region.computeMaxPrefAreaWidth(Region.java:2150)
    	javafx.scene.layout.StackPane.computePrefWidth(StackPane.java:303)
    	javafx.scene.Parent.prefWidth(Parent.java:1020)
    	javafx.scene.layout.Region.prefWidth(Region.java:1589)
    	javafx.scene.Scene.getPreferredWidth(Scene.java:1837)
    	javafx.scene.Scene.resizeRootToPreferredSize(Scene.java:1813)
    	javafx.scene.Scene.preferredSize(Scene.java:1785)
    	javafx.scene.Scene$2.preferredSize(Scene.java:409)
    	com.sun.javafx.scene.SceneHelper.preferredSize(SceneHelper.java:66)
    	javafx.stage.Window$12.invalidated(Window.java:1163)
    	javafx.beans.property.BooleanPropertyBase.markInvalid(BooleanPropertyBase.java:110)
    	javafx.beans.property.BooleanPropertyBase.set(BooleanPropertyBase.java:145)
    	javafx.stage.Window.setShowing(Window.java:1239)
    	javafx.stage.Window.show(Window.java:1254)
    	javafx.stage.Stage.show(Stage.java:277)
    	edu.duke.ece651.team2.client.ButtonControllerTest.lambda$__CLR4_4_1sbpy61nt$2(ButtonControllerTest.java:136)
    	com.sun.javafx.application.PlatformImpl.lambda$runLater$10(PlatformImpl.java:457)
    	java.base/java.security.AccessController.doPrivileged(AccessController.java:399)
    	com.sun.javafx.application.PlatformImpl.lambda$runLater$11(PlatformImpl.java:456)
    	com.sun.glass.ui.monocle.RunnableProcessor.runLoop(RunnableProcessor.java:92)
    	com.sun.glass.ui.monocle.RunnableProcessor.run(RunnableProcessor.java:51)
    	java.base/java.lang.Thread.run(Thread.java:840)
    --- Exception in Async Thread ---
    java.lang.NoClassDefFoundError: Could not initialize class com.sun.javafx.text.GlyphLayout
    	com.sun.javafx.text.PrismTextLayout.buildRuns(PrismTextLayout.java:784)
    	com.sun.javafx.text.PrismTextLayout.layout(PrismTextLayout.java:1036)
    	com.sun.javafx.text.PrismTextLayout.ensureLayout(PrismTextLayout.java:223)
    	com.sun.javafx.text.PrismTextLayout.getBounds(PrismTextLayout.java:246)
    	com.sun.javafx.scene.control.skin.Utils.computeTextWidth(Utils.java:129)
    	javafx.scene.control.skin.LabeledSkinBase.computeMinLabeledPartWidth(LabeledSkinBase.java:795)
    	javafx.scene.control.skin.LabeledSkinBase.computeMinWidth(LabeledSkinBase.java:306)
    	javafx.scene.control.Control.computeMinWidth(Control.java:480)
    	javafx.scene.Parent.minWidth(Parent.java:1048)
    	javafx.scene.layout.Region.minWidth(Region.java:1553)
    	javafx.scene.layout.Region.boundedNodeSizeWithBias(Region.java:2197)
    	javafx.scene.layout.Region.layoutInArea(Region.java:2612)
    	javafx.scene.layout.Region.layoutInArea(Region.java:2525)
    	javafx.scene.layout.Region.layoutInArea(Region.java:2466)
    	javafx.scene.layout.StackPane.layoutChildren(StackPane.java:344)
    	javafx.scene.Parent.layout(Parent.java:1207)
    	javafx.scene.Scene.doLayoutPass(Scene.java:592)
    	javafx.scene.Scene$ScenePulseListener.pulse(Scene.java:2512)
    	com.sun.javafx.tk.Toolkit.lambda$runPulse$2(Toolkit.java:407)
    	java.base/java.security.AccessController.doPrivileged(AccessController.java:399)
    	com.sun.javafx.tk.Toolkit.runPulse(Toolkit.java:406)
    	com.sun.javafx.tk.Toolkit.firePulse(Toolkit.java:436)
    	com.sun.javafx.tk.quantum.QuantumToolkit.pulse(QuantumToolkit.java:575)
    	com.sun.javafx.tk.quantum.QuantumToolkit.pulse(QuantumToolkit.java:555)
    	com.sun.javafx.tk.quantum.QuantumToolkit.pulseFromQueue(QuantumToolkit.java:548)
    	com.sun.javafx.tk.quantum.QuantumToolkit.lambda$runToolkit$11(QuantumToolkit.java:352)
    	com.sun.glass.ui.monocle.RunnableProcessor.runLoop(RunnableProcessor.java:92)
    	com.sun.glass.ui.monocle.RunnableProcessor.run(RunnableProcessor.java:51)
    	java.base/java.lang.Thread.run(Thread.java:840)
    java.lang.ExceptionInInitializerError: Exception java.lang.UnsatisfiedLinkError: no javafx_font_pango in java.library.path: /usr/java/packages/lib:/usr/lib/x86_64-linux-gnu/jni:/lib/x86_64-linux-gnu:/usr/lib/x86_64-linux-gnu:/usr/lib/jni:/lib:/usr/lib [in thread "JavaFX Application Thread"]
    	java.base/java.lang.ClassLoader.loadLibrary(ClassLoader.java:2434)
    	java.base/java.lang.Runtime.loadLibrary0(Runtime.java:818)
    	java.base/java.lang.System.loadLibrary(System.java:1993)
    	com.sun.glass.utils.NativeLibLoader.loadLibraryInternal(NativeLibLoader.java:166)
    	com.sun.glass.utils.NativeLibLoader.loadLibrary(NativeLibLoader.java:54)
    	com.sun.javafx.font.freetype.OSPango.lambda$static$0(OSPango.java:37)
    	java.base/java.security.AccessController.doPrivileged(AccessController.java:318)
    	com.sun.javafx.font.freetype.OSPango.<clinit>(OSPango.java:36)
    	com.sun.javafx.font.freetype.PangoGlyphLayout.<clinit>(PangoGlyphLayout.java:45)
    	com.sun.javafx.font.freetype.FTFactory.createGlyphLayout(FTFactory.java:82)
    	com.sun.javafx.text.GlyphLayout.newInstance(GlyphLayout.java:377)
    	com.sun.javafx.text.GlyphLayout.<clinit>(GlyphLayout.java:372)
    	com.sun.javafx.text.PrismTextLayout.buildRuns(PrismTextLayout.java:784)
    	com.sun.javafx.text.PrismTextLayout.layout(PrismTextLayout.java:1036)
    	com.sun.javafx.text.PrismTextLayout.ensureLayout(PrismTextLayout.java:223)
    	com.sun.javafx.text.PrismTextLayout.getBounds(PrismTextLayout.java:246)
    	com.sun.javafx.scene.control.skin.Utils.computeTextWidth(Utils.java:129)
    	javafx.scene.control.skin.LabeledSkinBase.computeMinLabeledPartWidth(LabeledSkinBase.java:795)
    	javafx.scene.control.skin.LabeledSkinBase.computeMinWidth(LabeledSkinBase.java:306)
    	javafx.scene.control.Control.computeMinWidth(Control.java:480)
    	javafx.scene.Parent.minWidth(Parent.java:1048)
    	javafx.scene.layout.Region.minWidth(Region.java:1553)
    	javafx.scene.layout.Region.computeChildPrefAreaWidth(Region.java:2012)
    	javafx.scene.layout.Region.getMaxAreaWidth(Region.java:2281)
    	javafx.scene.layout.Region.computeMaxPrefAreaWidth(Region.java:2150)
    	javafx.scene.layout.StackPane.computePrefWidth(StackPane.java:303)
    	javafx.scene.Parent.prefWidth(Parent.java:1020)
    	javafx.scene.layout.Region.prefWidth(Region.java:1589)
    	javafx.scene.Scene.getPreferredWidth(Scene.java:1837)
    	javafx.scene.Scene.resizeRootToPreferredSize(Scene.java:1813)
    	javafx.scene.Scene.preferredSize(Scene.java:1785)
    	javafx.scene.Scene$2.preferredSize(Scene.java:409)
    	com.sun.javafx.scene.SceneHelper.preferredSize(SceneHelper.java:66)
    	javafx.stage.Window$12.invalidated(Window.java:1163)
    	javafx.beans.property.BooleanPropertyBase.markInvalid(BooleanPropertyBase.java:110)
    	javafx.beans.property.BooleanPropertyBase.set(BooleanPropertyBase.java:145)
    	javafx.stage.Window.setShowing(Window.java:1239)
    	javafx.stage.Window.show(Window.java:1254)
    	javafx.stage.Stage.show(Stage.java:277)
    	edu.duke.ece651.team2.client.ButtonControllerTest.lambda$__CLR4_4_1sbpy61nt$2(ButtonControllerTest.java:136)
    	com.sun.javafx.application.PlatformImpl.lambda$runLater$10(PlatformImpl.java:457)
    	java.base/java.security.AccessController.doPrivileged(AccessController.java:399)
    	com.sun.javafx.application.PlatformImpl.lambda$runLater$11(PlatformImpl.java:456)
    	com.sun.glass.ui.monocle.RunnableProcessor.runLoop(RunnableProcessor.java:92)
    	com.sun.glass.ui.monocle.RunnableProcessor.run(RunnableProcessor.java:51)
    	java.base/java.lang.Thread.run(Thread.java:840)
    --- Exception in Async Thread ---
    java.lang.NoClassDefFoundError: Could not initialize class com.sun.javafx.text.GlyphLayout
    	com.sun.javafx.text.PrismTextLayout.buildRuns(PrismTextLayout.java:784)
    	com.sun.javafx.text.PrismTextLayout.layout(PrismTextLayout.java:1036)
    	com.sun.javafx.text.PrismTextLayout.ensureLayout(PrismTextLayout.java:223)
    	com.sun.javafx.text.PrismTextLayout.getBounds(PrismTextLayout.java:246)
    	javafx.scene.text.Text.getLogicalBounds(Text.java:432)
    	javafx.scene.text.Text.doComputeGeomBounds(Text.java:1187)
    	javafx.scene.text.Text$1.doComputeGeomBounds(Text.java:149)
    	com.sun.javafx.scene.shape.TextHelper.computeGeomBoundsImpl(TextHelper.java:90)
    	com.sun.javafx.scene.NodeHelper.computeGeomBounds(NodeHelper.java:117)
    	javafx.scene.Node.updateGeomBounds(Node.java:3825)
    	javafx.scene.Node.getGeomBounds(Node.java:3787)
    	javafx.scene.Node.getLocalBounds(Node.java:3735)
    	javafx.scene.Node.updateTxBounds(Node.java:3889)
    	javafx.scene.Node.getTransformedBounds(Node.java:3681)
    	javafx.scene.Node.updateBounds(Node.java:777)
    	javafx.scene.Parent.updateBounds(Parent.java:1833)
    	javafx.scene.Parent.updateBounds(Parent.java:1833)
    	javafx.scene.Scene$ScenePulseListener.pulse(Scene.java:2527)
    	com.sun.javafx.tk.Toolkit.lambda$runPulse$2(Toolkit.java:407)
    	java.base/java.security.AccessController.doPrivileged(AccessController.java:399)
    	com.sun.javafx.tk.Toolkit.runPulse(Toolkit.java:406)
    	com.sun.javafx.tk.Toolkit.firePulse(Toolkit.java:436)
    	com.sun.javafx.tk.quantum.QuantumToolkit.pulse(QuantumToolkit.java:575)
    	com.sun.javafx.tk.quantum.QuantumToolkit.pulse(QuantumToolkit.java:555)
    	com.sun.javafx.tk.quantum.QuantumToolkit.pulseFromQueue(QuantumToolkit.java:548)
    	com.sun.javafx.tk.quantum.QuantumToolkit.lambda$runToolkit$11(QuantumToolkit.java:352)
    	com.sun.glass.ui.monocle.RunnableProcessor.runLoop(RunnableProcessor.java:92)
    	com.sun.glass.ui.monocle.RunnableProcessor.run(RunnableProcessor.java:51)
    	java.base/java.lang.Thread.run(Thread.java:840)
    java.lang.ExceptionInInitializerError: Exception java.lang.UnsatisfiedLinkError: no javafx_font_pango in java.library.path: /usr/java/packages/lib:/usr/lib/x86_64-linux-gnu/jni:/lib/x86_64-linux-gnu:/usr/lib/x86_64-linux-gnu:/usr/lib/jni:/lib:/usr/lib [in thread "JavaFX Application Thread"]
    	java.base/java.lang.ClassLoader.loadLibrary(ClassLoader.java:2434)
    	java.base/java.lang.Runtime.loadLibrary0(Runtime.java:818)
    	java.base/java.lang.System.loadLibrary(System.java:1993)
    	com.sun.glass.utils.NativeLibLoader.loadLibraryInternal(NativeLibLoader.java:166)
    	com.sun.glass.utils.NativeLibLoader.loadLibrary(NativeLibLoader.java:54)
    	com.sun.javafx.font.freetype.OSPango.lambda$static$0(OSPango.java:37)
    	java.base/java.security.AccessController.doPrivileged(AccessController.java:318)
    	com.sun.javafx.font.freetype.OSPango.<clinit>(OSPango.java:36)
    	com.sun.javafx.font.freetype.PangoGlyphLayout.<clinit>(PangoGlyphLayout.java:45)
    	com.sun.javafx.font.freetype.FTFactory.createGlyphLayout(FTFactory.java:82)
    	com.sun.javafx.text.GlyphLayout.newInstance(GlyphLayout.java:377)
    	com.sun.javafx.text.GlyphLayout.<clinit>(GlyphLayout.java:372)
    	com.sun.javafx.text.PrismTextLayout.buildRuns(PrismTextLayout.java:784)
    	com.sun.javafx.text.PrismTextLayout.layout(PrismTextLayout.java:1036)
    	com.sun.javafx.text.PrismTextLayout.ensureLayout(PrismTextLayout.java:223)
    	com.sun.javafx.text.PrismTextLayout.getBounds(PrismTextLayout.java:246)
    	com.sun.javafx.scene.control.skin.Utils.computeTextWidth(Utils.java:129)
    	javafx.scene.control.skin.LabeledSkinBase.computeMinLabeledPartWidth(LabeledSkinBase.java:795)
    	javafx.scene.control.skin.LabeledSkinBase.computeMinWidth(LabeledSkinBase.java:306)
    	javafx.scene.control.Control.computeMinWidth(Control.java:480)
    	javafx.scene.Parent.minWidth(Parent.java:1048)
    	javafx.scene.layout.Region.minWidth(Region.java:1553)
    	javafx.scene.layout.Region.computeChildPrefAreaWidth(Region.java:2012)
    	javafx.scene.layout.Region.getMaxAreaWidth(Region.java:2281)
    	javafx.scene.layout.Region.computeMaxPrefAreaWidth(Region.java:2150)
    	javafx.scene.layout.StackPane.computePrefWidth(StackPane.java:303)
    	javafx.scene.Parent.prefWidth(Parent.java:1020)
    	javafx.scene.layout.Region.prefWidth(Region.java:1589)
    	javafx.scene.Scene.getPreferredWidth(Scene.java:1837)
    	javafx.scene.Scene.resizeRootToPreferredSize(Scene.java:1813)
    	javafx.scene.Scene.preferredSize(Scene.java:1785)
    	javafx.scene.Scene$2.preferredSize(Scene.java:409)
    	com.sun.javafx.scene.SceneHelper.preferredSize(SceneHelper.java:66)
    	javafx.stage.Window$12.invalidated(Window.java:1163)
    	javafx.beans.property.BooleanPropertyBase.markInvalid(BooleanPropertyBase.java:110)
    	javafx.beans.property.BooleanPropertyBase.set(BooleanPropertyBase.java:145)
    	javafx.stage.Window.setShowing(Window.java:1239)
    	javafx.stage.Window.show(Window.java:1254)
    	javafx.stage.Stage.show(Stage.java:277)
    	edu.duke.ece651.team2.client.ButtonControllerTest.lambda$__CLR4_4_1sbpy61nt$2(ButtonControllerTest.java:136)
    	com.sun.javafx.application.PlatformImpl.lambda$runLater$10(PlatformImpl.java:457)
    	java.base/java.security.AccessController.doPrivileged(AccessController.java:399)
    	com.sun.javafx.application.PlatformImpl.lambda$runLater$11(PlatformImpl.java:456)
    	com.sun.glass.ui.monocle.RunnableProcessor.runLoop(RunnableProcessor.java:92)
    	com.sun.glass.ui.monocle.RunnableProcessor.run(RunnableProcessor.java:51)
    	java.base/java.lang.Thread.run(Thread.java:840)
ButtonControllerTest > testOnLogInButtonFaculty() FAILED
    Wanted but not invoked:
    generalController.getConnected();
    -> at edu.duke.ece651.team2.client.ButtonControllerTest.__CLR4_4_12670zlna(ButtonControllerTest.java:114)
    Actually, there were zero interactions with this mock.
        at app//edu.duke.ece651.team2.client.ButtonControllerTest.__CLR4_4_12670zlna(ButtonControllerTest.java:114)
        at app//edu.duke.ece651.team2.client.ButtonControllerTest.testOnLogInButtonFaculty(ButtonControllerTest.java:85)
GeneralControllerTest > testReceiveAllLectureBySectionId() STANDARD_OUT
    Below are the lectures you are teaching this semester, please select a course to record your attendance.
GeneralControllerTest > testReceiveAllLectureBySectionId() STANDARD_ERROR
    com.fasterxml.jackson.core.JsonParseException: Unrecognized token 'ReceiveAllLectureBySectionId': was expecting ('true', 'false' or 'null')
     at [Source: ReceiveAllLectureBySectionId; line: 1, column: 57]
    	at com.fasterxml.jackson.core.JsonParser._constructError(JsonParser.java:1702)
    	at com.fasterxml.jackson.core.base.ParserMinimalBase._reportError(ParserMinimalBase.java:558)
    	at com.fasterxml.jackson.core.json.ReaderBasedJsonParser._reportInvalidToken(ReaderBasedJsonParser.java:2839)
    	at com.fasterxml.jackson.core.json.ReaderBasedJsonParser._handleOddValue(ReaderBasedJsonParser.java:1903)
    	at com.fasterxml.jackson.core.json.ReaderBasedJsonParser.nextToken(ReaderBasedJsonParser.java:749)
    	at com.fasterxml.jackson.databind.ObjectMapper._initForReading(ObjectMapper.java:3850)
    	at com.fasterxml.jackson.databind.ObjectMapper._readMapAndClose(ObjectMapper.java:3799)
    	at com.fasterxml.jackson.databind.ObjectMapper.readValue(ObjectMapper.java:2877)
    	at edu.duke.ece651.team2.client.controller.GeneralController.getResponseList(GeneralController.java:159)
    	at edu.duke.ece651.team2.client.controller.GeneralController.receiveAllLectureBySectionId(GeneralController.java:253)
    	at edu.duke.ece651.team2.client.GeneralControllerTest.__CLR4_4_1lufxlul0(GeneralControllerTest.java:331)
    	at edu.duke.ece651.team2.client.GeneralControllerTest.testReceiveAllLectureBySectionId(GeneralControllerTest.java:317)
    	at java.base/jdk.internal.reflect.NativeMethodAccessorImpl.invoke0(Native Method)
    	at java.base/jdk.internal.reflect.NativeMethodAccessorImpl.invoke(NativeMethodAccessorImpl.java:77)
    	at java.base/jdk.internal.reflect.DelegatingMethodAccessorImpl.invoke(DelegatingMethodAccessorImpl.java:43)
    	at java.base/java.lang.reflect.Method.invoke(Method.java:568)
    	at org.junit.platform.commons.util.ReflectionUtils.invokeMethod(ReflectionUtils.java:688)
    	at org.junit.jupiter.engine.execution.MethodInvocation.proceed(MethodInvocation.java:60)
    	at org.junit.jupiter.engine.execution.InvocationInterceptorChain$ValidatingInvocation.proceed(InvocationInterceptorChain.java:131)
    	at org.junit.jupiter.engine.extension.TimeoutExtension.intercept(TimeoutExtension.java:149)
    	at org.junit.jupiter.engine.extension.TimeoutExtension.interceptTestableMethod(TimeoutExtension.java:140)
    	at org.junit.jupiter.engine.extension.TimeoutExtension.interceptTestMethod(TimeoutExtension.java:84)
    	at org.junit.jupiter.engine.execution.ExecutableInvoker$ReflectiveInterceptorCall.lambda$ofVoidMethod$0(ExecutableInvoker.java:115)
    	at org.junit.jupiter.engine.execution.ExecutableInvoker.lambda$invoke$0(ExecutableInvoker.java:105)
    	at org.junit.jupiter.engine.execution.InvocationInterceptorChain$InterceptedInvocation.proceed(InvocationInterceptorChain.java:106)
    	at org.junit.jupiter.engine.execution.InvocationInterceptorChain.proceed(InvocationInterceptorChain.java:64)
    	at org.junit.jupiter.engine.execution.InvocationInterceptorChain.chainAndInvoke(InvocationInterceptorChain.java:45)
    	at org.junit.jupiter.engine.execution.InvocationInterceptorChain.invoke(InvocationInterceptorChain.java:37)
    	at org.junit.jupiter.engine.execution.ExecutableInvoker.invoke(ExecutableInvoker.java:104)
    	at org.junit.jupiter.engine.execution.ExecutableInvoker.invoke(ExecutableInvoker.java:98)
    	at org.junit.jupiter.engine.descriptor.TestMethodTestDescriptor.lambda$invokeTestMethod$6(TestMethodTestDescriptor.java:210)
    	at org.junit.platform.engine.support.hierarchical.ThrowableCollector.execute(ThrowableCollector.java:73)
    	at org.junit.jupiter.engine.descriptor.TestMethodTestDescriptor.invokeTestMethod(TestMethodTestDescriptor.java:206)
    	at org.junit.jupiter.engine.descriptor.TestMethodTestDescriptor.execute(TestMethodTestDescriptor.java:131)
    	at org.junit.jupiter.engine.descriptor.TestMethodTestDescriptor.execute(TestMethodTestDescriptor.java:65)
    	at org.junit.platform.engine.support.hierarchical.NodeTestTask.lambda$executeRecursively$5(NodeTestTask.java:139)
    	at org.junit.platform.engine.support.hierarchical.ThrowableCollector.execute(ThrowableCollector.java:73)
    	at org.junit.platform.engine.support.hierarchical.NodeTestTask.lambda$executeRecursively$7(NodeTestTask.java:129)
    	at org.junit.platform.engine.support.hierarchical.Node.around(Node.java:137)
    	at org.junit.platform.engine.support.hierarchical.NodeTestTask.lambda$executeRecursively$8(NodeTestTask.java:127)
    	at org.junit.platform.engine.support.hierarchical.ThrowableCollector.execute(ThrowableCollector.java:73)
    	at org.junit.platform.engine.support.hierarchical.NodeTestTask.executeRecursively(NodeTestTask.java:126)
    	at org.junit.platform.engine.support.hierarchical.NodeTestTask.execute(NodeTestTask.java:84)
    	at java.base/java.util.ArrayList.forEach(ArrayList.java:1511)
    	at org.junit.platform.engine.support.hierarchical.SameThreadHierarchicalTestExecutorService.invokeAll(SameThreadHierarchicalTestExecutorService.java:38)
    	at org.junit.platform.engine.support.hierarchical.NodeTestTask.lambda$executeRecursively$5(NodeTestTask.java:143)
    	at org.junit.platform.engine.support.hierarchical.ThrowableCollector.execute(ThrowableCollector.java:73)
    	at org.junit.platform.engine.support.hierarchical.NodeTestTask.lambda$executeRecursively$7(NodeTestTask.java:129)
    	at org.junit.platform.engine.support.hierarchical.Node.around(Node.java:137)
    	at org.junit.platform.engine.support.hierarchical.NodeTestTask.lambda$executeRecursively$8(NodeTestTask.java:127)
    	at org.junit.platform.engine.support.hierarchical.ThrowableCollector.execute(ThrowableCollector.java:73)
    	at org.junit.platform.engine.support.hierarchical.NodeTestTask.executeRecursively(NodeTestTask.java:126)
    	at org.junit.platform.engine.support.hierarchical.NodeTestTask.execute(NodeTestTask.java:84)
    	at java.base/java.util.ArrayList.forEach(ArrayList.java:1511)
    	at org.junit.platform.engine.support.hierarchical.SameThreadHierarchicalTestExecutorService.invokeAll(SameThreadHierarchicalTestExecutorService.java:38)
    	at org.junit.platform.engine.support.hierarchical.NodeTestTask.lambda$executeRecursively$5(NodeTestTask.java:143)
    	at org.junit.platform.engine.support.hierarchical.ThrowableCollector.execute(ThrowableCollector.java:73)
    	at org.junit.platform.engine.support.hierarchical.NodeTestTask.lambda$executeRecursively$7(NodeTestTask.java:129)
    	at org.junit.platform.engine.support.hierarchical.Node.around(Node.java:137)
    	at org.junit.platform.engine.support.hierarchical.NodeTestTask.lambda$executeRecursively$8(NodeTestTask.java:127)
    	at org.junit.platform.engine.support.hierarchical.ThrowableCollector.execute(ThrowableCollector.java:73)
    	at org.junit.platform.engine.support.hierarchical.NodeTestTask.executeRecursively(NodeTestTask.java:126)
    	at org.junit.platform.engine.support.hierarchical.NodeTestTask.execute(NodeTestTask.java:84)
    	at org.junit.platform.engine.support.hierarchical.SameThreadHierarchicalTestExecutorService.submit(SameThreadHierarchicalTestExecutorService.java:32)
    	at org.junit.platform.engine.support.hierarchical.HierarchicalTestExecutor.execute(HierarchicalTestExecutor.java:57)
    	at org.junit.platform.engine.support.hierarchical.HierarchicalTestEngine.execute(HierarchicalTestEngine.java:51)
    	at org.junit.platform.launcher.core.EngineExecutionOrchestrator.execute(EngineExecutionOrchestrator.java:108)
    	at org.junit.platform.launcher.core.EngineExecutionOrchestrator.execute(EngineExecutionOrchestrator.java:88)
    	at org.junit.platform.launcher.core.EngineExecutionOrchestrator.lambda$execute$0(EngineExecutionOrchestrator.java:54)
    	at org.junit.platform.launcher.core.EngineExecutionOrchestrator.withInterceptedStreams(EngineExecutionOrchestrator.java:67)
    	at org.junit.platform.launcher.core.EngineExecutionOrchestrator.execute(EngineExecutionOrchestrator.java:52)
    	at org.junit.platform.launcher.core.DefaultLauncher.execute(DefaultLauncher.java:96)
    	at org.junit.platform.launcher.core.DefaultLauncher.execute(DefaultLauncher.java:75)
    	at org.gradle.api.internal.tasks.testing.junitplatform.JUnitPlatformTestClassProcessor$CollectAllTestClassesExecutor.processAllTestClasses(JUnitPlatformTestClassProcessor.java:99)
    	at org.gradle.api.internal.tasks.testing.junitplatform.JUnitPlatformTestClassProcessor$CollectAllTestClassesExecutor.access$000(JUnitPlatformTestClassProcessor.java:79)
    	at org.gradle.api.internal.tasks.testing.junitplatform.JUnitPlatformTestClassProcessor.stop(JUnitPlatformTestClassProcessor.java:75)
    	at org.gradle.api.internal.tasks.testing.SuiteTestClassProcessor.stop(SuiteTestClassProcessor.java:61)
    	at java.base/jdk.internal.reflect.NativeMethodAccessorImpl.invoke0(Native Method)
    	at java.base/jdk.internal.reflect.NativeMethodAccessorImpl.invoke(NativeMethodAccessorImpl.java:77)
    	at java.base/jdk.internal.reflect.DelegatingMethodAccessorImpl.invoke(DelegatingMethodAccessorImpl.java:43)
    	at java.base/java.lang.reflect.Method.invoke(Method.java:568)
    	at org.gradle.internal.dispatch.ReflectionDispatch.dispatch(ReflectionDispatch.java:36)
    	at org.gradle.internal.dispatch.ReflectionDispatch.dispatch(ReflectionDispatch.java:24)
    	at org.gradle.internal.dispatch.ContextClassLoaderDispatch.dispatch(ContextClassLoaderDispatch.java:33)
    	at org.gradle.internal.dispatch.ProxyDispatchAdapter$DispatchingInvocationHandler.invoke(ProxyDispatchAdapter.java:94)
    	at jdk.proxy1/jdk.proxy1.$Proxy2.stop(Unknown Source)
    	at org.gradle.api.internal.tasks.testing.worker.TestWorker$3.run(TestWorker.java:193)
    	at org.gradle.api.internal.tasks.testing.worker.TestWorker.executeAndMaintainThreadName(TestWorker.java:129)
    	at org.gradle.api.internal.tasks.testing.worker.TestWorker.execute(TestWorker.java:100)
    	at org.gradle.api.internal.tasks.testing.worker.TestWorker.execute(TestWorker.java:60)
    	at org.gradle.process.internal.worker.child.ActionExecutionWorker.execute(ActionExecutionWorker.java:56)
    	at org.gradle.process.internal.worker.child.SystemApplicationClassLoaderWorker.call(SystemApplicationClassLoaderWorker.java:133)
    	at org.gradle.process.internal.worker.child.SystemApplicationClassLoaderWorker.call(SystemApplicationClassLoaderWorker.java:71)
    	at worker.org.gradle.process.internal.worker.GradleWorkerMain.run(GradleWorkerMain.java:69)
    	at worker.org.gradle.process.internal.worker.GradleWorkerMain.main(GradleWorkerMain.java:74)
    java.lang.NullPointerException: Cannot invoke "java.util.List.size()" because "responseList" is null
    	at edu.duke.ece651.team2.client.controller.GeneralController.receiveAllLectureBySectionId(GeneralController.java:254)
    	at edu.duke.ece651.team2.client.GeneralControllerTest.__CLR4_4_1lufxlul0(GeneralControllerTest.java:331)
    	at edu.duke.ece651.team2.client.GeneralControllerTest.testReceiveAllLectureBySectionId(GeneralControllerTest.java:317)
    	at java.base/jdk.internal.reflect.NativeMethodAccessorImpl.invoke0(Native Method)
    	at java.base/jdk.internal.reflect.NativeMethodAccessorImpl.invoke(NativeMethodAccessorImpl.java:77)
    	at java.base/jdk.internal.reflect.DelegatingMethodAccessorImpl.invoke(DelegatingMethodAccessorImpl.java:43)
    	at java.base/java.lang.reflect.Method.invoke(Method.java:568)
    	at org.junit.platform.commons.util.ReflectionUtils.invokeMethod(ReflectionUtils.java:688)
    	at org.junit.jupiter.engine.execution.MethodInvocation.proceed(MethodInvocation.java:60)
    	at org.junit.jupiter.engine.execution.InvocationInterceptorChain$ValidatingInvocation.proceed(InvocationInterceptorChain.java:131)
    	at org.junit.jupiter.engine.extension.TimeoutExtension.intercept(TimeoutExtension.java:149)
    	at org.junit.jupiter.engine.extension.TimeoutExtension.interceptTestableMethod(TimeoutExtension.java:140)
    	at org.junit.jupiter.engine.extension.TimeoutExtension.interceptTestMethod(TimeoutExtension.java:84)
    	at org.junit.jupiter.engine.execution.ExecutableInvoker$ReflectiveInterceptorCall.lambda$ofVoidMethod$0(ExecutableInvoker.java:115)
    	at org.junit.jupiter.engine.execution.ExecutableInvoker.lambda$invoke$0(ExecutableInvoker.java:105)
    	at org.junit.jupiter.engine.execution.InvocationInterceptorChain$InterceptedInvocation.proceed(InvocationInterceptorChain.java:106)
    	at org.junit.jupiter.engine.execution.InvocationInterceptorChain.proceed(InvocationInterceptorChain.java:64)
    	at org.junit.jupiter.engine.execution.InvocationInterceptorChain.chainAndInvoke(InvocationInterceptorChain.java:45)
    	at org.junit.jupiter.engine.execution.InvocationInterceptorChain.invoke(InvocationInterceptorChain.java:37)
    	at org.junit.jupiter.engine.execution.ExecutableInvoker.invoke(ExecutableInvoker.java:104)
    	at org.junit.jupiter.engine.execution.ExecutableInvoker.invoke(ExecutableInvoker.java:98)
    	at org.junit.jupiter.engine.descriptor.TestMethodTestDescriptor.lambda$invokeTestMethod$6(TestMethodTestDescriptor.java:210)
    	at org.junit.platform.engine.support.hierarchical.ThrowableCollector.execute(ThrowableCollector.java:73)
    	at org.junit.jupiter.engine.descriptor.TestMethodTestDescriptor.invokeTestMethod(TestMethodTestDescriptor.java:206)
    	at org.junit.jupiter.engine.descriptor.TestMethodTestDescriptor.execute(TestMethodTestDescriptor.java:131)
    	at org.junit.jupiter.engine.descriptor.TestMethodTestDescriptor.execute(TestMethodTestDescriptor.java:65)
    	at org.junit.platform.engine.support.hierarchical.NodeTestTask.lambda$executeRecursively$5(NodeTestTask.java:139)
    	at org.junit.platform.engine.support.hierarchical.ThrowableCollector.execute(ThrowableCollector.java:73)
    	at org.junit.platform.engine.support.hierarchical.NodeTestTask.lambda$executeRecursively$7(NodeTestTask.java:129)
    	at org.junit.platform.engine.support.hierarchical.Node.around(Node.java:137)
    	at org.junit.platform.engine.support.hierarchical.NodeTestTask.lambda$executeRecursively$8(NodeTestTask.java:127)
    	at org.junit.platform.engine.support.hierarchical.ThrowableCollector.execute(ThrowableCollector.java:73)
    	at org.junit.platform.engine.support.hierarchical.NodeTestTask.executeRecursively(NodeTestTask.java:126)
    	at org.junit.platform.engine.support.hierarchical.NodeTestTask.execute(NodeTestTask.java:84)
    	at java.base/java.util.ArrayList.forEach(ArrayList.java:1511)
    	at org.junit.platform.engine.support.hierarchical.SameThreadHierarchicalTestExecutorService.invokeAll(SameThreadHierarchicalTestExecutorService.java:38)
    	at org.junit.platform.engine.support.hierarchical.NodeTestTask.lambda$executeRecursively$5(NodeTestTask.java:143)
    	at org.junit.platform.engine.support.hierarchical.ThrowableCollector.execute(ThrowableCollector.java:73)
    	at org.junit.platform.engine.support.hierarchical.NodeTestTask.lambda$executeRecursively$7(NodeTestTask.java:129)
    	at org.junit.platform.engine.support.hierarchical.Node.around(Node.java:137)
    	at org.junit.platform.engine.support.hierarchical.NodeTestTask.lambda$executeRecursively$8(NodeTestTask.java:127)
    	at org.junit.platform.engine.support.hierarchical.ThrowableCollector.execute(ThrowableCollector.java:73)
    	at org.junit.platform.engine.support.hierarchical.NodeTestTask.executeRecursively(NodeTestTask.java:126)
    	at org.junit.platform.engine.support.hierarchical.NodeTestTask.execute(NodeTestTask.java:84)
    	at java.base/java.util.ArrayList.forEach(ArrayList.java:1511)
    	at org.junit.platform.engine.support.hierarchical.SameThreadHierarchicalTestExecutorService.invokeAll(SameThreadHierarchicalTestExecutorService.java:38)
    	at org.junit.platform.engine.support.hierarchical.NodeTestTask.lambda$executeRecursively$5(NodeTestTask.java:143)
    	at org.junit.platform.engine.support.hierarchical.ThrowableCollector.execute(ThrowableCollector.java:73)
    	at org.junit.platform.engine.support.hierarchical.NodeTestTask.lambda$executeRecursively$7(NodeTestTask.java:129)
    	at org.junit.platform.engine.support.hierarchical.Node.around(Node.java:137)
    	at org.junit.platform.engine.support.hierarchical.NodeTestTask.lambda$executeRecursively$8(NodeTestTask.java:127)
    	at org.junit.platform.engine.support.hierarchical.ThrowableCollector.execute(ThrowableCollector.java:73)
    	at org.junit.platform.engine.support.hierarchical.NodeTestTask.executeRecursively(NodeTestTask.java:126)
    	at org.junit.platform.engine.support.hierarchical.NodeTestTask.execute(NodeTestTask.java:84)
    	at org.junit.platform.engine.support.hierarchical.SameThreadHierarchicalTestExecutorService.submit(SameThreadHierarchicalTestExecutorService.java:32)
    	at org.junit.platform.engine.support.hierarchical.HierarchicalTestExecutor.execute(HierarchicalTestExecutor.java:57)
    	at org.junit.platform.engine.support.hierarchical.HierarchicalTestEngine.execute(HierarchicalTestEngine.java:51)
    	at org.junit.platform.launcher.core.EngineExecutionOrchestrator.execute(EngineExecutionOrchestrator.java:108)
    	at org.junit.platform.launcher.core.EngineExecutionOrchestrator.execute(EngineExecutionOrchestrator.java:88)
    	at org.junit.platform.launcher.core.EngineExecutionOrchestrator.lambda$execute$0(EngineExecutionOrchestrator.java:54)
    	at org.junit.platform.launcher.core.EngineExecutionOrchestrator.withInterceptedStreams(EngineExecutionOrchestrator.java:67)
    	at org.junit.platform.launcher.core.EngineExecutionOrchestrator.execute(EngineExecutionOrchestrator.java:52)
    	at org.junit.platform.launcher.core.DefaultLauncher.execute(DefaultLauncher.java:96)
    	at org.junit.platform.launcher.core.DefaultLauncher.execute(DefaultLauncher.java:75)
    	at org.gradle.api.internal.tasks.testing.junitplatform.JUnitPlatformTestClassProcessor$CollectAllTestClassesExecutor.processAllTestClasses(JUnitPlatformTestClassProcessor.java:99)
    	at org.gradle.api.internal.tasks.testing.junitplatform.JUnitPlatformTestClassProcessor$CollectAllTestClassesExecutor.access$000(JUnitPlatformTestClassProcessor.java:79)
    	at org.gradle.api.internal.tasks.testing.junitplatform.JUnitPlatformTestClassProcessor.stop(JUnitPlatformTestClassProcessor.java:75)
    	at org.gradle.api.internal.tasks.testing.SuiteTestClassProcessor.stop(SuiteTestClassProcessor.java:61)
    	at java.base/jdk.internal.reflect.NativeMethodAccessorImpl.invoke0(Native Method)
    	at java.base/jdk.internal.reflect.NativeMethodAccessorImpl.invoke(NativeMethodAccessorImpl.java:77)
    	at java.base/jdk.internal.reflect.DelegatingMethodAccessorImpl.invoke(DelegatingMethodAccessorImpl.java:43)
    	at java.base/java.lang.reflect.Method.invoke(Method.java:568)
    	at org.gradle.internal.dispatch.ReflectionDispatch.dispatch(ReflectionDispatch.java:36)
    	at org.gradle.internal.dispatch.ReflectionDispatch.dispatch(ReflectionDispatch.java:24)
    	at org.gradle.internal.dispatch.ContextClassLoaderDispatch.dispatch(ContextClassLoaderDispatch.java:33)
    	at org.gradle.internal.dispatch.ProxyDispatchAdapter$DispatchingInvocationHandler.invoke(ProxyDispatchAdapter.java:94)
    	at jdk.proxy1/jdk.proxy1.$Proxy2.stop(Unknown Source)
    	at org.gradle.api.internal.tasks.testing.worker.TestWorker$3.run(TestWorker.java:193)
    	at org.gradle.api.internal.tasks.testing.worker.TestWorker.executeAndMaintainThreadName(TestWorker.java:129)
    	at org.gradle.api.internal.tasks.testing.worker.TestWorker.execute(TestWorker.java:100)
    	at org.gradle.api.internal.tasks.testing.worker.TestWorker.execute(TestWorker.java:60)
    	at org.gradle.process.internal.worker.child.ActionExecutionWorker.execute(ActionExecutionWorker.java:56)
    	at org.gradle.process.internal.worker.child.SystemApplicationClassLoaderWorker.call(SystemApplicationClassLoaderWorker.java:133)
    	at org.gradle.process.internal.worker.child.SystemApplicationClassLoaderWorker.call(SystemApplicationClassLoaderWorker.java:71)
    	at worker.org.gradle.process.internal.worker.GradleWorkerMain.run(GradleWorkerMain.java:69)
    	at worker.org.gradle.process.internal.worker.GradleWorkerMain.main(GradleWorkerMain.java:74)
GeneralControllerTest > testConfirmFromServer() STANDARD_ERROR
    java.io.EOFException
    	at java.base/java.io.ObjectInputStream$BlockDataInputStream.peekByte(ObjectInputStream.java:3214)
    	at java.base/java.io.ObjectInputStream.readObject0(ObjectInputStream.java:1684)
    	at java.base/java.io.ObjectInputStream.readObject(ObjectInputStream.java:509)
    	at java.base/java.io.ObjectInputStream.readObject(ObjectInputStream.java:467)
    	at edu.duke.ece651.team2.client.controller.GeneralController.confirmFromServer(GeneralController.java:198)
    	at edu.duke.ece651.team2.client.GeneralControllerTest.__CLR4_4_144md42j9(GeneralControllerTest.java:238)
    	at edu.duke.ece651.team2.client.GeneralControllerTest.testConfirmFromServer(GeneralControllerTest.java:221)
    	at java.base/jdk.internal.reflect.NativeMethodAccessorImpl.invoke0(Native Method)
    	at java.base/jdk.internal.reflect.NativeMethodAccessorImpl.invoke(NativeMethodAccessorImpl.java:77)
    	at java.base/jdk.internal.reflect.DelegatingMethodAccessorImpl.invoke(DelegatingMethodAccessorImpl.java:43)
    	at java.base/java.lang.reflect.Method.invoke(Method.java:568)
    	at org.junit.platform.commons.util.ReflectionUtils.invokeMethod(ReflectionUtils.java:688)
    	at org.junit.jupiter.engine.execution.MethodInvocation.proceed(MethodInvocation.java:60)
    	at org.junit.jupiter.engine.execution.InvocationInterceptorChain$ValidatingInvocation.proceed(InvocationInterceptorChain.java:131)
    	at org.junit.jupiter.engine.extension.TimeoutExtension.intercept(TimeoutExtension.java:149)
    	at org.junit.jupiter.engine.extension.TimeoutExtension.interceptTestableMethod(TimeoutExtension.java:140)
    	at org.junit.jupiter.engine.extension.TimeoutExtension.interceptTestMethod(TimeoutExtension.java:84)
    	at org.junit.jupiter.engine.execution.ExecutableInvoker$ReflectiveInterceptorCall.lambda$ofVoidMethod$0(ExecutableInvoker.java:115)
    	at org.junit.jupiter.engine.execution.ExecutableInvoker.lambda$invoke$0(ExecutableInvoker.java:105)
    	at org.junit.jupiter.engine.execution.InvocationInterceptorChain$InterceptedInvocation.proceed(InvocationInterceptorChain.java:106)
    	at org.junit.jupiter.engine.execution.InvocationInterceptorChain.proceed(InvocationInterceptorChain.java:64)
    	at org.junit.jupiter.engine.execution.InvocationInterceptorChain.chainAndInvoke(InvocationInterceptorChain.java:45)
    	at org.junit.jupiter.engine.execution.InvocationInterceptorChain.invoke(InvocationInterceptorChain.java:37)
    	at org.junit.jupiter.engine.execution.ExecutableInvoker.invoke(ExecutableInvoker.java:104)
    	at org.junit.jupiter.engine.execution.ExecutableInvoker.invoke(ExecutableInvoker.java:98)
    	at org.junit.jupiter.engine.descriptor.TestMethodTestDescriptor.lambda$invokeTestMethod$6(TestMethodTestDescriptor.java:210)
    	at org.junit.platform.engine.support.hierarchical.ThrowableCollector.execute(ThrowableCollector.java:73)
    	at org.junit.jupiter.engine.descriptor.TestMethodTestDescriptor.invokeTestMethod(TestMethodTestDescriptor.java:206)
    	at org.junit.jupiter.engine.descriptor.TestMethodTestDescriptor.execute(TestMethodTestDescriptor.java:131)
    	at org.junit.jupiter.engine.descriptor.TestMethodTestDescriptor.execute(TestMethodTestDescriptor.java:65)
    	at org.junit.platform.engine.support.hierarchical.NodeTestTask.lambda$executeRecursively$5(NodeTestTask.java:139)
    	at org.junit.platform.engine.support.hierarchical.ThrowableCollector.execute(ThrowableCollector.java:73)
    	at org.junit.platform.engine.support.hierarchical.NodeTestTask.lambda$executeRecursively$7(NodeTestTask.java:129)
    	at org.junit.platform.engine.support.hierarchical.Node.around(Node.java:137)
    	at org.junit.platform.engine.support.hierarchical.NodeTestTask.lambda$executeRecursively$8(NodeTestTask.java:127)
    	at org.junit.platform.engine.support.hierarchical.ThrowableCollector.execute(ThrowableCollector.java:73)
    	at org.junit.platform.engine.support.hierarchical.NodeTestTask.executeRecursively(NodeTestTask.java:126)
    	at org.junit.platform.engine.support.hierarchical.NodeTestTask.execute(NodeTestTask.java:84)
    	at java.base/java.util.ArrayList.forEach(ArrayList.java:1511)
    	at org.junit.platform.engine.support.hierarchical.SameThreadHierarchicalTestExecutorService.invokeAll(SameThreadHierarchicalTestExecutorService.java:38)
    	at org.junit.platform.engine.support.hierarchical.NodeTestTask.lambda$executeRecursively$5(NodeTestTask.java:143)
    	at org.junit.platform.engine.support.hierarchical.ThrowableCollector.execute(ThrowableCollector.java:73)
    	at org.junit.platform.engine.support.hierarchical.NodeTestTask.lambda$executeRecursively$7(NodeTestTask.java:129)
    	at org.junit.platform.engine.support.hierarchical.Node.around(Node.java:137)
    	at org.junit.platform.engine.support.hierarchical.NodeTestTask.lambda$executeRecursively$8(NodeTestTask.java:127)
    	at org.junit.platform.engine.support.hierarchical.ThrowableCollector.execute(ThrowableCollector.java:73)
    	at org.junit.platform.engine.support.hierarchical.NodeTestTask.executeRecursively(NodeTestTask.java:126)
    	at org.junit.platform.engine.support.hierarchical.NodeTestTask.execute(NodeTestTask.java:84)
    	at java.base/java.util.ArrayList.forEach(ArrayList.java:1511)
    	at org.junit.platform.engine.support.hierarchical.SameThreadHierarchicalTestExecutorService.invokeAll(SameThreadHierarchicalTestExecutorService.java:38)
    	at org.junit.platform.engine.support.hierarchical.NodeTestTask.lambda$executeRecursively$5(NodeTestTask.java:143)
    	at org.junit.platform.engine.support.hierarchical.ThrowableCollector.execute(ThrowableCollector.java:73)
    	at org.junit.platform.engine.support.hierarchical.NodeTestTask.lambda$executeRecursively$7(NodeTestTask.java:129)
    	at org.junit.platform.engine.support.hierarchical.Node.around(Node.java:137)
    	at org.junit.platform.engine.support.hierarchical.NodeTestTask.lambda$executeRecursively$8(NodeTestTask.java:127)
    	at org.junit.platform.engine.support.hierarchical.ThrowableCollector.execute(ThrowableCollector.java:73)
    	at org.junit.platform.engine.support.hierarchical.NodeTestTask.executeRecursively(NodeTestTask.java:126)
    	at org.junit.platform.engine.support.hierarchical.NodeTestTask.execute(NodeTestTask.java:84)
    	at org.junit.platform.engine.support.hierarchical.SameThreadHierarchicalTestExecutorService.submit(SameThreadHierarchicalTestExecutorService.java:32)
    	at org.junit.platform.engine.support.hierarchical.HierarchicalTestExecutor.execute(HierarchicalTestExecutor.java:57)
    	at org.junit.platform.engine.support.hierarchical.HierarchicalTestEngine.execute(HierarchicalTestEngine.java:51)
    	at org.junit.platform.launcher.core.EngineExecutionOrchestrator.execute(EngineExecutionOrchestrator.java:108)
    	at org.junit.platform.launcher.core.EngineExecutionOrchestrator.execute(EngineExecutionOrchestrator.java:88)
    	at org.junit.platform.launcher.core.EngineExecutionOrchestrator.lambda$execute$0(EngineExecutionOrchestrator.java:54)
    	at org.junit.platform.launcher.core.EngineExecutionOrchestrator.withInterceptedStreams(EngineExecutionOrchestrator.java:67)
    	at org.junit.platform.launcher.core.EngineExecutionOrchestrator.execute(EngineExecutionOrchestrator.java:52)
    	at org.junit.platform.launcher.core.DefaultLauncher.execute(DefaultLauncher.java:96)
    	at org.junit.platform.launcher.core.DefaultLauncher.execute(DefaultLauncher.java:75)
    	at org.gradle.api.internal.tasks.testing.junitplatform.JUnitPlatformTestClassProcessor$CollectAllTestClassesExecutor.processAllTestClasses(JUnitPlatformTestClassProcessor.java:99)
    	at org.gradle.api.internal.tasks.testing.junitplatform.JUnitPlatformTestClassProcessor$CollectAllTestClassesExecutor.access$000(JUnitPlatformTestClassProcessor.java:79)
    	at org.gradle.api.internal.tasks.testing.junitplatform.JUnitPlatformTestClassProcessor.stop(JUnitPlatformTestClassProcessor.java:75)
    	at org.gradle.api.internal.tasks.testing.SuiteTestClassProcessor.stop(SuiteTestClassProcessor.java:61)
    	at java.base/jdk.internal.reflect.NativeMethodAccessorImpl.invoke0(Native Method)
    	at java.base/jdk.internal.reflect.NativeMethodAccessorImpl.invoke(NativeMethodAccessorImpl.java:77)
    	at java.base/jdk.internal.reflect.DelegatingMethodAccessorImpl.invoke(DelegatingMethodAccessorImpl.java:43)
    	at java.base/java.lang.reflect.Method.invoke(Method.java:568)
    	at org.gradle.internal.dispatch.ReflectionDispatch.dispatch(ReflectionDispatch.java:36)
    	at org.gradle.internal.dispatch.ReflectionDispatch.dispatch(ReflectionDispatch.java:24)
    	at org.gradle.internal.dispatch.ContextClassLoaderDispatch.dispatch(ContextClassLoaderDispatch.java:33)
    	at org.gradle.internal.dispatch.ProxyDispatchAdapter$DispatchingInvocationHandler.invoke(ProxyDispatchAdapter.java:94)
    	at jdk.proxy1/jdk.proxy1.$Proxy2.stop(Unknown Source)
    	at org.gradle.api.internal.tasks.testing.worker.TestWorker$3.run(TestWorker.java:193)
    	at org.gradle.api.internal.tasks.testing.worker.TestWorker.executeAndMaintainThreadName(TestWorker.java:129)
    	at org.gradle.api.internal.tasks.testing.worker.TestWorker.execute(TestWorker.java:100)
    	at org.gradle.api.internal.tasks.testing.worker.TestWorker.execute(TestWorker.java:60)
    	at org.gradle.process.internal.worker.child.ActionExecutionWorker.execute(ActionExecutionWorker.java:56)
    	at org.gradle.process.internal.worker.child.SystemApplicationClassLoaderWorker.call(SystemApplicationClassLoaderWorker.java:133)
    	at org.gradle.process.internal.worker.child.SystemApplicationClassLoaderWorker.call(SystemApplicationClassLoaderWorker.java:71)
    	at worker.org.gradle.process.internal.worker.GradleWorkerMain.run(GradleWorkerMain.java:69)
    	at worker.org.gradle.process.internal.worker.GradleWorkerMain.main(GradleWorkerMain.java:74)
GeneralControllerTest > testLogin() STANDARD_OUT
    someSerializedData
    Login failed. Please try again.
GeneralControllerTest > testReceiveAllTakenSectionAndSendChoice() STANDARD_OUT
    Below are the courses you are teaching this semester, please select a course to record your attendance.
GeneralControllerTest > testReceiveAllTakenSectionAndSendChoice() STANDARD_ERROR
    com.fasterxml.jackson.core.JsonParseException: Unrecognized token 'ReceiveAllTakenSectionAndSendChoice': was expecting ('true', 'false' or 'null')
     at [Source: ReceiveAllTakenSectionAndSendChoice; line: 1, column: 71]
    	at com.fasterxml.jackson.core.JsonParser._constructError(JsonParser.java:1702)
    	at com.fasterxml.jackson.core.base.ParserMinimalBase._reportError(ParserMinimalBase.java:558)
    	at com.fasterxml.jackson.core.json.ReaderBasedJsonParser._reportInvalidToken(ReaderBasedJsonParser.java:2839)
    	at com.fasterxml.jackson.core.json.ReaderBasedJsonParser._handleOddValue(ReaderBasedJsonParser.java:1903)
    	at com.fasterxml.jackson.core.json.ReaderBasedJsonParser.nextToken(ReaderBasedJsonParser.java:749)
    	at com.fasterxml.jackson.databind.ObjectMapper._initForReading(ObjectMapper.java:3850)
    	at com.fasterxml.jackson.databind.ObjectMapper._readMapAndClose(ObjectMapper.java:3799)
    	at com.fasterxml.jackson.databind.ObjectMapper.readValue(ObjectMapper.java:2877)
    	at edu.duke.ece651.team2.client.controller.GeneralController.getResponseList(GeneralController.java:159)
    	at edu.duke.ece651.team2.client.controller.GeneralController.receiveAllTakenSectionAndSendChoice(GeneralController.java:281)
    	at edu.duke.ece651.team2.client.GeneralControllerTest.__CLR4_4_1nz08plc(GeneralControllerTest.java:351)
    	at edu.duke.ece651.team2.client.GeneralControllerTest.testReceiveAllTakenSectionAndSendChoice(GeneralControllerTest.java:337)
    	at java.base/jdk.internal.reflect.NativeMethodAccessorImpl.invoke0(Native Method)
    	at java.base/jdk.internal.reflect.NativeMethodAccessorImpl.invoke(NativeMethodAccessorImpl.java:77)
    	at java.base/jdk.internal.reflect.DelegatingMethodAccessorImpl.invoke(DelegatingMethodAccessorImpl.java:43)
    	at java.base/java.lang.reflect.Method.invoke(Method.java:568)
    	at org.junit.platform.commons.util.ReflectionUtils.invokeMethod(ReflectionUtils.java:688)
    	at org.junit.jupiter.engine.execution.MethodInvocation.proceed(MethodInvocation.java:60)
    	at org.junit.jupiter.engine.execution.InvocationInterceptorChain$ValidatingInvocation.proceed(InvocationInterceptorChain.java:131)
    	at org.junit.jupiter.engine.extension.TimeoutExtension.intercept(TimeoutExtension.java:149)
    	at org.junit.jupiter.engine.extension.TimeoutExtension.interceptTestableMethod(TimeoutExtension.java:140)
    	at org.junit.jupiter.engine.extension.TimeoutExtension.interceptTestMethod(TimeoutExtension.java:84)
    	at org.junit.jupiter.engine.execution.ExecutableInvoker$ReflectiveInterceptorCall.lambda$ofVoidMethod$0(ExecutableInvoker.java:115)
    	at org.junit.jupiter.engine.execution.ExecutableInvoker.lambda$invoke$0(ExecutableInvoker.java:105)
    	at org.junit.jupiter.engine.execution.InvocationInterceptorChain$InterceptedInvocation.proceed(InvocationInterceptorChain.java:106)
    	at org.junit.jupiter.engine.execution.InvocationInterceptorChain.proceed(InvocationInterceptorChain.java:64)
    	at org.junit.jupiter.engine.execution.InvocationInterceptorChain.chainAndInvoke(InvocationInterceptorChain.java:45)
    	at org.junit.jupiter.engine.execution.InvocationInterceptorChain.invoke(InvocationInterceptorChain.java:37)
    	at org.junit.jupiter.engine.execution.ExecutableInvoker.invoke(ExecutableInvoker.java:104)
    	at org.junit.jupiter.engine.execution.ExecutableInvoker.invoke(ExecutableInvoker.java:98)
    	at org.junit.jupiter.engine.descriptor.TestMethodTestDescriptor.lambda$invokeTestMethod$6(TestMethodTestDescriptor.java:210)
    	at org.junit.platform.engine.support.hierarchical.ThrowableCollector.execute(ThrowableCollector.java:73)
    	at org.junit.jupiter.engine.descriptor.TestMethodTestDescriptor.invokeTestMethod(TestMethodTestDescriptor.java:206)
    	at org.junit.jupiter.engine.descriptor.TestMethodTestDescriptor.execute(TestMethodTestDescriptor.java:131)
    	at org.junit.jupiter.engine.descriptor.TestMethodTestDescriptor.execute(TestMethodTestDescriptor.java:65)
    	at org.junit.platform.engine.support.hierarchical.NodeTestTask.lambda$executeRecursively$5(NodeTestTask.java:139)
    	at org.junit.platform.engine.support.hierarchical.ThrowableCollector.execute(ThrowableCollector.java:73)
    	at org.junit.platform.engine.support.hierarchical.NodeTestTask.lambda$executeRecursively$7(NodeTestTask.java:129)
    	at org.junit.platform.engine.support.hierarchical.Node.around(Node.java:137)
    	at org.junit.platform.engine.support.hierarchical.NodeTestTask.lambda$executeRecursively$8(NodeTestTask.java:127)
    	at org.junit.platform.engine.support.hierarchical.ThrowableCollector.execute(ThrowableCollector.java:73)
    	at org.junit.platform.engine.support.hierarchical.NodeTestTask.executeRecursively(NodeTestTask.java:126)
    	at org.junit.platform.engine.support.hierarchical.NodeTestTask.execute(NodeTestTask.java:84)
    	at java.base/java.util.ArrayList.forEach(ArrayList.java:1511)
    	at org.junit.platform.engine.support.hierarchical.SameThreadHierarchicalTestExecutorService.invokeAll(SameThreadHierarchicalTestExecutorService.java:38)
    	at org.junit.platform.engine.support.hierarchical.NodeTestTask.lambda$executeRecursively$5(NodeTestTask.java:143)
    	at org.junit.platform.engine.support.hierarchical.ThrowableCollector.execute(ThrowableCollector.java:73)
    	at org.junit.platform.engine.support.hierarchical.NodeTestTask.lambda$executeRecursively$7(NodeTestTask.java:129)
    	at org.junit.platform.engine.support.hierarchical.Node.around(Node.java:137)
    	at org.junit.platform.engine.support.hierarchical.NodeTestTask.lambda$executeRecursively$8(NodeTestTask.java:127)
    	at org.junit.platform.engine.support.hierarchical.ThrowableCollector.execute(ThrowableCollector.java:73)
    	at org.junit.platform.engine.support.hierarchical.NodeTestTask.executeRecursively(NodeTestTask.java:126)
    	at org.junit.platform.engine.support.hierarchical.NodeTestTask.execute(NodeTestTask.java:84)
    	at java.base/java.util.ArrayList.forEach(ArrayList.java:1511)
    	at org.junit.platform.engine.support.hierarchical.SameThreadHierarchicalTestExecutorService.invokeAll(SameThreadHierarchicalTestExecutorService.java:38)
    	at org.junit.platform.engine.support.hierarchical.NodeTestTask.lambda$executeRecursively$5(NodeTestTask.java:143)
    	at org.junit.platform.engine.support.hierarchical.ThrowableCollector.execute(ThrowableCollector.java:73)
    	at org.junit.platform.engine.support.hierarchical.NodeTestTask.lambda$executeRecursively$7(NodeTestTask.java:129)
    	at org.junit.platform.engine.support.hierarchical.Node.around(Node.java:137)
    	at org.junit.platform.engine.support.hierarchical.NodeTestTask.lambda$executeRecursively$8(NodeTestTask.java:127)
    	at org.junit.platform.engine.support.hierarchical.ThrowableCollector.execute(ThrowableCollector.java:73)
    	at org.junit.platform.engine.support.hierarchical.NodeTestTask.executeRecursively(NodeTestTask.java:126)
    	at org.junit.platform.engine.support.hierarchical.NodeTestTask.execute(NodeTestTask.java:84)
    	at org.junit.platform.engine.support.hierarchical.SameThreadHierarchicalTestExecutorService.submit(SameThreadHierarchicalTestExecutorService.java:32)
    	at org.junit.platform.engine.support.hierarchical.HierarchicalTestExecutor.execute(HierarchicalTestExecutor.java:57)
    	at org.junit.platform.engine.support.hierarchical.HierarchicalTestEngine.execute(HierarchicalTestEngine.java:51)
    	at org.junit.platform.launcher.core.EngineExecutionOrchestrator.execute(EngineExecutionOrchestrator.java:108)
    	at org.junit.platform.launcher.core.EngineExecutionOrchestrator.execute(EngineExecutionOrchestrator.java:88)
    	at org.junit.platform.launcher.core.EngineExecutionOrchestrator.lambda$execute$0(EngineExecutionOrchestrator.java:54)
    	at org.junit.platform.launcher.core.EngineExecutionOrchestrator.withInterceptedStreams(EngineExecutionOrchestrator.java:67)
    	at org.junit.platform.launcher.core.EngineExecutionOrchestrator.execute(EngineExecutionOrchestrator.java:52)
    	at org.junit.platform.launcher.core.DefaultLauncher.execute(DefaultLauncher.java:96)
    	at org.junit.platform.launcher.core.DefaultLauncher.execute(DefaultLauncher.java:75)
    	at org.gradle.api.internal.tasks.testing.junitplatform.JUnitPlatformTestClassProcessor$CollectAllTestClassesExecutor.processAllTestClasses(JUnitPlatformTestClassProcessor.java:99)
    	at org.gradle.api.internal.tasks.testing.junitplatform.JUnitPlatformTestClassProcessor$CollectAllTestClassesExecutor.access$000(JUnitPlatformTestClassProcessor.java:79)
    	at org.gradle.api.internal.tasks.testing.junitplatform.JUnitPlatformTestClassProcessor.stop(JUnitPlatformTestClassProcessor.java:75)
    	at org.gradle.api.internal.tasks.testing.SuiteTestClassProcessor.stop(SuiteTestClassProcessor.java:61)
    	at java.base/jdk.internal.reflect.NativeMethodAccessorImpl.invoke0(Native Method)
    	at java.base/jdk.internal.reflect.NativeMethodAccessorImpl.invoke(NativeMethodAccessorImpl.java:77)
    	at java.base/jdk.internal.reflect.DelegatingMethodAccessorImpl.invoke(DelegatingMethodAccessorImpl.java:43)
    	at java.base/java.lang.reflect.Method.invoke(Method.java:568)
    	at org.gradle.internal.dispatch.ReflectionDispatch.dispatch(ReflectionDispatch.java:36)
    	at org.gradle.internal.dispatch.ReflectionDispatch.dispatch(ReflectionDispatch.java:24)
    	at org.gradle.internal.dispatch.ContextClassLoaderDispatch.dispatch(ContextClassLoaderDispatch.java:33)
    	at org.gradle.internal.dispatch.ProxyDispatchAdapter$DispatchingInvocationHandler.invoke(ProxyDispatchAdapter.java:94)
    	at jdk.proxy1/jdk.proxy1.$Proxy2.stop(Unknown Source)
    	at org.gradle.api.internal.tasks.testing.worker.TestWorker$3.run(TestWorker.java:193)
    	at org.gradle.api.internal.tasks.testing.worker.TestWorker.executeAndMaintainThreadName(TestWorker.java:129)
    	at org.gradle.api.internal.tasks.testing.worker.TestWorker.execute(TestWorker.java:100)
    	at org.gradle.api.internal.tasks.testing.worker.TestWorker.execute(TestWorker.java:60)
    	at org.gradle.process.internal.worker.child.ActionExecutionWorker.execute(ActionExecutionWorker.java:56)
    	at org.gradle.process.internal.worker.child.SystemApplicationClassLoaderWorker.call(SystemApplicationClassLoaderWorker.java:133)
    	at org.gradle.process.internal.worker.child.SystemApplicationClassLoaderWorker.call(SystemApplicationClassLoaderWorker.java:71)
    	at worker.org.gradle.process.internal.worker.GradleWorkerMain.run(GradleWorkerMain.java:69)
    	at worker.org.gradle.process.internal.worker.GradleWorkerMain.main(GradleWorkerMain.java:74)
    java.lang.NullPointerException: Cannot invoke "java.util.List.size()" because "responseList" is null
    	at edu.duke.ece651.team2.client.controller.GeneralController.receiveAllTakenSectionAndSendChoice(GeneralController.java:282)
    	at edu.duke.ece651.team2.client.GeneralControllerTest.__CLR4_4_1nz08plc(GeneralControllerTest.java:351)
    	at edu.duke.ece651.team2.client.GeneralControllerTest.testReceiveAllTakenSectionAndSendChoice(GeneralControllerTest.java:337)
    	at java.base/jdk.internal.reflect.NativeMethodAccessorImpl.invoke0(Native Method)
    	at java.base/jdk.internal.reflect.NativeMethodAccessorImpl.invoke(NativeMethodAccessorImpl.java:77)
    	at java.base/jdk.internal.reflect.DelegatingMethodAccessorImpl.invoke(DelegatingMethodAccessorImpl.java:43)
    	at java.base/java.lang.reflect.Method.invoke(Method.java:568)
    	at org.junit.platform.commons.util.ReflectionUtils.invokeMethod(ReflectionUtils.java:688)
    	at org.junit.jupiter.engine.execution.MethodInvocation.proceed(MethodInvocation.java:60)
    	at org.junit.jupiter.engine.execution.InvocationInterceptorChain$ValidatingInvocation.proceed(InvocationInterceptorChain.java:131)
    	at org.junit.jupiter.engine.extension.TimeoutExtension.intercept(TimeoutExtension.java:149)
    	at org.junit.jupiter.engine.extension.TimeoutExtension.interceptTestableMethod(TimeoutExtension.java:140)
    	at org.junit.jupiter.engine.extension.TimeoutExtension.interceptTestMethod(TimeoutExtension.java:84)
    	at org.junit.jupiter.engine.execution.ExecutableInvoker$ReflectiveInterceptorCall.lambda$ofVoidMethod$0(ExecutableInvoker.java:115)
    	at org.junit.jupiter.engine.execution.ExecutableInvoker.lambda$invoke$0(ExecutableInvoker.java:105)
    	at org.junit.jupiter.engine.execution.InvocationInterceptorChain$InterceptedInvocation.proceed(InvocationInterceptorChain.java:106)
    	at org.junit.jupiter.engine.execution.InvocationInterceptorChain.proceed(InvocationInterceptorChain.java:64)
    	at org.junit.jupiter.engine.execution.InvocationInterceptorChain.chainAndInvoke(InvocationInterceptorChain.java:45)
    	at org.junit.jupiter.engine.execution.InvocationInterceptorChain.invoke(InvocationInterceptorChain.java:37)
    	at org.junit.jupiter.engine.execution.ExecutableInvoker.invoke(ExecutableInvoker.java:104)
    	at org.junit.jupiter.engine.execution.ExecutableInvoker.invoke(ExecutableInvoker.java:98)
    	at org.junit.jupiter.engine.descriptor.TestMethodTestDescriptor.lambda$invokeTestMethod$6(TestMethodTestDescriptor.java:210)
    	at org.junit.platform.engine.support.hierarchical.ThrowableCollector.execute(ThrowableCollector.java:73)
    	at org.junit.jupiter.engine.descriptor.TestMethodTestDescriptor.invokeTestMethod(TestMethodTestDescriptor.java:206)
    	at org.junit.jupiter.engine.descriptor.TestMethodTestDescriptor.execute(TestMethodTestDescriptor.java:131)
    	at org.junit.jupiter.engine.descriptor.TestMethodTestDescriptor.execute(TestMethodTestDescriptor.java:65)
    	at org.junit.platform.engine.support.hierarchical.NodeTestTask.lambda$executeRecursively$5(NodeTestTask.java:139)
    	at org.junit.platform.engine.support.hierarchical.ThrowableCollector.execute(ThrowableCollector.java:73)
    	at org.junit.platform.engine.support.hierarchical.NodeTestTask.lambda$executeRecursively$7(NodeTestTask.java:129)
    	at org.junit.platform.engine.support.hierarchical.Node.around(Node.java:137)
    	at org.junit.platform.engine.support.hierarchical.NodeTestTask.lambda$executeRecursively$8(NodeTestTask.java:127)
    	at org.junit.platform.engine.support.hierarchical.ThrowableCollector.execute(ThrowableCollector.java:73)
    	at org.junit.platform.engine.support.hierarchical.NodeTestTask.executeRecursively(NodeTestTask.java:126)
    	at org.junit.platform.engine.support.hierarchical.NodeTestTask.execute(NodeTestTask.java:84)
    	at java.base/java.util.ArrayList.forEach(ArrayList.java:1511)
    	at org.junit.platform.engine.support.hierarchical.SameThreadHierarchicalTestExecutorService.invokeAll(SameThreadHierarchicalTestExecutorService.java:38)
    	at org.junit.platform.engine.support.hierarchical.NodeTestTask.lambda$executeRecursively$5(NodeTestTask.java:143)
    	at org.junit.platform.engine.support.hierarchical.ThrowableCollector.execute(ThrowableCollector.java:73)
    	at org.junit.platform.engine.support.hierarchical.NodeTestTask.lambda$executeRecursively$7(NodeTestTask.java:129)
    	at org.junit.platform.engine.support.hierarchical.Node.around(Node.java:137)
    	at org.junit.platform.engine.support.hierarchical.NodeTestTask.lambda$executeRecursively$8(NodeTestTask.java:127)
    	at org.junit.platform.engine.support.hierarchical.ThrowableCollector.execute(ThrowableCollector.java:73)
    	at org.junit.platform.engine.support.hierarchical.NodeTestTask.executeRecursively(NodeTestTask.java:126)
    	at org.junit.platform.engine.support.hierarchical.NodeTestTask.execute(NodeTestTask.java:84)
    	at java.base/java.util.ArrayList.forEach(ArrayList.java:1511)
    	at org.junit.platform.engine.support.hierarchical.SameThreadHierarchicalTestExecutorService.invokeAll(SameThreadHierarchicalTestExecutorService.java:38)
    	at org.junit.platform.engine.support.hierarchical.NodeTestTask.lambda$executeRecursively$5(NodeTestTask.java:143)
    	at org.junit.platform.engine.support.hierarchical.ThrowableCollector.execute(ThrowableCollector.java:73)
    	at org.junit.platform.engine.support.hierarchical.NodeTestTask.lambda$executeRecursively$7(NodeTestTask.java:129)
    	at org.junit.platform.engine.support.hierarchical.Node.around(Node.java:137)
    	at org.junit.platform.engine.support.hierarchical.NodeTestTask.lambda$executeRecursively$8(NodeTestTask.java:127)
    	at org.junit.platform.engine.support.hierarchical.ThrowableCollector.execute(ThrowableCollector.java:73)
    	at org.junit.platform.engine.support.hierarchical.NodeTestTask.executeRecursively(NodeTestTask.java:126)
    	at org.junit.platform.engine.support.hierarchical.NodeTestTask.execute(NodeTestTask.java:84)
    	at org.junit.platform.engine.support.hierarchical.SameThreadHierarchicalTestExecutorService.submit(SameThreadHierarchicalTestExecutorService.java:32)
    	at org.junit.platform.engine.support.hierarchical.HierarchicalTestExecutor.execute(HierarchicalTestExecutor.java:57)
    	at org.junit.platform.engine.support.hierarchical.HierarchicalTestEngine.execute(HierarchicalTestEngine.java:51)
    	at org.junit.platform.launcher.core.EngineExecutionOrchestrator.execute(EngineExecutionOrchestrator.java:108)
    	at org.junit.platform.launcher.core.EngineExecutionOrchestrator.execute(EngineExecutionOrchestrator.java:88)
    	at org.junit.platform.launcher.core.EngineExecutionOrchestrator.lambda$execute$0(EngineExecutionOrchestrator.java:54)
    	at org.junit.platform.launcher.core.EngineExecutionOrchestrator.withInterceptedStreams(EngineExecutionOrchestrator.java:67)
    	at org.junit.platform.launcher.core.EngineExecutionOrchestrator.execute(EngineExecutionOrchestrator.java:52)
    	at org.junit.platform.launcher.core.DefaultLauncher.execute(DefaultLauncher.java:96)
    	at org.junit.platform.launcher.core.DefaultLauncher.execute(DefaultLauncher.java:75)
    	at org.gradle.api.internal.tasks.testing.junitplatform.JUnitPlatformTestClassProcessor$CollectAllTestClassesExecutor.processAllTestClasses(JUnitPlatformTestClassProcessor.java:99)
    	at org.gradle.api.internal.tasks.testing.junitplatform.JUnitPlatformTestClassProcessor$CollectAllTestClassesExecutor.access$000(JUnitPlatformTestClassProcessor.java:79)
    	at org.gradle.api.internal.tasks.testing.junitplatform.JUnitPlatformTestClassProcessor.stop(JUnitPlatformTestClassProcessor.java:75)
    	at org.gradle.api.internal.tasks.testing.SuiteTestClassProcessor.stop(SuiteTestClassProcessor.java:61)
    	at java.base/jdk.internal.reflect.NativeMethodAccessorImpl.invoke0(Native Method)
    	at java.base/jdk.internal.reflect.NativeMethodAccessorImpl.invoke(NativeMethodAccessorImpl.java:77)
    	at java.base/jdk.internal.reflect.DelegatingMethodAccessorImpl.invoke(DelegatingMethodAccessorImpl.java:43)
    	at java.base/java.lang.reflect.Method.invoke(Method.java:568)
    	at org.gradle.internal.dispatch.ReflectionDispatch.dispatch(ReflectionDispatch.java:36)
    	at org.gradle.internal.dispatch.ReflectionDispatch.dispatch(ReflectionDispatch.java:24)
    	at org.gradle.internal.dispatch.ContextClassLoaderDispatch.dispatch(ContextClassLoaderDispatch.java:33)
    	at org.gradle.internal.dispatch.ProxyDispatchAdapter$DispatchingInvocationHandler.invoke(ProxyDispatchAdapter.java:94)
    	at jdk.proxy1/jdk.proxy1.$Proxy2.stop(Unknown Source)
    	at org.gradle.api.internal.tasks.testing.worker.TestWorker$3.run(TestWorker.java:193)
    	at org.gradle.api.internal.tasks.testing.worker.TestWorker.executeAndMaintainThreadName(TestWorker.java:129)
    	at org.gradle.api.internal.tasks.testing.worker.TestWorker.execute(TestWorker.java:100)
    	at org.gradle.api.internal.tasks.testing.worker.TestWorker.execute(TestWorker.java:60)
    	at org.gradle.process.internal.worker.child.ActionExecutionWorker.execute(ActionExecutionWorker.java:56)
    	at org.gradle.process.internal.worker.child.SystemApplicationClassLoaderWorker.call(SystemApplicationClassLoaderWorker.java:133)
    	at org.gradle.process.internal.worker.child.SystemApplicationClassLoaderWorker.call(SystemApplicationClassLoaderWorker.java:71)
    	at worker.org.gradle.process.internal.worker.GradleWorkerMain.run(GradleWorkerMain.java:69)
    	at worker.org.gradle.process.internal.worker.GradleWorkerMain.main(GradleWorkerMain.java:74)
GeneralControllerTest > testDisconnectFromServer() STANDARD_OUT
    Disconnected from the server.
GeneralControllerTest > testReceiveAllEnrolledSectionAndSetChoice() STANDARD_OUT
    waiting for Sections...
    Below are all the courses you are enrolled in this semester, please select one to set your email preferences.
GeneralControllerTest > testReceiveAllEnrolledSectionAndSetChoice() STANDARD_ERROR
    com.fasterxml.jackson.core.JsonParseException: Unrecognized token 'ReceiveAllEnrolledSectionAndSetChoice': was expecting ('true', 'false' or 'null')
     at [Source: ReceiveAllEnrolledSectionAndSetChoice; line: 1, column: 75]
    	at com.fasterxml.jackson.core.JsonParser._constructError(JsonParser.java:1702)
    	at com.fasterxml.jackson.core.base.ParserMinimalBase._reportError(ParserMinimalBase.java:558)
    	at com.fasterxml.jackson.core.json.ReaderBasedJsonParser._reportInvalidToken(ReaderBasedJsonParser.java:2839)
    	at com.fasterxml.jackson.core.json.ReaderBasedJsonParser._handleOddValue(ReaderBasedJsonParser.java:1903)
    	at com.fasterxml.jackson.core.json.ReaderBasedJsonParser.nextToken(ReaderBasedJsonParser.java:749)
    	at com.fasterxml.jackson.databind.ObjectMapper._initForReading(ObjectMapper.java:3850)
    	at com.fasterxml.jackson.databind.ObjectMapper._readMapAndClose(ObjectMapper.java:3799)
    	at com.fasterxml.jackson.databind.ObjectMapper.readValue(ObjectMapper.java:2877)
    	at edu.duke.ece651.team2.client.controller.GeneralController.getResponseList(GeneralController.java:159)
    	at edu.duke.ece651.team2.client.controller.GeneralController.receiveAllEnrolledSectionAndSetChoice(GeneralController.java:172)
    	at edu.duke.ece651.team2.client.GeneralControllerTest.__CLR4_4_1vd2nnhix(GeneralControllerTest.java:215)
    	at edu.duke.ece651.team2.client.GeneralControllerTest.testReceiveAllEnrolledSectionAndSetChoice(GeneralControllerTest.java:201)
    	at java.base/jdk.internal.reflect.NativeMethodAccessorImpl.invoke0(Native Method)
    	at java.base/jdk.internal.reflect.NativeMethodAccessorImpl.invoke(NativeMethodAccessorImpl.java:77)
    	at java.base/jdk.internal.reflect.DelegatingMethodAccessorImpl.invoke(DelegatingMethodAccessorImpl.java:43)
    	at java.base/java.lang.reflect.Method.invoke(Method.java:568)
    	at org.junit.platform.commons.util.ReflectionUtils.invokeMethod(ReflectionUtils.java:688)
    	at org.junit.jupiter.engine.execution.MethodInvocation.proceed(MethodInvocation.java:60)
    	at org.junit.jupiter.engine.execution.InvocationInterceptorChain$ValidatingInvocation.proceed(InvocationInterceptorChain.java:131)
    	at org.junit.jupiter.engine.extension.TimeoutExtension.intercept(TimeoutExtension.java:149)
    	at org.junit.jupiter.engine.extension.TimeoutExtension.interceptTestableMethod(TimeoutExtension.java:140)
    	at org.junit.jupiter.engine.extension.TimeoutExtension.interceptTestMethod(TimeoutExtension.java:84)
    	at org.junit.jupiter.engine.execution.ExecutableInvoker$ReflectiveInterceptorCall.lambda$ofVoidMethod$0(ExecutableInvoker.java:115)
    	at org.junit.jupiter.engine.execution.ExecutableInvoker.lambda$invoke$0(ExecutableInvoker.java:105)
    	at org.junit.jupiter.engine.execution.InvocationInterceptorChain$InterceptedInvocation.proceed(InvocationInterceptorChain.java:106)
    	at org.junit.jupiter.engine.execution.InvocationInterceptorChain.proceed(InvocationInterceptorChain.java:64)
    	at org.junit.jupiter.engine.execution.InvocationInterceptorChain.chainAndInvoke(InvocationInterceptorChain.java:45)
    	at org.junit.jupiter.engine.execution.InvocationInterceptorChain.invoke(InvocationInterceptorChain.java:37)
    	at org.junit.jupiter.engine.execution.ExecutableInvoker.invoke(ExecutableInvoker.java:104)
    	at org.junit.jupiter.engine.execution.ExecutableInvoker.invoke(ExecutableInvoker.java:98)
    	at org.junit.jupiter.engine.descriptor.TestMethodTestDescriptor.lambda$invokeTestMethod$6(TestMethodTestDescriptor.java:210)
    	at org.junit.platform.engine.support.hierarchical.ThrowableCollector.execute(ThrowableCollector.java:73)
    	at org.junit.jupiter.engine.descriptor.TestMethodTestDescriptor.invokeTestMethod(TestMethodTestDescriptor.java:206)
    	at org.junit.jupiter.engine.descriptor.TestMethodTestDescriptor.execute(TestMethodTestDescriptor.java:131)
    	at org.junit.jupiter.engine.descriptor.TestMethodTestDescriptor.execute(TestMethodTestDescriptor.java:65)
    	at org.junit.platform.engine.support.hierarchical.NodeTestTask.lambda$executeRecursively$5(NodeTestTask.java:139)
    	at org.junit.platform.engine.support.hierarchical.ThrowableCollector.execute(ThrowableCollector.java:73)
    	at org.junit.platform.engine.support.hierarchical.NodeTestTask.lambda$executeRecursively$7(NodeTestTask.java:129)
    	at org.junit.platform.engine.support.hierarchical.Node.around(Node.java:137)
    	at org.junit.platform.engine.support.hierarchical.NodeTestTask.lambda$executeRecursively$8(NodeTestTask.java:127)
    	at org.junit.platform.engine.support.hierarchical.ThrowableCollector.execute(ThrowableCollector.java:73)
    	at org.junit.platform.engine.support.hierarchical.NodeTestTask.executeRecursively(NodeTestTask.java:126)
    	at org.junit.platform.engine.support.hierarchical.NodeTestTask.execute(NodeTestTask.java:84)
    	at java.base/java.util.ArrayList.forEach(ArrayList.java:1511)
    	at org.junit.platform.engine.support.hierarchical.SameThreadHierarchicalTestExecutorService.invokeAll(SameThreadHierarchicalTestExecutorService.java:38)
    	at org.junit.platform.engine.support.hierarchical.NodeTestTask.lambda$executeRecursively$5(NodeTestTask.java:143)
    	at org.junit.platform.engine.support.hierarchical.ThrowableCollector.execute(ThrowableCollector.java:73)
    	at org.junit.platform.engine.support.hierarchical.NodeTestTask.lambda$executeRecursively$7(NodeTestTask.java:129)
    	at org.junit.platform.engine.support.hierarchical.Node.around(Node.java:137)
    	at org.junit.platform.engine.support.hierarchical.NodeTestTask.lambda$executeRecursively$8(NodeTestTask.java:127)
    	at org.junit.platform.engine.support.hierarchical.ThrowableCollector.execute(ThrowableCollector.java:73)
    	at org.junit.platform.engine.support.hierarchical.NodeTestTask.executeRecursively(NodeTestTask.java:126)
    	at org.junit.platform.engine.support.hierarchical.NodeTestTask.execute(NodeTestTask.java:84)
    	at java.base/java.util.ArrayList.forEach(ArrayList.java:1511)
    	at org.junit.platform.engine.support.hierarchical.SameThreadHierarchicalTestExecutorService.invokeAll(SameThreadHierarchicalTestExecutorService.java:38)
    	at org.junit.platform.engine.support.hierarchical.NodeTestTask.lambda$executeRecursively$5(NodeTestTask.java:143)
    	at org.junit.platform.engine.support.hierarchical.ThrowableCollector.execute(ThrowableCollector.java:73)
    	at org.junit.platform.engine.support.hierarchical.NodeTestTask.lambda$executeRecursively$7(NodeTestTask.java:129)
    	at org.junit.platform.engine.support.hierarchical.Node.around(Node.java:137)
    	at org.junit.platform.engine.support.hierarchical.NodeTestTask.lambda$executeRecursively$8(NodeTestTask.java:127)
    	at org.junit.platform.engine.support.hierarchical.ThrowableCollector.execute(ThrowableCollector.java:73)
    	at org.junit.platform.engine.support.hierarchical.NodeTestTask.executeRecursively(NodeTestTask.java:126)
    	at org.junit.platform.engine.support.hierarchical.NodeTestTask.execute(NodeTestTask.java:84)
    	at org.junit.platform.engine.support.hierarchical.SameThreadHierarchicalTestExecutorService.submit(SameThreadHierarchicalTestExecutorService.java:32)
    	at org.junit.platform.engine.support.hierarchical.HierarchicalTestExecutor.execute(HierarchicalTestExecutor.java:57)
    	at org.junit.platform.engine.support.hierarchical.HierarchicalTestEngine.execute(HierarchicalTestEngine.java:51)
    	at org.junit.platform.launcher.core.EngineExecutionOrchestrator.execute(EngineExecutionOrchestrator.java:108)
    	at org.junit.platform.launcher.core.EngineExecutionOrchestrator.execute(EngineExecutionOrchestrator.java:88)
    	at org.junit.platform.launcher.core.EngineExecutionOrchestrator.lambda$execute$0(EngineExecutionOrchestrator.java:54)
    	at org.junit.platform.launcher.core.EngineExecutionOrchestrator.withInterceptedStreams(EngineExecutionOrchestrator.java:67)
    	at org.junit.platform.launcher.core.EngineExecutionOrchestrator.execute(EngineExecutionOrchestrator.java:52)
    	at org.junit.platform.launcher.core.DefaultLauncher.execute(DefaultLauncher.java:96)
    	at org.junit.platform.launcher.core.DefaultLauncher.execute(DefaultLauncher.java:75)
    	at org.gradle.api.internal.tasks.testing.junitplatform.JUnitPlatformTestClassProcessor$CollectAllTestClassesExecutor.processAllTestClasses(JUnitPlatformTestClassProcessor.java:99)
    	at org.gradle.api.internal.tasks.testing.junitplatform.JUnitPlatformTestClassProcessor$CollectAllTestClassesExecutor.access$000(JUnitPlatformTestClassProcessor.java:79)
    	at org.gradle.api.internal.tasks.testing.junitplatform.JUnitPlatformTestClassProcessor.stop(JUnitPlatformTestClassProcessor.java:75)
    	at org.gradle.api.internal.tasks.testing.SuiteTestClassProcessor.stop(SuiteTestClassProcessor.java:61)
    	at java.base/jdk.internal.reflect.NativeMethodAccessorImpl.invoke0(Native Method)
    	at java.base/jdk.internal.reflect.NativeMethodAccessorImpl.invoke(NativeMethodAccessorImpl.java:77)
    	at java.base/jdk.internal.reflect.DelegatingMethodAccessorImpl.invoke(DelegatingMethodAccessorImpl.java:43)
    	at java.base/java.lang.reflect.Method.invoke(Method.java:568)
    	at org.gradle.internal.dispatch.ReflectionDispatch.dispatch(ReflectionDispatch.java:36)
    	at org.gradle.internal.dispatch.ReflectionDispatch.dispatch(ReflectionDispatch.java:24)
    	at org.gradle.internal.dispatch.ContextClassLoaderDispatch.dispatch(ContextClassLoaderDispatch.java:33)
    	at org.gradle.internal.dispatch.ProxyDispatchAdapter$DispatchingInvocationHandler.invoke(ProxyDispatchAdapter.java:94)
    	at jdk.proxy1/jdk.proxy1.$Proxy2.stop(Unknown Source)
    	at org.gradle.api.internal.tasks.testing.worker.TestWorker$3.run(TestWorker.java:193)
    	at org.gradle.api.internal.tasks.testing.worker.TestWorker.executeAndMaintainThreadName(TestWorker.java:129)
    	at org.gradle.api.internal.tasks.testing.worker.TestWorker.execute(TestWorker.java:100)
    	at org.gradle.api.internal.tasks.testing.worker.TestWorker.execute(TestWorker.java:60)
    	at org.gradle.process.internal.worker.child.ActionExecutionWorker.execute(ActionExecutionWorker.java:56)
    	at org.gradle.process.internal.worker.child.SystemApplicationClassLoaderWorker.call(SystemApplicationClassLoaderWorker.java:133)
    	at org.gradle.process.internal.worker.child.SystemApplicationClassLoaderWorker.call(SystemApplicationClassLoaderWorker.java:71)
    	at worker.org.gradle.process.internal.worker.GradleWorkerMain.run(GradleWorkerMain.java:69)
    	at worker.org.gradle.process.internal.worker.GradleWorkerMain.main(GradleWorkerMain.java:74)
    java.lang.NullPointerException: Cannot invoke "java.util.List.size()" because "responseList" is null
    	at edu.duke.ece651.team2.client.controller.GeneralController.receiveAllEnrolledSectionAndSetChoice(GeneralController.java:173)
    	at edu.duke.ece651.team2.client.GeneralControllerTest.__CLR4_4_1vd2nnhix(GeneralControllerTest.java:215)
    	at edu.duke.ece651.team2.client.GeneralControllerTest.testReceiveAllEnrolledSectionAndSetChoice(GeneralControllerTest.java:201)
    	at java.base/jdk.internal.reflect.NativeMethodAccessorImpl.invoke0(Native Method)
    	at java.base/jdk.internal.reflect.NativeMethodAccessorImpl.invoke(NativeMethodAccessorImpl.java:77)
    	at java.base/jdk.internal.reflect.DelegatingMethodAccessorImpl.invoke(DelegatingMethodAccessorImpl.java:43)
    	at java.base/java.lang.reflect.Method.invoke(Method.java:568)
    	at org.junit.platform.commons.util.ReflectionUtils.invokeMethod(ReflectionUtils.java:688)
    	at org.junit.jupiter.engine.execution.MethodInvocation.proceed(MethodInvocation.java:60)
    	at org.junit.jupiter.engine.execution.InvocationInterceptorChain$ValidatingInvocation.proceed(InvocationInterceptorChain.java:131)
    	at org.junit.jupiter.engine.extension.TimeoutExtension.intercept(TimeoutExtension.java:149)
    	at org.junit.jupiter.engine.extension.TimeoutExtension.interceptTestableMethod(TimeoutExtension.java:140)
    	at org.junit.jupiter.engine.extension.TimeoutExtension.interceptTestMethod(TimeoutExtension.java:84)
    	at org.junit.jupiter.engine.execution.ExecutableInvoker$ReflectiveInterceptorCall.lambda$ofVoidMethod$0(ExecutableInvoker.java:115)
    	at org.junit.jupiter.engine.execution.ExecutableInvoker.lambda$invoke$0(ExecutableInvoker.java:105)
    	at org.junit.jupiter.engine.execution.InvocationInterceptorChain$InterceptedInvocation.proceed(InvocationInterceptorChain.java:106)
    	at org.junit.jupiter.engine.execution.InvocationInterceptorChain.proceed(InvocationInterceptorChain.java:64)
    	at org.junit.jupiter.engine.execution.InvocationInterceptorChain.chainAndInvoke(InvocationInterceptorChain.java:45)
    	at org.junit.jupiter.engine.execution.InvocationInterceptorChain.invoke(InvocationInterceptorChain.java:37)
    	at org.junit.jupiter.engine.execution.ExecutableInvoker.invoke(ExecutableInvoker.java:104)
    	at org.junit.jupiter.engine.execution.ExecutableInvoker.invoke(ExecutableInvoker.java:98)
    	at org.junit.jupiter.engine.descriptor.TestMethodTestDescriptor.lambda$invokeTestMethod$6(TestMethodTestDescriptor.java:210)
    	at org.junit.platform.engine.support.hierarchical.ThrowableCollector.execute(ThrowableCollector.java:73)
    	at org.junit.jupiter.engine.descriptor.TestMethodTestDescriptor.invokeTestMethod(TestMethodTestDescriptor.java:206)
    	at org.junit.jupiter.engine.descriptor.TestMethodTestDescriptor.execute(TestMethodTestDescriptor.java:131)
    	at org.junit.jupiter.engine.descriptor.TestMethodTestDescriptor.execute(TestMethodTestDescriptor.java:65)
    	at org.junit.platform.engine.support.hierarchical.NodeTestTask.lambda$executeRecursively$5(NodeTestTask.java:139)
    	at org.junit.platform.engine.support.hierarchical.ThrowableCollector.execute(ThrowableCollector.java:73)
    	at org.junit.platform.engine.support.hierarchical.NodeTestTask.lambda$executeRecursively$7(NodeTestTask.java:129)
    	at org.junit.platform.engine.support.hierarchical.Node.around(Node.java:137)
    	at org.junit.platform.engine.support.hierarchical.NodeTestTask.lambda$executeRecursively$8(NodeTestTask.java:127)
    	at org.junit.platform.engine.support.hierarchical.ThrowableCollector.execute(ThrowableCollector.java:73)
    	at org.junit.platform.engine.support.hierarchical.NodeTestTask.executeRecursively(NodeTestTask.java:126)
    	at org.junit.platform.engine.support.hierarchical.NodeTestTask.execute(NodeTestTask.java:84)
    	at java.base/java.util.ArrayList.forEach(ArrayList.java:1511)
    	at org.junit.platform.engine.support.hierarchical.SameThreadHierarchicalTestExecutorService.invokeAll(SameThreadHierarchicalTestExecutorService.java:38)
    	at org.junit.platform.engine.support.hierarchical.NodeTestTask.lambda$executeRecursively$5(NodeTestTask.java:143)
    	at org.junit.platform.engine.support.hierarchical.ThrowableCollector.execute(ThrowableCollector.java:73)
    	at org.junit.platform.engine.support.hierarchical.NodeTestTask.lambda$executeRecursively$7(NodeTestTask.java:129)
    	at org.junit.platform.engine.support.hierarchical.Node.around(Node.java:137)
    	at org.junit.platform.engine.support.hierarchical.NodeTestTask.lambda$executeRecursively$8(NodeTestTask.java:127)
    	at org.junit.platform.engine.support.hierarchical.ThrowableCollector.execute(ThrowableCollector.java:73)
    	at org.junit.platform.engine.support.hierarchical.NodeTestTask.executeRecursively(NodeTestTask.java:126)
    	at org.junit.platform.engine.support.hierarchical.NodeTestTask.execute(NodeTestTask.java:84)
    	at java.base/java.util.ArrayList.forEach(ArrayList.java:1511)
    	at org.junit.platform.engine.support.hierarchical.SameThreadHierarchicalTestExecutorService.invokeAll(SameThreadHierarchicalTestExecutorService.java:38)
    	at org.junit.platform.engine.support.hierarchical.NodeTestTask.lambda$executeRecursively$5(NodeTestTask.java:143)
    	at org.junit.platform.engine.support.hierarchical.ThrowableCollector.execute(ThrowableCollector.java:73)
    	at org.junit.platform.engine.support.hierarchical.NodeTestTask.lambda$executeRecursively$7(NodeTestTask.java:129)
    	at org.junit.platform.engine.support.hierarchical.Node.around(Node.java:137)
    	at org.junit.platform.engine.support.hierarchical.NodeTestTask.lambda$executeRecursively$8(NodeTestTask.java:127)
    	at org.junit.platform.engine.support.hierarchical.ThrowableCollector.execute(ThrowableCollector.java:73)
    	at org.junit.platform.engine.support.hierarchical.NodeTestTask.executeRecursively(NodeTestTask.java:126)
    	at org.junit.platform.engine.support.hierarchical.NodeTestTask.execute(NodeTestTask.java:84)
    	at org.junit.platform.engine.support.hierarchical.SameThreadHierarchicalTestExecutorService.submit(SameThreadHierarchicalTestExecutorService.java:32)
    	at org.junit.platform.engine.support.hierarchical.HierarchicalTestExecutor.execute(HierarchicalTestExecutor.java:57)
    	at org.junit.platform.engine.support.hierarchical.HierarchicalTestEngine.execute(HierarchicalTestEngine.java:51)
    	at org.junit.platform.launcher.core.EngineExecutionOrchestrator.execute(EngineExecutionOrchestrator.java:108)
    	at org.junit.platform.launcher.core.EngineExecutionOrchestrator.execute(EngineExecutionOrchestrator.java:88)
    	at org.junit.platform.launcher.core.EngineExecutionOrchestrator.lambda$execute$0(EngineExecutionOrchestrator.java:54)
    	at org.junit.platform.launcher.core.EngineExecutionOrchestrator.withInterceptedStreams(EngineExecutionOrchestrator.java:67)
    	at org.junit.platform.launcher.core.EngineExecutionOrchestrator.execute(EngineExecutionOrchestrator.java:52)
    	at org.junit.platform.launcher.core.DefaultLauncher.execute(DefaultLauncher.java:96)
    	at org.junit.platform.launcher.core.DefaultLauncher.execute(DefaultLauncher.java:75)
    	at org.gradle.api.internal.tasks.testing.junitplatform.JUnitPlatformTestClassProcessor$CollectAllTestClassesExecutor.processAllTestClasses(JUnitPlatformTestClassProcessor.java:99)
    	at org.gradle.api.internal.tasks.testing.junitplatform.JUnitPlatformTestClassProcessor$CollectAllTestClassesExecutor.access$000(JUnitPlatformTestClassProcessor.java:79)
    	at org.gradle.api.internal.tasks.testing.junitplatform.JUnitPlatformTestClassProcessor.stop(JUnitPlatformTestClassProcessor.java:75)
    	at org.gradle.api.internal.tasks.testing.SuiteTestClassProcessor.stop(SuiteTestClassProcessor.java:61)
    	at java.base/jdk.internal.reflect.NativeMethodAccessorImpl.invoke0(Native Method)
    	at java.base/jdk.internal.reflect.NativeMethodAccessorImpl.invoke(NativeMethodAccessorImpl.java:77)
    	at java.base/jdk.internal.reflect.DelegatingMethodAccessorImpl.invoke(DelegatingMethodAccessorImpl.java:43)
    	at java.base/java.lang.reflect.Method.invoke(Method.java:568)
    	at org.gradle.internal.dispatch.ReflectionDispatch.dispatch(ReflectionDispatch.java:36)
    	at org.gradle.internal.dispatch.ReflectionDispatch.dispatch(ReflectionDispatch.java:24)
    	at org.gradle.internal.dispatch.ContextClassLoaderDispatch.dispatch(ContextClassLoaderDispatch.java:33)
    	at org.gradle.internal.dispatch.ProxyDispatchAdapter$DispatchingInvocationHandler.invoke(ProxyDispatchAdapter.java:94)
    	at jdk.proxy1/jdk.proxy1.$Proxy2.stop(Unknown Source)
    	at org.gradle.api.internal.tasks.testing.worker.TestWorker$3.run(TestWorker.java:193)
    	at org.gradle.api.internal.tasks.testing.worker.TestWorker.executeAndMaintainThreadName(TestWorker.java:129)
    	at org.gradle.api.internal.tasks.testing.worker.TestWorker.execute(TestWorker.java:100)
    	at org.gradle.api.internal.tasks.testing.worker.TestWorker.execute(TestWorker.java:60)
    	at org.gradle.process.internal.worker.child.ActionExecutionWorker.execute(ActionExecutionWorker.java:56)
    	at org.gradle.process.internal.worker.child.SystemApplicationClassLoaderWorker.call(SystemApplicationClassLoaderWorker.java:133)
    	at org.gradle.process.internal.worker.child.SystemApplicationClassLoaderWorker.call(SystemApplicationClassLoaderWorker.java:71)
    	at worker.org.gradle.process.internal.worker.GradleWorkerMain.run(GradleWorkerMain.java:69)
    	at worker.org.gradle.process.internal.worker.GradleWorkerMain.main(GradleWorkerMain.java:74)
GeneralControllerTest > testGenerateSectionAttendanceReport() STANDARD_OUT
    Waiting for the exported file...
    generateSectionAttendanceReport function test
    Write successfully!
GeneralControllerTest > testChangeEmailPref() STANDARD_OUT
    Check Course Subscription Status...
    Check Course Subscription Status...
GeneralControllerTest > testChangeEmailPref() STANDARD_ERROR
    java.io.EOFException
    	at java.base/java.io.ObjectInputStream$BlockDataInputStream.peekByte(ObjectInputStream.java:3214)
    	at java.base/java.io.ObjectInputStream.readObject0(ObjectInputStream.java:1684)
    	at java.base/java.io.ObjectInputStream.readObject(ObjectInputStream.java:509)
    	at java.base/java.io.ObjectInputStream.readObject(ObjectInputStream.java:467)
    	at edu.duke.ece651.team2.client.controller.GeneralController.changeEmailPreferences(GeneralController.java:218)
    	at edu.duke.ece651.team2.client.GeneralControllerTest.__CLR4_4_14pvb5ojz(GeneralControllerTest.java:277)
    	at edu.duke.ece651.team2.client.GeneralControllerTest.testChangeEmailPref(GeneralControllerTest.java:260)
    	at java.base/jdk.internal.reflect.NativeMethodAccessorImpl.invoke0(Native Method)
    	at java.base/jdk.internal.reflect.NativeMethodAccessorImpl.invoke(NativeMethodAccessorImpl.java:77)
    	at java.base/jdk.internal.reflect.DelegatingMethodAccessorImpl.invoke(DelegatingMethodAccessorImpl.java:43)
    	at java.base/java.lang.reflect.Method.invoke(Method.java:568)
    	at org.junit.platform.commons.util.ReflectionUtils.invokeMethod(ReflectionUtils.java:688)
    	at org.junit.jupiter.engine.execution.MethodInvocation.proceed(MethodInvocation.java:60)
    	at org.junit.jupiter.engine.execution.InvocationInterceptorChain$ValidatingInvocation.proceed(InvocationInterceptorChain.java:131)
    	at org.junit.jupiter.engine.extension.TimeoutExtension.intercept(TimeoutExtension.java:149)
    	at org.junit.jupiter.engine.extension.TimeoutExtension.interceptTestableMethod(TimeoutExtension.java:140)
    	at org.junit.jupiter.engine.extension.TimeoutExtension.interceptTestMethod(TimeoutExtension.java:84)
    	at org.junit.jupiter.engine.execution.ExecutableInvoker$ReflectiveInterceptorCall.lambda$ofVoidMethod$0(ExecutableInvoker.java:115)
    	at org.junit.jupiter.engine.execution.ExecutableInvoker.lambda$invoke$0(ExecutableInvoker.java:105)
    	at org.junit.jupiter.engine.execution.InvocationInterceptorChain$InterceptedInvocation.proceed(InvocationInterceptorChain.java:106)
    	at org.junit.jupiter.engine.execution.InvocationInterceptorChain.proceed(InvocationInterceptorChain.java:64)
    	at org.junit.jupiter.engine.execution.InvocationInterceptorChain.chainAndInvoke(InvocationInterceptorChain.java:45)
    	at org.junit.jupiter.engine.execution.InvocationInterceptorChain.invoke(InvocationInterceptorChain.java:37)
    	at org.junit.jupiter.engine.execution.ExecutableInvoker.invoke(ExecutableInvoker.java:104)
    	at org.junit.jupiter.engine.execution.ExecutableInvoker.invoke(ExecutableInvoker.java:98)
    	at org.junit.jupiter.engine.descriptor.TestMethodTestDescriptor.lambda$invokeTestMethod$6(TestMethodTestDescriptor.java:210)
    	at org.junit.platform.engine.support.hierarchical.ThrowableCollector.execute(ThrowableCollector.java:73)
    	at org.junit.jupiter.engine.descriptor.TestMethodTestDescriptor.invokeTestMethod(TestMethodTestDescriptor.java:206)
    	at org.junit.jupiter.engine.descriptor.TestMethodTestDescriptor.execute(TestMethodTestDescriptor.java:131)
    	at org.junit.jupiter.engine.descriptor.TestMethodTestDescriptor.execute(TestMethodTestDescriptor.java:65)
    	at org.junit.platform.engine.support.hierarchical.NodeTestTask.lambda$executeRecursively$5(NodeTestTask.java:139)
    	at org.junit.platform.engine.support.hierarchical.ThrowableCollector.execute(ThrowableCollector.java:73)
    	at org.junit.platform.engine.support.hierarchical.NodeTestTask.lambda$executeRecursively$7(NodeTestTask.java:129)
    	at org.junit.platform.engine.support.hierarchical.Node.around(Node.java:137)
    	at org.junit.platform.engine.support.hierarchical.NodeTestTask.lambda$executeRecursively$8(NodeTestTask.java:127)
    	at org.junit.platform.engine.support.hierarchical.ThrowableCollector.execute(ThrowableCollector.java:73)
    	at org.junit.platform.engine.support.hierarchical.NodeTestTask.executeRecursively(NodeTestTask.java:126)
    	at org.junit.platform.engine.support.hierarchical.NodeTestTask.execute(NodeTestTask.java:84)
    	at java.base/java.util.ArrayList.forEach(ArrayList.java:1511)
    	at org.junit.platform.engine.support.hierarchical.SameThreadHierarchicalTestExecutorService.invokeAll(SameThreadHierarchicalTestExecutorService.java:38)
    	at org.junit.platform.engine.support.hierarchical.NodeTestTask.lambda$executeRecursively$5(NodeTestTask.java:143)
    	at org.junit.platform.engine.support.hierarchical.ThrowableCollector.execute(ThrowableCollector.java:73)
    	at org.junit.platform.engine.support.hierarchical.NodeTestTask.lambda$executeRecursively$7(NodeTestTask.java:129)
    	at org.junit.platform.engine.support.hierarchical.Node.around(Node.java:137)
    	at org.junit.platform.engine.support.hierarchical.NodeTestTask.lambda$executeRecursively$8(NodeTestTask.java:127)
    	at org.junit.platform.engine.support.hierarchical.ThrowableCollector.execute(ThrowableCollector.java:73)
    	at org.junit.platform.engine.support.hierarchical.NodeTestTask.executeRecursively(NodeTestTask.java:126)
    	at org.junit.platform.engine.support.hierarchical.NodeTestTask.execute(NodeTestTask.java:84)
    	at java.base/java.util.ArrayList.forEach(ArrayList.java:1511)
    	at org.junit.platform.engine.support.hierarchical.SameThreadHierarchicalTestExecutorService.invokeAll(SameThreadHierarchicalTestExecutorService.java:38)
    	at org.junit.platform.engine.support.hierarchical.NodeTestTask.lambda$executeRecursively$5(NodeTestTask.java:143)
    	at org.junit.platform.engine.support.hierarchical.ThrowableCollector.execute(ThrowableCollector.java:73)
    	at org.junit.platform.engine.support.hierarchical.NodeTestTask.lambda$executeRecursively$7(NodeTestTask.java:129)
    	at org.junit.platform.engine.support.hierarchical.Node.around(Node.java:137)
    	at org.junit.platform.engine.support.hierarchical.NodeTestTask.lambda$executeRecursively$8(NodeTestTask.java:127)
    	at org.junit.platform.engine.support.hierarchical.ThrowableCollector.execute(ThrowableCollector.java:73)
    	at org.junit.platform.engine.support.hierarchical.NodeTestTask.executeRecursively(NodeTestTask.java:126)
    	at org.junit.platform.engine.support.hierarchical.NodeTestTask.execute(NodeTestTask.java:84)
    	at org.junit.platform.engine.support.hierarchical.SameThreadHierarchicalTestExecutorService.submit(SameThreadHierarchicalTestExecutorService.java:32)
    	at org.junit.platform.engine.support.hierarchical.HierarchicalTestExecutor.execute(HierarchicalTestExecutor.java:57)
    	at org.junit.platform.engine.support.hierarchical.HierarchicalTestEngine.execute(HierarchicalTestEngine.java:51)
    	at org.junit.platform.launcher.core.EngineExecutionOrchestrator.execute(EngineExecutionOrchestrator.java:108)
    	at org.junit.platform.launcher.core.EngineExecutionOrchestrator.execute(EngineExecutionOrchestrator.java:88)
    	at org.junit.platform.launcher.core.EngineExecutionOrchestrator.lambda$execute$0(EngineExecutionOrchestrator.java:54)
    	at org.junit.platform.launcher.core.EngineExecutionOrchestrator.withInterceptedStreams(EngineExecutionOrchestrator.java:67)
    	at org.junit.platform.launcher.core.EngineExecutionOrchestrator.execute(EngineExecutionOrchestrator.java:52)
    	at org.junit.platform.launcher.core.DefaultLauncher.execute(DefaultLauncher.java:96)
    	at org.junit.platform.launcher.core.DefaultLauncher.execute(DefaultLauncher.java:75)
    	at org.gradle.api.internal.tasks.testing.junitplatform.JUnitPlatformTestClassProcessor$CollectAllTestClassesExecutor.processAllTestClasses(JUnitPlatformTestClassProcessor.java:99)
    	at org.gradle.api.internal.tasks.testing.junitplatform.JUnitPlatformTestClassProcessor$CollectAllTestClassesExecutor.access$000(JUnitPlatformTestClassProcessor.java:79)
    	at org.gradle.api.internal.tasks.testing.junitplatform.JUnitPlatformTestClassProcessor.stop(JUnitPlatformTestClassProcessor.java:75)
    	at org.gradle.api.internal.tasks.testing.SuiteTestClassProcessor.stop(SuiteTestClassProcessor.java:61)
    	at java.base/jdk.internal.reflect.NativeMethodAccessorImpl.invoke0(Native Method)
    	at java.base/jdk.internal.reflect.NativeMethodAccessorImpl.invoke(NativeMethodAccessorImpl.java:77)
    	at java.base/jdk.internal.reflect.DelegatingMethodAccessorImpl.invoke(DelegatingMethodAccessorImpl.java:43)
    	at java.base/java.lang.reflect.Method.invoke(Method.java:568)
    	at org.gradle.internal.dispatch.ReflectionDispatch.dispatch(ReflectionDispatch.java:36)
    	at org.gradle.internal.dispatch.ReflectionDispatch.dispatch(ReflectionDispatch.java:24)
    	at org.gradle.internal.dispatch.ContextClassLoaderDispatch.dispatch(ContextClassLoaderDispatch.java:33)
    	at org.gradle.internal.dispatch.ProxyDispatchAdapter$DispatchingInvocationHandler.invoke(ProxyDispatchAdapter.java:94)
    	at jdk.proxy1/jdk.proxy1.$Proxy2.stop(Unknown Source)
    	at org.gradle.api.internal.tasks.testing.worker.TestWorker$3.run(TestWorker.java:193)
    	at org.gradle.api.internal.tasks.testing.worker.TestWorker.executeAndMaintainThreadName(TestWorker.java:129)
    	at org.gradle.api.internal.tasks.testing.worker.TestWorker.execute(TestWorker.java:100)
    	at org.gradle.api.internal.tasks.testing.worker.TestWorker.execute(TestWorker.java:60)
    	at org.gradle.process.internal.worker.child.ActionExecutionWorker.execute(ActionExecutionWorker.java:56)
    	at org.gradle.process.internal.worker.child.SystemApplicationClassLoaderWorker.call(SystemApplicationClassLoaderWorker.java:133)
    	at org.gradle.process.internal.worker.child.SystemApplicationClassLoaderWorker.call(SystemApplicationClassLoaderWorker.java:71)
    	at worker.org.gradle.process.internal.worker.GradleWorkerMain.run(GradleWorkerMain.java:69)
    	at worker.org.gradle.process.internal.worker.GradleWorkerMain.main(GradleWorkerMain.java:74)
GeneralControllerTest > testChangeEmailPref() STANDARD_OUT
    Check Course Subscription Status...
GeneralControllerTest > testReceiveAllStudentInfoByLectureIdForRecord() STANDARD_OUT
    Below are all students and their attendance status for this lecture,  please record their attendances in turn.
GeneralControllerTest > testReceiveAllStudentInfoByLectureIdForRecord() STANDARD_ERROR
    com.fasterxml.jackson.core.JsonParseException: Unrecognized token 'ReceiveAllStudentInfoByLectureIdForRecord': was expecting ('true', 'false' or 'null')
     at [Source: ReceiveAllStudentInfoByLectureIdForRecord; line: 1, column: 83]
    	at com.fasterxml.jackson.core.JsonParser._constructError(JsonParser.java:1702)
    	at com.fasterxml.jackson.core.base.ParserMinimalBase._reportError(ParserMinimalBase.java:558)
    	at com.fasterxml.jackson.core.json.ReaderBasedJsonParser._reportInvalidToken(ReaderBasedJsonParser.java:2839)
    	at com.fasterxml.jackson.core.json.ReaderBasedJsonParser._handleOddValue(ReaderBasedJsonParser.java:1903)
    	at com.fasterxml.jackson.core.json.ReaderBasedJsonParser.nextToken(ReaderBasedJsonParser.java:749)
    	at com.fasterxml.jackson.databind.ObjectMapper._initForReading(ObjectMapper.java:3850)
    	at com.fasterxml.jackson.databind.ObjectMapper._readMapAndClose(ObjectMapper.java:3799)
    	at com.fasterxml.jackson.databind.ObjectMapper.readValue(ObjectMapper.java:2877)
    	at edu.duke.ece651.team2.client.controller.GeneralController.getResponseList(GeneralController.java:159)
    	at edu.duke.ece651.team2.client.controller.GeneralController.receiveAllStudentInfoByLectureIdForRecord(GeneralController.java:237)
    	at edu.duke.ece651.team2.client.GeneralControllerTest.__CLR4_4_1jyf22gkp(GeneralControllerTest.java:312)
    	at edu.duke.ece651.team2.client.GeneralControllerTest.testReceiveAllStudentInfoByLectureIdForRecord(GeneralControllerTest.java:298)
    	at java.base/jdk.internal.reflect.NativeMethodAccessorImpl.invoke0(Native Method)
    	at java.base/jdk.internal.reflect.NativeMethodAccessorImpl.invoke(NativeMethodAccessorImpl.java:77)
    	at java.base/jdk.internal.reflect.DelegatingMethodAccessorImpl.invoke(DelegatingMethodAccessorImpl.java:43)
    	at java.base/java.lang.reflect.Method.invoke(Method.java:568)
    	at org.junit.platform.commons.util.ReflectionUtils.invokeMethod(ReflectionUtils.java:688)
    	at org.junit.jupiter.engine.execution.MethodInvocation.proceed(MethodInvocation.java:60)
    	at org.junit.jupiter.engine.execution.InvocationInterceptorChain$ValidatingInvocation.proceed(InvocationInterceptorChain.java:131)
    	at org.junit.jupiter.engine.extension.TimeoutExtension.intercept(TimeoutExtension.java:149)
    	at org.junit.jupiter.engine.extension.TimeoutExtension.interceptTestableMethod(TimeoutExtension.java:140)
    	at org.junit.jupiter.engine.extension.TimeoutExtension.interceptTestMethod(TimeoutExtension.java:84)
    	at org.junit.jupiter.engine.execution.ExecutableInvoker$ReflectiveInterceptorCall.lambda$ofVoidMethod$0(ExecutableInvoker.java:115)
    	at org.junit.jupiter.engine.execution.ExecutableInvoker.lambda$invoke$0(ExecutableInvoker.java:105)
    	at org.junit.jupiter.engine.execution.InvocationInterceptorChain$InterceptedInvocation.proceed(InvocationInterceptorChain.java:106)
    	at org.junit.jupiter.engine.execution.InvocationInterceptorChain.proceed(InvocationInterceptorChain.java:64)
    	at org.junit.jupiter.engine.execution.InvocationInterceptorChain.chainAndInvoke(InvocationInterceptorChain.java:45)
    	at org.junit.jupiter.engine.execution.InvocationInterceptorChain.invoke(InvocationInterceptorChain.java:37)
    	at org.junit.jupiter.engine.execution.ExecutableInvoker.invoke(ExecutableInvoker.java:104)
    	at org.junit.jupiter.engine.execution.ExecutableInvoker.invoke(ExecutableInvoker.java:98)
    	at org.junit.jupiter.engine.descriptor.TestMethodTestDescriptor.lambda$invokeTestMethod$6(TestMethodTestDescriptor.java:210)
    	at org.junit.platform.engine.support.hierarchical.ThrowableCollector.execute(ThrowableCollector.java:73)
    	at org.junit.jupiter.engine.descriptor.TestMethodTestDescriptor.invokeTestMethod(TestMethodTestDescriptor.java:206)
    	at org.junit.jupiter.engine.descriptor.TestMethodTestDescriptor.execute(TestMethodTestDescriptor.java:131)
    	at org.junit.jupiter.engine.descriptor.TestMethodTestDescriptor.execute(TestMethodTestDescriptor.java:65)
    	at org.junit.platform.engine.support.hierarchical.NodeTestTask.lambda$executeRecursively$5(NodeTestTask.java:139)
    	at org.junit.platform.engine.support.hierarchical.ThrowableCollector.execute(ThrowableCollector.java:73)
    	at org.junit.platform.engine.support.hierarchical.NodeTestTask.lambda$executeRecursively$7(NodeTestTask.java:129)
    	at org.junit.platform.engine.support.hierarchical.Node.around(Node.java:137)
    	at org.junit.platform.engine.support.hierarchical.NodeTestTask.lambda$executeRecursively$8(NodeTestTask.java:127)
    	at org.junit.platform.engine.support.hierarchical.ThrowableCollector.execute(ThrowableCollector.java:73)
    	at org.junit.platform.engine.support.hierarchical.NodeTestTask.executeRecursively(NodeTestTask.java:126)
    	at org.junit.platform.engine.support.hierarchical.NodeTestTask.execute(NodeTestTask.java:84)
    	at java.base/java.util.ArrayList.forEach(ArrayList.java:1511)
    	at org.junit.platform.engine.support.hierarchical.SameThreadHierarchicalTestExecutorService.invokeAll(SameThreadHierarchicalTestExecutorService.java:38)
    	at org.junit.platform.engine.support.hierarchical.NodeTestTask.lambda$executeRecursively$5(NodeTestTask.java:143)
    	at org.junit.platform.engine.support.hierarchical.ThrowableCollector.execute(ThrowableCollector.java:73)
    	at org.junit.platform.engine.support.hierarchical.NodeTestTask.lambda$executeRecursively$7(NodeTestTask.java:129)
    	at org.junit.platform.engine.support.hierarchical.Node.around(Node.java:137)
    	at org.junit.platform.engine.support.hierarchical.NodeTestTask.lambda$executeRecursively$8(NodeTestTask.java:127)
    	at org.junit.platform.engine.support.hierarchical.ThrowableCollector.execute(ThrowableCollector.java:73)
    	at org.junit.platform.engine.support.hierarchical.NodeTestTask.executeRecursively(NodeTestTask.java:126)
    	at org.junit.platform.engine.support.hierarchical.NodeTestTask.execute(NodeTestTask.java:84)
    	at java.base/java.util.ArrayList.forEach(ArrayList.java:1511)
    	at org.junit.platform.engine.support.hierarchical.SameThreadHierarchicalTestExecutorService.invokeAll(SameThreadHierarchicalTestExecutorService.java:38)
    	at org.junit.platform.engine.support.hierarchical.NodeTestTask.lambda$executeRecursively$5(NodeTestTask.java:143)
    	at org.junit.platform.engine.support.hierarchical.ThrowableCollector.execute(ThrowableCollector.java:73)
    	at org.junit.platform.engine.support.hierarchical.NodeTestTask.lambda$executeRecursively$7(NodeTestTask.java:129)
    	at org.junit.platform.engine.support.hierarchical.Node.around(Node.java:137)
    	at org.junit.platform.engine.support.hierarchical.NodeTestTask.lambda$executeRecursively$8(NodeTestTask.java:127)
    	at org.junit.platform.engine.support.hierarchical.ThrowableCollector.execute(ThrowableCollector.java:73)
    	at org.junit.platform.engine.support.hierarchical.NodeTestTask.executeRecursively(NodeTestTask.java:126)
    	at org.junit.platform.engine.support.hierarchical.NodeTestTask.execute(NodeTestTask.java:84)
    	at org.junit.platform.engine.support.hierarchical.SameThreadHierarchicalTestExecutorService.submit(SameThreadHierarchicalTestExecutorService.java:32)
    	at org.junit.platform.engine.support.hierarchical.HierarchicalTestExecutor.execute(HierarchicalTestExecutor.java:57)
    	at org.junit.platform.engine.support.hierarchical.HierarchicalTestEngine.execute(HierarchicalTestEngine.java:51)
    	at org.junit.platform.launcher.core.EngineExecutionOrchestrator.execute(EngineExecutionOrchestrator.java:108)
    	at org.junit.platform.launcher.core.EngineExecutionOrchestrator.execute(EngineExecutionOrchestrator.java:88)
    	at org.junit.platform.launcher.core.EngineExecutionOrchestrator.lambda$execute$0(EngineExecutionOrchestrator.java:54)
    	at org.junit.platform.launcher.core.EngineExecutionOrchestrator.withInterceptedStreams(EngineExecutionOrchestrator.java:67)
    	at org.junit.platform.launcher.core.EngineExecutionOrchestrator.execute(EngineExecutionOrchestrator.java:52)
    	at org.junit.platform.launcher.core.DefaultLauncher.execute(DefaultLauncher.java:96)
    	at org.junit.platform.launcher.core.DefaultLauncher.execute(DefaultLauncher.java:75)
    	at org.gradle.api.internal.tasks.testing.junitplatform.JUnitPlatformTestClassProcessor$CollectAllTestClassesExecutor.processAllTestClasses(JUnitPlatformTestClassProcessor.java:99)
    	at org.gradle.api.internal.tasks.testing.junitplatform.JUnitPlatformTestClassProcessor$CollectAllTestClassesExecutor.access$000(JUnitPlatformTestClassProcessor.java:79)
    	at org.gradle.api.internal.tasks.testing.junitplatform.JUnitPlatformTestClassProcessor.stop(JUnitPlatformTestClassProcessor.java:75)
    	at org.gradle.api.internal.tasks.testing.SuiteTestClassProcessor.stop(SuiteTestClassProcessor.java:61)
    	at java.base/jdk.internal.reflect.NativeMethodAccessorImpl.invoke0(Native Method)
    	at java.base/jdk.internal.reflect.NativeMethodAccessorImpl.invoke(NativeMethodAccessorImpl.java:77)
    	at java.base/jdk.internal.reflect.DelegatingMethodAccessorImpl.invoke(DelegatingMethodAccessorImpl.java:43)
    	at java.base/java.lang.reflect.Method.invoke(Method.java:568)
    	at org.gradle.internal.dispatch.ReflectionDispatch.dispatch(ReflectionDispatch.java:36)
    	at org.gradle.internal.dispatch.ReflectionDispatch.dispatch(ReflectionDispatch.java:24)
    	at org.gradle.internal.dispatch.ContextClassLoaderDispatch.dispatch(ContextClassLoaderDispatch.java:33)
    	at org.gradle.internal.dispatch.ProxyDispatchAdapter$DispatchingInvocationHandler.invoke(ProxyDispatchAdapter.java:94)
    	at jdk.proxy1/jdk.proxy1.$Proxy2.stop(Unknown Source)
    	at org.gradle.api.internal.tasks.testing.worker.TestWorker$3.run(TestWorker.java:193)
    	at org.gradle.api.internal.tasks.testing.worker.TestWorker.executeAndMaintainThreadName(TestWorker.java:129)
    	at org.gradle.api.internal.tasks.testing.worker.TestWorker.execute(TestWorker.java:100)
    	at org.gradle.api.internal.tasks.testing.worker.TestWorker.execute(TestWorker.java:60)
    	at org.gradle.process.internal.worker.child.ActionExecutionWorker.execute(ActionExecutionWorker.java:56)
    	at org.gradle.process.internal.worker.child.SystemApplicationClassLoaderWorker.call(SystemApplicationClassLoaderWorker.java:133)
    	at org.gradle.process.internal.worker.child.SystemApplicationClassLoaderWorker.call(SystemApplicationClassLoaderWorker.java:71)
    	at worker.org.gradle.process.internal.worker.GradleWorkerMain.run(GradleWorkerMain.java:69)
    	at worker.org.gradle.process.internal.worker.GradleWorkerMain.main(GradleWorkerMain.java:74)
19 tests completed, 5 failed
> Task :client:test FAILED
FAILURE: Build failed with an exception.
* What went wrong:
Execution failed for task ':client:test'.
> There were failing tests. See the report at: file:///home/juser/client/build/reports/tests/test/index.html
* Try:
> Run with --stacktrace option to get the stack trace.
> Run with --info or --debug option to get more log output.
> Run with --scan to get full insights.
* Get more help at https://help.gradle.org
Deprecated Gradle features were used in this build, making it incompatible with Gradle 8.0.
You can use '--warning-mode all' to show the individual deprecation warnings and determine if they come from your own scripts or plugins.
See https://docs.gradle.org/7.3.3/userguide/command_line_interface.html#sec:command_line_warnings
BUILD FAILED in 28s
23 actionable tasks: 5 executed, 18 up-to-date